Log file open, 05/18/15 13:20:14
LogInit:Display: Running engine for game: Tuts
LogInit: Version: 4.7.6-2513093+++depot+UE4-Releases+4.7
LogInit: API Version: 2455222
LogInit: Compiled (64-bit): Apr 15 2015 12:09:54
LogInit: Compiled with Visual C++: 18.00.21005.01
LogInit: Build Configuration: Development
LogInit: Branch Name: ++depot+UE4-Releases+4.7
LogInit: Command line:  
LogInit: Base directory: C:/Program Files/Epic Games/4.7/Engine/Binaries/Win64/
LogInit: Rocket: 1
[2015.05.18-03.20.14:021][  0]LogTaskGraph: Started task graph with 3 named threads and 6 total threads.
[2015.05.18-03.20.14:080][  0]LogOnline:Warning: No default platform service specified for OnlineSubsystem
[2015.05.18-03.20.14:188][  0]LogInit: Presizing for 0 objects not considered by GC, pre-allocating 0 bytes.
[2015.05.18-03.20.14:201][  0]LogInit: Object subsystem initialized
[2015.05.18-03.20.14:210][  0]LogConsoleResponse:Warning: Skipping Unknown console variable: 'TranslucentSortAxis = (X=0.000000,Y=-1.000000,Z=0.000000)'
[2015.05.18-03.20.14:210][  0]LogConsoleResponse:Warning:   Found in ini file 'C:/Users/Terence/Desktop/Tuts/Saved/Config/Windows/Engine.ini', in section '[/Script/Engine.RendererSettings]'
[2015.05.18-03.20.14:210][  0]LogConsoleResponse:Warning: Skipping Unknown console variable: 'UIScaleRule = ShortestSide'
[2015.05.18-03.20.14:210][  0]LogConsoleResponse:Warning:   Found in ini file 'C:/Users/Terence/Desktop/Tuts/Saved/Config/Windows/Engine.ini', in section '[/Script/Engine.RendererSettings]'
[2015.05.18-03.20.14:210][  0]LogConsoleResponse:Warning: Skipping Unknown console variable: 'UIScaleCurve = (EditorCurveData=(Keys=),ExternalCurve=None)'
[2015.05.18-03.20.14:210][  0]LogConsoleResponse:Warning:   Found in ini file 'C:/Users/Terence/Desktop/Tuts/Saved/Config/Windows/Engine.ini', in section '[/Script/Engine.RendererSettings]'
[2015.05.18-03.20.14:215][  0]LogInit: Selected Device Profile: [Windows]
[2015.05.18-03.20.14:215][  0]LogInit: Applying CVar settings loaded from the selected device profile: [Windows]
[2015.05.18-03.20.14:224][  0]LogInit: Computer: T3
[2015.05.18-03.20.14:224][  0]LogInit: User: Terence
[2015.05.18-03.20.14:224][  0]LogInit: CPU Page size=4096, Cores=4
[2015.05.18-03.20.14:224][  0]LogInit: High frequency timer resolution =1.948696 MHz
[2015.05.18-03.20.14:224][  0]LogMemory: Memory total: Physical=7.9GB (8GB approx) Virtual=131072.0GB
[2015.05.18-03.20.14:224][  0]LogMemory: Platform Memory Stats for Windows
[2015.05.18-03.20.14:224][  0]LogMemory: Process Physical Memory: 46.09 MB used, 46.09 MB peak
[2015.05.18-03.20.14:224][  0]LogMemory: Process Virtual Memory: 26.43 MB used, 26.43 MB peak
[2015.05.18-03.20.14:224][  0]LogMemory: Physical Memory: 3214.25 MB used, 8099.76 MB total
[2015.05.18-03.20.14:224][  0]LogMemory: Virtual Memory: 292.70 MB used, 134217728.00 MB total
[2015.05.18-03.20.14:450][  0]LogD3D11RHI: Found D3D11 adapter 0: Intel(R) HD Graphics 3000 (Feature Level 10_0)
[2015.05.18-03.20.14:450][  0]LogD3D11RHI: Adapter has 32MB of dedicated video memory, 0MB of dedicated system memory, and 1632MB of shared system memory, 1 output[s]
[2015.05.18-03.20.14:491][  0]LogD3D11RHI: Found D3D11 adapter 1: Microsoft Basic Render Driver (Feature Level 11_0)
[2015.05.18-03.20.14:492][  0]LogD3D11RHI: Adapter has 0MB of dedicated video memory, 0MB of dedicated system memory, and 256MB of shared system memory, 0 output[s]
[2015.05.18-03.20.14:492][  0]LogD3D11RHI: Chosen D3D11 Adapter Id = 0
[2015.05.18-03.20.14:496][  0]LogRHI: Texture pool is 593 MB (70% of 848 MB)
[2015.05.18-03.20.14:499][  0]LogD3D11RHI: Async texture creation enabled
[2015.05.18-03.20.14:910][  0]LogTextLocalizationManager: The requested culture ('en_AU') has no localization data; parent culture's ('en') localization data will be used.
[2015.05.18-03.20.14:991][  0]LogTextLocalizationManager:Warning: Loading localization resources contain conflicting entries for (Namespace:UICommands, Key:Save_ToolTip):
Resource: (C:/Program Files/Epic Games/4.7/Engine/Content/Localization/Editor/en/Editor.locres) Hash: (-29098895) String: (Saves the current level to disk)
Resource: (C:/Program Files/Epic Games/4.7/Engine/Content/Localization/Engine/en/Engine.locres) Hash: (-1280300587) String: (Save selected data to vlog file)
[2015.05.18-03.20.14:991][  0]LogTextLocalizationManager:Warning: Loading localization resources contain conflicting entries for (Namespace:ContentBrowser, Key:ImportAssetToolTip):
Resource: (C:/Program Files/Epic Games/4.7/Engine/Content/Localization/Editor/en/Editor.locres) Hash: (-630476809) String: (Import to {0}...)
Resource: (C:/Program Files/Epic Games/4.7/Engine/Content/Localization/Editor/en/Editor.locres) Hash: (1271782899) String: (Imports an asset from file to this folder.)
[2015.05.18-03.20.15:093][  0]LogContentStreaming: Texture pool size is 0.000000MB
[2015.05.18-03.20.19:056][  0]LogTargetPlatformManager:Display: Building Assets For Windows
[2015.05.18-03.20.20:293][  0]LogTargetPlatformManager:Display: Building Assets For Windows
[2015.05.18-03.20.20:399][  0]LogDerivedDataCache:Display: Max Cache Size: 512 MB
[2015.05.18-03.20.20:580][  0]LogDerivedDataCache: Loaded boot cache 0.18s 67MB C:/Users/Terence/AppData/Local/UnrealEngine/4.7/DerivedDataCache/Boot.ddc.
[2015.05.18-03.20.20:580][  0]LogDerivedDataCache:Display: Loaded Boot cache: C:/Users/Terence/AppData/Local/UnrealEngine/4.7/DerivedDataCache/Boot.ddc
[2015.05.18-03.20.20:580][  0]LogDerivedDataCache: FDerivedDataBackendGraph:  Pak pak cache file ../../../../../../Users/Terence/Desktop/Tuts/DerivedDataCache/DDC.ddp not found, will not use a pak cache.
[2015.05.18-03.20.20:580][  0]LogDerivedDataCache: Unable to find inner node Pak for hierarchical cache Hierarchy.
[2015.05.18-03.20.20:735][  0]LogDerivedDataCache:Display: Pak cache opened for reading ../../../Engine/DerivedDataCache/Compressed.ddp.
[2015.05.18-03.20.20:748][  0]LogDerivedDataCache: Using Local data cache path C:/Users/Terence/AppData/Local/UnrealEngine/Common/DerivedDataCache: Writable
[2015.05.18-03.20.21:463][  0]LogMeshUtilities: No automatic mesh reduction module available
[2015.05.18-03.20.21:463][  0]LogMeshUtilities: No automatic mesh merging module available
[2015.05.18-03.20.22:104][  0]LogInit: WinSock: version 1.1 (2.2), MaxSocks=32767, MaxUdp=65467
[2015.05.18-03.20.22:348][  0]LogSlate:Warning: Failed to load font data from '../../../Engine/Content/Slate/Fonts/Roboto-Italic.ttf'
[2015.05.18-03.20.24:818][  0]UdpMessaging: Initializing bridge on interface 0.0.0.0:0 to multicast group 230.0.0.1:6666.
[2015.05.18-03.20.25:440][  0]SourceControl: Info Source control is disabled
[2015.05.18-03.20.25:440][  0]SourceControl: Info Source control is disabled
[2015.05.18-03.20.25:440][  0]SourceControl: Info Source control is disabled
[2015.05.18-03.20.25:440][  0]LogSourceControl: RunCommandInternalRaw: 'git version'
[2015.05.18-03.20.25:440][  0]LogSourceControl: RunCommandInternalRaw: ExecProcess ReturnCode=2 OutResults=''
[2015.05.18-03.20.25:452][  0]SourceControl: Info Source control is disabled
[2015.05.18-03.20.26:108][  0]LogObj: 24232 objects as part of root set at end of initial load.
[2015.05.18-03.20.26:108][  0]LogUObjectAllocator: 5137168 out of 0 bytes used by permanent object pool.
[2015.05.18-03.20.26:300][  0]LogEngine: Initializing Engine...
[2015.05.18-03.20.28:557][  0]LogInit: XAudio2 using 'Speakers (High Definition Audio Device)' : 2 channels at 48 kHz using 32 bits per sample (channel mask 0x3)
[2015.05.18-03.20.28:926][  0]LogInit: FAudioDevice initialized.
[2015.05.18-03.20.29:018][  0]LogAIModule: Creating AISystem for world NewWorld
[2015.05.18-03.20.29:053][  0]LogDerivedDataCache: Saved boot cache 0.02s 41MB C:/Users/Terence/AppData/Local/UnrealEngine/4.7/DerivedDataCache/Boot.ddc.
[2015.05.18-03.20.29:061][  0]LogInit: Texture streaming: Enabled
[2015.05.18-03.20.29:250][  0]LogAnalytics: Creating configured Analytics provider AnalyticsET
[2015.05.18-03.20.29:250][  0]LogAnalytics: ET APIKey = Rocket.Release. APIServer = http://et2.epicgames.com/ET2/. AppVersion = 4.7.6-2513093+++depot+UE4-Releases+4.7
[2015.05.18-03.20.29:250][  0]LogAnalytics: ET APIKey = Rocket.Release. DataRouterUploadURL = https://datarouter-public-service-gamedev.ol.epicgames.net/datarouter/api/v1/public/data. AppVersion = 4.7.6-2513093+++depot+UE4-Releases+4.7
[2015.05.18-03.20.29:250][  0]LogAnalytics: SetUserId 807c37ef4c1d0d3606d7dda4ef66696b|1a264fbee5264296bc92ab5688b3a52c|fa110be0-0aa8-412e-ae45-c22b51ce844c
[2015.05.18-03.20.29:251][  0]LogAnalytics: AnalyticsET::StartSession [Rocket.Release]
[2015.05.18-03.20.29:357][  0]LogInit: Transaction tracking system initialized
[2015.05.18-03.20.30:104][  0]BlueprintLog: New page: Editor Load
[2015.05.18-03.20.30:176][  0]LogAssetRegistry: FAssetRegistry took 0.0112 seconds to start up
[2015.05.18-03.20.30:176][  0]LogDirectoryWatcher:Warning: Failed to begin reading directory changes for ../../../Engine/Plugins/Experimental/CharacterAI/Content/. Error: 0
[2015.05.18-03.20.31:497][  0]LogTargetPlatformManager:Display: Building Assets For Windows
[2015.05.18-03.20.32:109][  0]LogTargetPlatformManager:Display: Building Assets For Windows
[2015.05.18-03.20.32:931][  0]LogSlate:Warning: Failed to load font data from '../../../Engine/Content/Editor/Slate/Fonts/Roboto-Regular.ttf'
[2015.05.18-03.20.32:932][  0]LogSlate:Warning: Failed to load font data from '../../../Engine/Content/Editor/Slate/Fonts/Roboto-Bold.ttf'
[2015.05.18-03.20.32:941][  0]LogConsoleResponse:Display: 
[2015.05.18-03.20.33:145][  0]LogCook:Display: Done creating registry. It took  0.00s.
[2015.05.18-03.20.33:661][  0]SourceControl: Info Source control is disabled
[2015.05.18-03.20.33:661][  0]Cmd: MAP LOAD FILE="../../../../../../Users/Terence/Desktop/Tuts/Content/FirstPersonBP/Maps/FirstPersonExampleMap.umap" TEMPLATE=0 SHOWPROGRESS=1 FEATURELEVEL=2
[2015.05.18-03.20.33:662][  0]LightingResults: New page: Lighting Build
[2015.05.18-03.20.33:683][  0]MapCheck: New page: Map Check
[2015.05.18-03.20.33:683][  0]LightingResults: New page: Lighting Build
[2015.05.18-03.20.33:705][  0]LogParticles: Destroying 0 GPU particle simulations for FXSystem 0x000000D56DA3B060
[2015.05.18-03.20.33:719][  0]LogLinker:Warning: Asset '../../../Engine/Content/EngineMeshes/Humanoid.uasset' has been saved with empty engine version. The asset will be loaded but may be incompatible.
[2015.05.18-03.20.35:413][  0]LogTexture:Display: Building textures: Stone_04_UV_H_CM_1_NRM (BC5)
[2015.05.18-03.20.35:762][  0]LogTexture:Display: Building textures: Stone_04_UV_H_CM_1_SPEC (AutoDXT)
[2015.05.18-03.20.37:025][  0]LogTexture:Display: Building textures: Stone_04_UV_H_CM_1 (AutoDXT)
[2015.05.18-03.20.38:521][  0]LogMaterial: Missing cached shader map for material M_CobbleStone_Pebble, compiling. 
[2015.05.18-03.20.38:584][  0]LogTexture:Display: Building textures: image314 (AutoDXT)
[2015.05.18-03.20.38:962][  0]LogTexture:Display: Building textures: metal_floor_texture-200513-SM (AutoDXT)
[2015.05.18-03.20.40:115][  0]LogTexture:Display: Building textures: SpecularMap__1_ (AutoDXT)
[2015.05.18-03.20.40:815][  0]LogMaterial: Missing cached shader map for material NewMaterial, compiling. 
[2015.05.18-03.20.40:960][  0]LogEditorServer: Finished looking for orphan Actors (0.000 secs)
[2015.05.18-03.20.42:866][  0]LogAIModule: Creating AISystem for world FirstPersonExampleMap
[2015.05.18-03.20.42:868][  0]Cmd: MAP CHECKDEP
[2015.05.18-03.20.42:868][  0]MapCheck: New page: FirstPersonExampleMap - 18 May 2015 11:20:42 pm
[2015.05.18-03.20.43:027][  0]MapCheck: Info Map check complete: 0 Error(s), 0 Warning(s), took 158.821ms to complete.
[2015.05.18-03.20.43:027][  0]LogFileHelpers: Loading map 'FirstPersonExampleMap' took 9.366
[2015.05.18-03.20.43:398][  0]LogCollectionManager: Loaded 0 collections in 0.004010 seconds
[2015.05.18-03.20.43:416][  0]LogContentBrowser: Native class hierarchy populated in 0.0173 seconds. Added 1696 classes and 261 folders.
[2015.05.18-03.20.43:562][  0]LogContentBrowser: Native class hierarchy updated for 'SceneOutliner' in 0.0029 seconds. Added 1 classes and 2 folders.
[2015.05.18-03.20.43:888][  0]LogCrashTracker: Crashtracker disabled due to settings.
[2015.05.18-03.20.43:891][  0]LogSlate:Warning: Failed to load font data from 'Veranda'
[2015.05.18-03.20.43:897][  0]LogUObjectGlobals:Warning: Failed to find object 'Class None.'
[2015.05.18-03.20.43:995][  0]LogLoad: Full Startup: 35.01 seconds (BP compile: 0.65 seconds)
[2015.05.18-03.20.44:386][  0]LogContentBrowser:Verbose: The content browser source was changed by the sources view to '/Game/Materials'
[2015.05.18-03.20.44:571][  0]LogRenderer:Warning: Reallocating scene render targets to support 32x32 (Frame:2).
[2015.05.18-03.20.45:025][  0]LogRenderer:Warning: Reallocating scene render targets to support 704x408 (Frame:5).
[2015.05.18-03.20.47:860][  8]LogAssetRegistry: Asset discovery search completed in 17.6963 seconds
[2015.05.18-03.21.01:670][154]LogTexture:Display: Building textures: ice_texture_for_oss_funfair_by_honey_stock_NRM (BC5)
[2015.05.18-03.21.03:526][154]LogTexture:Display: Building textures: 3d-textures-18-free-hd-wallpaper (AutoDXT)
[2015.05.18-03.21.06:988][154]LogTexture:Display: Building textures: 3d-textures-18-free-hd-wallpaper_NRM (BC5)
[2015.05.18-03.21.07:858][154]LogTexture:Display: Building textures: ice_texture_for_oss_funfair_by_honey_stock (AutoDXT)
[2015.05.18-03.21.28:827][154]LogTexture:Display: Building textures: Seamless_snow_ground_texture (AutoDXT)
[2015.05.18-03.21.31:478][154]LogTexture:Display: Building textures: Seamless_snow_ground_texture_NRM (BC5)
[2015.05.18-03.21.31:961][154]LogMaterial: Missing cached shader map for material Material_002, compiling. 
[2015.05.18-03.21.32:047][154]LogMaterial: Missing cached shader map for material Material_002, compiling. 
[2015.05.18-03.21.32:084][154]LogActorComponent: UnregisterComponent: (/Engine/Transient.SkeletalMeshComponent_0) Not registered. Aborting.
[2015.05.18-03.21.32:209][154]LogMaterial: Missing cached shader map for material FMatExpressionPreview MaterialExpressionTextureCoordinate_1, compiling. 
[2015.05.18-03.21.32:213][154]LogMaterial: Missing cached shader map for material FMatExpressionPreview MaterialExpressionTextureSample_3, compiling. 
[2015.05.18-03.21.32:217][154]LogMaterial: Missing cached shader map for material FMatExpressionPreview MaterialExpressionTextureSample_4, compiling. 
[2015.05.18-03.21.32:222][154]LogMaterial: Missing cached shader map for material FMatExpressionPreview MaterialExpressionTextureSample_5, compiling. 
[2015.05.18-03.21.32:226][154]LogMaterial: Missing cached shader map for material FMatExpressionPreview MaterialExpressionTextureSample_7, compiling. 
[2015.05.18-03.21.32:229][154]LogMaterial: Missing cached shader map for material FMatExpressionPreview MaterialExpressionTextureSample_8, compiling. 
[2015.05.18-03.21.32:233][154]LogMaterial: Missing cached shader map for material FMatExpressionPreview MaterialExpressionTextureSample_11, compiling. 
[2015.05.18-03.21.32:235][154]LogMaterial: Missing cached shader map for material FMatExpressionPreview MaterialExpressionTextureCoordinate_4, compiling. 
[2015.05.18-03.21.32:238][154]LogActorComponent: UnregisterComponent: (/Engine/Transient.SkeletalMeshComponent_0) Not registered. Aborting.
[2015.05.18-03.21.32:238][154]LogActorComponent: RegisterComponentWithWorld: (/Engine/Transient.MaterialEditorMeshComponent_0) Already registered. Aborting.
[2015.05.18-03.21.32:238][154]LogActorComponent: UnregisterComponent: (/Engine/Transient.SkeletalMeshComponent_0) Not registered. Aborting.
[2015.05.18-03.21.32:238][154]LogActorComponent: RegisterComponentWithWorld: (/Engine/Transient.MaterialEditorMeshComponent_0) Already registered. Aborting.
[2015.05.18-03.21.32:247][154]LogMaterial: Missing cached shader map for material Material_002, compiling. 
[2015.05.18-03.21.32:253][154]LogMaterial: 0.000046 seconds spent updating 1 materials, 1 interfaces, 0 instances, 0 with static permutations.
[2015.05.18-03.21.32:283][154]LogMaterial: Missing cached shader map for material FMatExpressionPreview MaterialExpressionTextureCoordinate_1, compiling. 
[2015.05.18-03.21.32:286][154]LogMaterial: Missing cached shader map for material FMatExpressionPreview MaterialExpressionTextureSample_3, compiling. 
[2015.05.18-03.21.32:289][154]LogMaterial: Missing cached shader map for material FMatExpressionPreview MaterialExpressionTextureSample_4, compiling. 
[2015.05.18-03.21.32:292][154]LogMaterial: Missing cached shader map for material FMatExpressionPreview MaterialExpressionTextureSample_5, compiling. 
[2015.05.18-03.21.32:295][154]LogMaterial: Missing cached shader map for material FMatExpressionPreview MaterialExpressionTextureSample_7, compiling. 
[2015.05.18-03.21.32:298][154]LogMaterial: Missing cached shader map for material FMatExpressionPreview MaterialExpressionTextureSample_8, compiling. 
[2015.05.18-03.21.32:301][154]LogMaterial: Missing cached shader map for material FMatExpressionPreview MaterialExpressionTextureSample_11, compiling. 
[2015.05.18-03.21.32:306][154]LogMaterial: Missing cached shader map for material FMatExpressionPreview MaterialExpressionTextureCoordinate_4, compiling. 
[2015.05.18-03.21.35:581][290]MaterialEditorStats: Info Base pass shader with static lighting: 111 instructions
[2015.05.18-03.21.35:581][290]MaterialEditorStats: Info Base pass shader with only dynamic lighting: 83 instructions
[2015.05.18-03.21.35:581][290]MaterialEditorStats: Info Vertex shader: 33 instructions
[2015.05.18-03.21.35:581][290]MaterialEditorStats: Info Texture samplers: 8/16
[2015.05.18-03.21.49:325][ 75]LogMaterial: Missing cached shader map for material Material_002, compiling. 
[2015.05.18-03.21.49:330][ 75]LogMaterial: 0.000080 seconds spent updating 1 materials, 1 interfaces, 0 instances, 0 with static permutations.
[2015.05.18-03.21.49:359][ 75]LogMaterial: Missing cached shader map for material FMatExpressionPreview MaterialExpressionTextureCoordinate_1, compiling. 
[2015.05.18-03.21.49:364][ 75]LogMaterial: Missing cached shader map for material FMatExpressionPreview MaterialExpressionTextureSample_3, compiling. 
[2015.05.18-03.21.49:367][ 75]LogMaterial: Missing cached shader map for material FMatExpressionPreview MaterialExpressionTextureSample_4, compiling. 
[2015.05.18-03.21.49:372][ 75]LogMaterial: Missing cached shader map for material FMatExpressionPreview MaterialExpressionTextureSample_5, compiling. 
[2015.05.18-03.21.49:375][ 75]LogMaterial: Missing cached shader map for material FMatExpressionPreview MaterialExpressionTextureSample_7, compiling. 
[2015.05.18-03.21.49:378][ 75]LogMaterial: Missing cached shader map for material FMatExpressionPreview MaterialExpressionTextureSample_8, compiling. 
[2015.05.18-03.21.49:382][ 75]LogMaterial: Missing cached shader map for material FMatExpressionPreview MaterialExpressionTextureSample_11, compiling. 
[2015.05.18-03.21.49:385][ 75]LogMaterial: Missing cached shader map for material FMatExpressionPreview MaterialExpressionTextureCoordinate_4, compiling. 
[2015.05.18-03.21.50:137][103]MaterialEditorStats: Info Base pass shader with static lighting: 111 instructions
[2015.05.18-03.21.50:137][103]MaterialEditorStats: Info Base pass shader with only dynamic lighting: 83 instructions
[2015.05.18-03.21.50:137][103]MaterialEditorStats: Info Vertex shader: 33 instructions
[2015.05.18-03.21.50:137][103]MaterialEditorStats: Info Texture samplers: 8/16
[2015.05.18-03.22.18:933][708]LogMaterial: Missing cached shader map for material Material_002, compiling. 
[2015.05.18-03.22.18:938][708]LogMaterial: 0.000141 seconds spent updating 1 materials, 1 interfaces, 0 instances, 0 with static permutations.
[2015.05.18-03.22.18:966][708]LogMaterial: Missing cached shader map for material FMatExpressionPreview MaterialExpressionTextureCoordinate_1, compiling. 
[2015.05.18-03.22.18:970][708]LogMaterial: Missing cached shader map for material FMatExpressionPreview MaterialExpressionTextureSample_3, compiling. 
[2015.05.18-03.22.18:975][708]LogMaterial: Missing cached shader map for material FMatExpressionPreview MaterialExpressionTextureSample_4, compiling. 
[2015.05.18-03.22.18:980][708]LogMaterial: Missing cached shader map for material FMatExpressionPreview MaterialExpressionTextureSample_5, compiling. 
[2015.05.18-03.22.18:984][708]LogMaterial: Missing cached shader map for material FMatExpressionPreview MaterialExpressionTextureSample_7, compiling. 
[2015.05.18-03.22.18:989][708]LogMaterial: Missing cached shader map for material FMatExpressionPreview MaterialExpressionTextureSample_8, compiling. 
[2015.05.18-03.22.18:994][708]LogMaterial: Missing cached shader map for material FMatExpressionPreview MaterialExpressionTextureSample_11, compiling. 
[2015.05.18-03.22.18:998][708]LogMaterial: Missing cached shader map for material FMatExpressionPreview MaterialExpressionTextureCoordinate_4, compiling. 
[2015.05.18-03.22.20:454][778]MaterialEditorStats: Info Base pass shader with static lighting: 89 instructions
[2015.05.18-03.22.20:454][778]MaterialEditorStats: Info Base pass shader with only dynamic lighting: 61 instructions
[2015.05.18-03.22.20:454][778]MaterialEditorStats: Info Vertex shader: 33 instructions
[2015.05.18-03.22.20:454][778]MaterialEditorStats: Info Texture samplers: 5/16
[2015.05.18-03.22.27:767][188]LogMaterial: Missing cached shader map for material Material_002, compiling. 
[2015.05.18-03.22.27:774][188]LogMaterial: 0.000139 seconds spent updating 1 materials, 1 interfaces, 0 instances, 0 with static permutations.
[2015.05.18-03.22.27:801][188]LogMaterial: Missing cached shader map for material FMatExpressionPreview MaterialExpressionTextureCoordinate_1, compiling. 
[2015.05.18-03.22.27:805][188]LogMaterial: Missing cached shader map for material FMatExpressionPreview MaterialExpressionTextureSample_3, compiling. 
[2015.05.18-03.22.27:811][188]LogMaterial: Missing cached shader map for material FMatExpressionPreview MaterialExpressionTextureSample_4, compiling. 
[2015.05.18-03.22.27:816][188]LogMaterial: Missing cached shader map for material FMatExpressionPreview MaterialExpressionTextureSample_5, compiling. 
[2015.05.18-03.22.27:820][188]LogMaterial: Missing cached shader map for material FMatExpressionPreview MaterialExpressionTextureSample_7, compiling. 
[2015.05.18-03.22.27:825][188]LogMaterial: Missing cached shader map for material FMatExpressionPreview MaterialExpressionTextureSample_8, compiling. 
[2015.05.18-03.22.27:829][188]LogMaterial: Missing cached shader map for material FMatExpressionPreview MaterialExpressionTextureSample_11, compiling. 
[2015.05.18-03.22.27:832][188]LogMaterial: Missing cached shader map for material FMatExpressionPreview MaterialExpressionTextureCoordinate_4, compiling. 
[2015.05.18-03.22.28:714][235]MaterialEditorStats: Info Base pass shader with static lighting: 89 instructions
[2015.05.18-03.22.28:714][235]MaterialEditorStats: Info Base pass shader with only dynamic lighting: 61 instructions
[2015.05.18-03.22.28:714][235]MaterialEditorStats: Info Vertex shader: 33 instructions
[2015.05.18-03.22.28:714][235]MaterialEditorStats: Info Texture samplers: 5/16
[2015.05.18-03.22.30:255][313]LogMaterial: Missing cached shader map for material Material_002, compiling. 
[2015.05.18-03.22.30:263][313]LogMaterial: 0.000158 seconds spent updating 1 materials, 1 interfaces, 0 instances, 0 with static permutations.
[2015.05.18-03.22.30:289][313]LogMaterial: Missing cached shader map for material FMatExpressionPreview MaterialExpressionTextureCoordinate_1, compiling. 
[2015.05.18-03.22.30:295][313]LogMaterial: Missing cached shader map for material FMatExpressionPreview MaterialExpressionTextureSample_3, compiling. 
[2015.05.18-03.22.30:300][313]LogMaterial: Missing cached shader map for material FMatExpressionPreview MaterialExpressionTextureSample_4, compiling. 
[2015.05.18-03.22.30:304][313]LogMaterial: Missing cached shader map for material FMatExpressionPreview MaterialExpressionTextureSample_5, compiling. 
[2015.05.18-03.22.30:308][313]LogMaterial: Missing cached shader map for material FMatExpressionPreview MaterialExpressionTextureSample_7, compiling. 
[2015.05.18-03.22.30:313][313]LogMaterial: Missing cached shader map for material FMatExpressionPreview MaterialExpressionTextureSample_8, compiling. 
[2015.05.18-03.22.30:317][313]LogMaterial: Missing cached shader map for material FMatExpressionPreview MaterialExpressionTextureSample_11, compiling. 
[2015.05.18-03.22.30:320][313]LogMaterial: Missing cached shader map for material FMatExpressionPreview MaterialExpressionTextureCoordinate_4, compiling. 
[2015.05.18-03.22.31:022][344]MaterialEditorStats: Info Base pass shader with static lighting: 89 instructions
[2015.05.18-03.22.31:022][344]MaterialEditorStats: Info Base pass shader with only dynamic lighting: 61 instructions
[2015.05.18-03.22.31:022][344]MaterialEditorStats: Info Vertex shader: 33 instructions
[2015.05.18-03.22.31:022][344]MaterialEditorStats: Info Texture samplers: 5/16
[2015.05.18-03.22.33:722][484]LogMaterial: Missing cached shader map for material Material_002, compiling. 
[2015.05.18-03.22.33:729][484]LogMaterial: 0.000106 seconds spent updating 1 materials, 1 interfaces, 0 instances, 0 with static permutations.
[2015.05.18-03.22.33:758][484]LogMaterial: Missing cached shader map for material FMatExpressionPreview MaterialExpressionTextureCoordinate_1, compiling. 
[2015.05.18-03.22.33:763][484]LogMaterial: Missing cached shader map for material FMatExpressionPreview MaterialExpressionTextureSample_3, compiling. 
[2015.05.18-03.22.33:769][484]LogMaterial: Missing cached shader map for material FMatExpressionPreview MaterialExpressionTextureSample_4, compiling. 
[2015.05.18-03.22.33:773][484]LogMaterial: Missing cached shader map for material FMatExpressionPreview MaterialExpressionTextureSample_5, compiling. 
[2015.05.18-03.22.33:778][484]LogMaterial: Missing cached shader map for material FMatExpressionPreview MaterialExpressionTextureSample_7, compiling. 
[2015.05.18-03.22.33:784][484]LogMaterial: Missing cached shader map for material FMatExpressionPreview MaterialExpressionTextureSample_8, compiling. 
[2015.05.18-03.22.33:790][484]LogMaterial: Missing cached shader map for material FMatExpressionPreview MaterialExpressionTextureSample_11, compiling. 
[2015.05.18-03.22.33:795][484]LogMaterial: Missing cached shader map for material FMatExpressionPreview MaterialExpressionTextureCoordinate_4, compiling. 
[2015.05.18-03.22.34:682][530]MaterialEditorStats: Info Base pass shader with static lighting: 104 instructions
[2015.05.18-03.22.34:682][530]MaterialEditorStats: Info Base pass shader with only dynamic lighting: 76 instructions
[2015.05.18-03.22.34:682][530]MaterialEditorStats: Info Vertex shader: 33 instructions
[2015.05.18-03.22.34:682][530]MaterialEditorStats: Info Texture samplers: 8/16
[2015.05.18-03.22.41:343][912]LogDialogs:Warning: Supressed: You need to select a mesh in the content browser to preview it.
[2015.05.18-03.22.41:942][948]LogActorComponent: UnregisterComponent: (/Engine/Transient.SkeletalMeshComponent_0) Not registered. Aborting.
[2015.05.18-03.22.41:942][948]LogActorComponent: RegisterComponentWithWorld: (/Engine/Transient.MaterialEditorMeshComponent_0) Already registered. Aborting.
[2015.05.18-03.22.42:844][998]LogActorComponent: UnregisterComponent: (/Engine/Transient.SkeletalMeshComponent_0) Not registered. Aborting.
[2015.05.18-03.22.42:844][998]LogActorComponent: RegisterComponentWithWorld: (/Engine/Transient.MaterialEditorMeshComponent_0) Already registered. Aborting.
[2015.05.18-03.22.48:206][318]LogActorComponent: UnregisterComponent: (/Engine/Transient.SkeletalMeshComponent_0) Not registered. Aborting.
[2015.05.18-03.22.48:206][318]LogActorComponent: RegisterComponentWithWorld: (/Engine/Transient.MaterialEditorMeshComponent_0) Already registered. Aborting.
[2015.05.18-03.22.50:828][474]LogActorComponent: UnregisterComponent: (/Engine/Transient.SkeletalMeshComponent_0) Not registered. Aborting.
[2015.05.18-03.22.50:828][474]LogActorComponent: RegisterComponentWithWorld: (/Engine/Transient.MaterialEditorMeshComponent_0) Already registered. Aborting.
[2015.05.18-03.23.02:286][149]LogMaterial: Missing cached shader map for material Material_002, compiling. 
[2015.05.18-03.23.02:287][149]LogMaterial:Warning: Failed to compile Material /Engine/Transient.Material_002 for platform PCD3D_SM4, Default Material will be used in game.
[2015.05.18-03.23.02:287][149]LogMaterial:Warning: 	Function MultiplyAdd: Missing function input 'Base'
[2015.05.18-03.23.02:287][149]LogMaterial: 0.000127 seconds spent updating 1 materials, 1 interfaces, 0 instances, 0 with static permutations.
[2015.05.18-03.23.02:313][149]LogMaterial: Missing cached shader map for material FMatExpressionPreview MaterialExpressionTextureCoordinate_1, compiling. 
[2015.05.18-03.23.02:317][149]LogMaterial: Missing cached shader map for material FMatExpressionPreview MaterialExpressionTextureSample_4, compiling. 
[2015.05.18-03.23.02:320][149]LogMaterial: Missing cached shader map for material FMatExpressionPreview MaterialExpressionTextureSample_5, compiling. 
[2015.05.18-03.23.02:324][149]LogMaterial: Missing cached shader map for material FMatExpressionPreview MaterialExpressionTextureSample_7, compiling. 
[2015.05.18-03.23.02:327][149]LogMaterial: Missing cached shader map for material FMatExpressionPreview MaterialExpressionTextureSample_8, compiling. 
[2015.05.18-03.23.02:331][149]LogMaterial: Missing cached shader map for material FMatExpressionPreview MaterialExpressionTextureSample_11, compiling. 
[2015.05.18-03.23.02:335][149]LogMaterial: Missing cached shader map for material FMatExpressionPreview MaterialExpressionTextureCoordinate_4, compiling. 
[2015.05.18-03.23.02:340][149]MaterialEditorStats:Error: Error [SM4] Function MultiplyAdd: Missing function input 'Base'
[2015.05.18-03.23.05:331][310]LogMaterial: Missing cached shader map for material Material_002, compiling. 
[2015.05.18-03.23.05:332][310]LogMaterial:Warning: Failed to compile Material /Engine/Transient.Material_002 for platform PCD3D_SM4, Default Material will be used in game.
[2015.05.18-03.23.05:332][310]LogMaterial:Warning: 	Function MultiplyAdd: Missing function input 'Base'
[2015.05.18-03.23.05:332][310]LogMaterial: 0.000075 seconds spent updating 1 materials, 1 interfaces, 0 instances, 0 with static permutations.
[2015.05.18-03.23.05:362][310]LogMaterial: Missing cached shader map for material FMatExpressionPreview MaterialExpressionTextureCoordinate_1, compiling. 
[2015.05.18-03.23.05:366][310]LogMaterial: Missing cached shader map for material FMatExpressionPreview MaterialExpressionTextureSample_5, compiling. 
[2015.05.18-03.23.05:369][310]LogMaterial: Missing cached shader map for material FMatExpressionPreview MaterialExpressionTextureSample_7, compiling. 
[2015.05.18-03.23.05:373][310]LogMaterial: Missing cached shader map for material FMatExpressionPreview MaterialExpressionTextureSample_8, compiling. 
[2015.05.18-03.23.05:376][310]LogMaterial: Missing cached shader map for material FMatExpressionPreview MaterialExpressionTextureSample_11, compiling. 
[2015.05.18-03.23.05:380][310]LogMaterial: Missing cached shader map for material FMatExpressionPreview MaterialExpressionTextureCoordinate_4, compiling. 
[2015.05.18-03.23.06:577][364]LogMaterial: Missing cached shader map for material Material_002, compiling. 
[2015.05.18-03.23.06:577][364]LogMaterial:Warning: Failed to compile Material /Engine/Transient.Material_002 for platform PCD3D_SM4, Default Material will be used in game.
[2015.05.18-03.23.06:578][364]LogMaterial:Warning: 	Function MultiplyAdd: Missing function input 'Base'
[2015.05.18-03.23.06:578][364]LogMaterial: 0.000106 seconds spent updating 1 materials, 1 interfaces, 0 instances, 0 with static permutations.
[2015.05.18-03.23.06:606][364]LogMaterial: Missing cached shader map for material FMatExpressionPreview MaterialExpressionTextureCoordinate_1, compiling. 
[2015.05.18-03.23.06:610][364]LogMaterial: Missing cached shader map for material FMatExpressionPreview MaterialExpressionTextureSample_5, compiling. 
[2015.05.18-03.23.06:613][364]LogMaterial: Missing cached shader map for material FMatExpressionPreview MaterialExpressionTextureSample_7, compiling. 
[2015.05.18-03.23.06:617][364]LogMaterial: Missing cached shader map for material FMatExpressionPreview MaterialExpressionTextureSample_8, compiling. 
[2015.05.18-03.23.06:621][364]LogMaterial: Missing cached shader map for material FMatExpressionPreview MaterialExpressionTextureSample_11, compiling. 
[2015.05.18-03.23.06:626][364]LogMaterial: Missing cached shader map for material FMatExpressionPreview MaterialExpressionTextureCoordinate_4, compiling. 
[2015.05.18-03.23.09:903][542]LogMaterial: Missing cached shader map for material Material_002, compiling. 
[2015.05.18-03.23.09:904][542]LogMaterial:Warning: Failed to compile Material /Engine/Transient.Material_002 for platform PCD3D_SM4, Default Material will be used in game.
[2015.05.18-03.23.09:904][542]LogMaterial:Warning: 	Function MultiplyAdd: Missing function input 'Base'
[2015.05.18-03.23.09:904][542]LogMaterial: 0.000095 seconds spent updating 1 materials, 1 interfaces, 0 instances, 0 with static permutations.
[2015.05.18-03.23.09:935][542]LogMaterial: Missing cached shader map for material FMatExpressionPreview MaterialExpressionTextureCoordinate_1, compiling. 
[2015.05.18-03.23.09:938][542]LogMaterial: Missing cached shader map for material FMatExpressionPreview MaterialExpressionTextureSample_5, compiling. 
[2015.05.18-03.23.09:942][542]LogMaterial: Missing cached shader map for material FMatExpressionPreview MaterialExpressionTextureSample_7, compiling. 
[2015.05.18-03.23.09:945][542]LogMaterial: Missing cached shader map for material FMatExpressionPreview MaterialExpressionTextureSample_8, compiling. 
[2015.05.18-03.23.09:949][542]LogMaterial: Missing cached shader map for material FMatExpressionPreview MaterialExpressionTextureSample_11, compiling. 
[2015.05.18-03.23.09:953][542]LogMaterial: Missing cached shader map for material FMatExpressionPreview MaterialExpressionTextureCoordinate_4, compiling. 
[2015.05.18-03.23.13:190][719]LogMaterial: Missing cached shader map for material Material_002, compiling. 
[2015.05.18-03.23.13:191][719]LogMaterial:Warning: Failed to compile Material /Engine/Transient.Material_002 for platform PCD3D_SM4, Default Material will be used in game.
[2015.05.18-03.23.13:191][719]LogMaterial:Warning: 	Function MultiplyAdd: Missing function input 'Base'
[2015.05.18-03.23.13:191][719]LogMaterial: 0.000064 seconds spent updating 1 materials, 1 interfaces, 0 instances, 0 with static permutations.
[2015.05.18-03.23.13:215][719]LogMaterial: Missing cached shader map for material FMatExpressionPreview MaterialExpressionTextureCoordinate_1, compiling. 
[2015.05.18-03.23.13:218][719]LogMaterial: Missing cached shader map for material FMatExpressionPreview MaterialExpressionTextureSample_5, compiling. 
[2015.05.18-03.23.13:221][719]LogMaterial: Missing cached shader map for material FMatExpressionPreview MaterialExpressionTextureSample_7, compiling. 
[2015.05.18-03.23.13:223][719]LogMaterial: Missing cached shader map for material FMatExpressionPreview MaterialExpressionTextureSample_8, compiling. 
[2015.05.18-03.23.13:226][719]LogMaterial: Missing cached shader map for material FMatExpressionPreview MaterialExpressionTextureSample_11, compiling. 
[2015.05.18-03.23.13:229][719]LogMaterial: Missing cached shader map for material FMatExpressionPreview MaterialExpressionTextureCoordinate_4, compiling. 
[2015.05.18-03.23.16:576][900]LogMaterial: Missing cached shader map for material Material_002, compiling. 
[2015.05.18-03.23.16:577][900]LogMaterial:Warning: Failed to compile Material /Engine/Transient.Material_002 for platform PCD3D_SM4, Default Material will be used in game.
[2015.05.18-03.23.16:577][900]LogMaterial:Warning: 	Function MultiplyAdd: Missing function input 'Base'
[2015.05.18-03.23.16:577][900]LogMaterial: 0.000049 seconds spent updating 1 materials, 1 interfaces, 0 instances, 0 with static permutations.
[2015.05.18-03.23.16:604][900]LogMaterial: Missing cached shader map for material FMatExpressionPreview MaterialExpressionTextureCoordinate_1, compiling. 
[2015.05.18-03.23.16:607][900]LogMaterial: Missing cached shader map for material FMatExpressionPreview MaterialExpressionTextureSample_5, compiling. 
[2015.05.18-03.23.16:610][900]LogMaterial: Missing cached shader map for material FMatExpressionPreview MaterialExpressionTextureSample_7, compiling. 
[2015.05.18-03.23.16:613][900]LogMaterial: Missing cached shader map for material FMatExpressionPreview MaterialExpressionTextureSample_8, compiling. 
[2015.05.18-03.23.16:616][900]LogMaterial: Missing cached shader map for material FMatExpressionPreview MaterialExpressionTextureSample_11, compiling. 
[2015.05.18-03.23.16:620][900]LogMaterial: Missing cached shader map for material FMatExpressionPreview MaterialExpressionTextureCoordinate_4, compiling. 
[2015.05.18-03.23.19:854][ 72]LogMaterial: Missing cached shader map for material Material_002, compiling. 
[2015.05.18-03.23.19:855][ 72]LogMaterial:Warning: Failed to compile Material /Engine/Transient.Material_002 for platform PCD3D_SM4, Default Material will be used in game.
[2015.05.18-03.23.19:855][ 72]LogMaterial:Warning: 	Function MultiplyAdd: Missing function input 'Base'
[2015.05.18-03.23.19:855][ 72]LogMaterial: 0.000089 seconds spent updating 1 materials, 1 interfaces, 0 instances, 0 with static permutations.
[2015.05.18-03.23.19:879][ 72]LogMaterial: Missing cached shader map for material FMatExpressionPreview MaterialExpressionTextureCoordinate_1, compiling. 
[2015.05.18-03.23.19:882][ 72]LogMaterial: Missing cached shader map for material FMatExpressionPreview MaterialExpressionTextureSample_5, compiling. 
[2015.05.18-03.23.19:885][ 72]LogMaterial: Missing cached shader map for material FMatExpressionPreview MaterialExpressionTextureSample_7, compiling. 
[2015.05.18-03.23.19:888][ 72]LogMaterial: Missing cached shader map for material FMatExpressionPreview MaterialExpressionTextureSample_8, compiling. 
[2015.05.18-03.23.19:891][ 72]LogMaterial: Missing cached shader map for material FMatExpressionPreview MaterialExpressionTextureSample_11, compiling. 
[2015.05.18-03.23.19:893][ 72]LogMaterial: Missing cached shader map for material FMatExpressionPreview MaterialExpressionTextureCoordinate_4, compiling. 
[2015.05.18-03.23.23:704][294]LogMaterial: Missing cached shader map for material Material_002, compiling. 
[2015.05.18-03.23.23:709][294]LogMaterial: 0.000111 seconds spent updating 1 materials, 1 interfaces, 0 instances, 0 with static permutations.
[2015.05.18-03.23.23:737][294]LogMaterial: Missing cached shader map for material FMatExpressionPreview MaterialExpressionTextureCoordinate_1, compiling. 
[2015.05.18-03.23.23:741][294]LogMaterial: Missing cached shader map for material FMatExpressionPreview MaterialExpressionTextureSample_5, compiling. 
[2015.05.18-03.23.23:746][294]LogMaterial: Missing cached shader map for material FMatExpressionPreview MaterialExpressionTextureSample_7, compiling. 
[2015.05.18-03.23.23:751][294]LogMaterial: Missing cached shader map for material FMatExpressionPreview MaterialExpressionTextureSample_8, compiling. 
[2015.05.18-03.23.23:757][294]LogMaterial: Missing cached shader map for material FMatExpressionPreview MaterialExpressionTextureSample_11, compiling. 
[2015.05.18-03.23.23:760][294]LogMaterial: Missing cached shader map for material FMatExpressionPreview MaterialExpressionTextureCoordinate_4, compiling. 
[2015.05.18-03.23.24:516][327]MaterialEditorStats: Info Base pass shader with static lighting: 82 instructions
[2015.05.18-03.23.24:516][327]MaterialEditorStats: Info Base pass shader with only dynamic lighting: 54 instructions
[2015.05.18-03.23.24:516][327]MaterialEditorStats: Info Vertex shader: 33 instructions
[2015.05.18-03.23.24:516][327]MaterialEditorStats: Info Texture samplers: 4/16
[2015.05.18-03.23.26:671][452]LogMaterial: Missing cached shader map for material Material_002, compiling. 
[2015.05.18-03.23.26:676][452]LogMaterial: 0.000099 seconds spent updating 1 materials, 1 interfaces, 0 instances, 0 with static permutations.
[2015.05.18-03.23.26:705][452]LogMaterial: Missing cached shader map for material FMatExpressionPreview MaterialExpressionTextureCoordinate_1, compiling. 
[2015.05.18-03.23.26:708][452]LogMaterial: Missing cached shader map for material FMatExpressionPreview MaterialExpressionTextureSample_5, compiling. 
[2015.05.18-03.23.26:732][452]LogMaterial: Missing cached shader map for material FMatExpressionPreview MaterialExpressionTextureSample_7, compiling. 
[2015.05.18-03.23.26:735][452]LogMaterial: Missing cached shader map for material FMatExpressionPreview MaterialExpressionTextureSample_8, compiling. 
[2015.05.18-03.23.26:738][452]LogMaterial: Missing cached shader map for material FMatExpressionPreview MaterialExpressionTextureSample_11, compiling. 
[2015.05.18-03.23.26:743][452]LogMaterial: Missing cached shader map for material FMatExpressionPreview MaterialExpressionTextureCoordinate_4, compiling. 
[2015.05.18-03.23.27:427][480]MaterialEditorStats: Info Base pass shader with static lighting: 82 instructions
[2015.05.18-03.23.27:427][480]MaterialEditorStats: Info Base pass shader with only dynamic lighting: 54 instructions
[2015.05.18-03.23.27:427][480]MaterialEditorStats: Info Vertex shader: 33 instructions
[2015.05.18-03.23.27:427][480]MaterialEditorStats: Info Texture samplers: 4/16
[2015.05.18-03.23.35:317][938]LogMaterial: Missing cached shader map for material Material_002, compiling. 
[2015.05.18-03.23.35:325][938]LogMaterial: 0.000070 seconds spent updating 1 materials, 1 interfaces, 0 instances, 0 with static permutations.
[2015.05.18-03.23.35:353][938]LogMaterial: Missing cached shader map for material FMatExpressionPreview MaterialExpressionTextureCoordinate_1, compiling. 
[2015.05.18-03.23.35:360][938]LogMaterial: Missing cached shader map for material FMatExpressionPreview MaterialExpressionTextureSample_5, compiling. 
[2015.05.18-03.23.35:366][938]LogMaterial: Missing cached shader map for material FMatExpressionPreview MaterialExpressionTextureSample_7, compiling. 
[2015.05.18-03.23.35:371][938]LogMaterial: Missing cached shader map for material FMatExpressionPreview MaterialExpressionTextureSample_8, compiling. 
[2015.05.18-03.23.35:376][938]LogMaterial: Missing cached shader map for material FMatExpressionPreview MaterialExpressionTextureSample_11, compiling. 
[2015.05.18-03.23.35:381][938]LogMaterial: Missing cached shader map for material FMatExpressionPreview MaterialExpressionTextureCoordinate_4, compiling. 
[2015.05.18-03.23.36:436][990]MaterialEditorStats: Info Base pass shader with static lighting: 95 instructions
[2015.05.18-03.23.36:436][990]MaterialEditorStats: Info Base pass shader with only dynamic lighting: 67 instructions
[2015.05.18-03.23.36:436][990]MaterialEditorStats: Info Vertex shader: 33 instructions
[2015.05.18-03.23.36:436][990]MaterialEditorStats: Info Texture samplers: 6/16
[2015.05.18-03.23.39:404][151]LogActorComponent: UnregisterComponent: (/Engine/Transient.SkeletalMeshComponent_0) Not registered. Aborting.
[2015.05.18-03.23.39:404][151]LogActorComponent: RegisterComponentWithWorld: (/Engine/Transient.MaterialEditorMeshComponent_0) Already registered. Aborting.
[2015.05.18-03.23.44:547][458]LogMaterialEditor: Applying material Material_002
[2015.05.18-03.23.47:037][458]LogMaterial: Missing cached shader map for material Material_002, compiling. 
[2015.05.18-03.23.47:062][458]LogMaterial: 0.000115 seconds spent updating 1 materials, 1 interfaces, 0 instances, 0 with static permutations.
[2015.05.18-03.23.47:118][458]LogMaterial: Missing cached shader map for material Material_002, compiling. 
[2015.05.18-03.23.47:185][458]LogMaterial: Missing cached shader map for material Material_002, compiling. 
[2015.05.18-03.23.47:202][458]LogMaterial: 0.003628 seconds spent updating 1 materials, 1 interfaces, 0 instances, 0 with static permutations.
[2015.05.18-03.23.51:050][650]MaterialEditorStats: Info Base pass shader with static lighting: 114 instructions
[2015.05.18-03.23.51:050][650]MaterialEditorStats: Info Base pass shader with only dynamic lighting: 86 instructions
[2015.05.18-03.23.51:050][650]MaterialEditorStats: Info Vertex shader: 33 instructions
[2015.05.18-03.23.51:050][650]MaterialEditorStats: Info Texture samplers: 7/16
[2015.05.18-03.23.59:130][932]LogContentBrowser:Verbose: The content browser source was changed by the sources view to '/Game/Partices'
[2015.05.18-03.24.01:271][  1]LogContentBrowser:Verbose: The content browser source was changed by the sources view to '/Game'
[2015.05.18-03.24.04:229][ 68]LogTexture:Display: Building textures: T_Door_M (DXT1)
[2015.05.18-03.24.04:992][ 68]LogTexture:Display: Building textures: T_Door_N (BC5)
[2015.05.18-03.24.05:535][ 68]LogMaterial: Missing cached shader map for material M_Door, compiling. 
[2015.05.18-03.24.05:570][ 68]LogTexture:Display: Building textures: c_usa_secret_service_alpha_c (AutoDXT)
[2015.05.18-03.24.06:015][ 68]LogTexture:Display: Building textures: c_usa_secret_service_alpha_n (BC5)
[2015.05.18-03.24.06:059][ 68]LogTexture:Display: Building textures: c_usa_secret_service_alpha_s (AutoDXT)
[2015.05.18-03.24.06:107][ 68]LogMaterial: Missing cached shader map for material M_Glass, compiling. 
[2015.05.18-03.24.06:137][ 68]LogStaticMesh: Building static mesh SM_Door...
[2015.05.18-03.24.06:156][ 68]LogStaticMesh: Built static mesh [19.293928ms] /Game/StarterContent/Props/SM_Door.SM_Door
[2015.05.18-03.24.06:271][ 68]LogTexture:Display: Building textures: Carbon_Fiber (AutoDXT)
[2015.05.18-03.24.07:992][ 68]LogMaterial: Missing cached shader map for material Carbon_Fibre_Mat, compiling. 
[2015.05.18-03.24.08:058][ 68]LogTexture:Display: Building textures: texture_sun (AutoDXT)
[2015.05.18-03.24.09:357][ 68]LogMaterial: Missing cached shader map for material Emit, compiling. 
[2015.05.18-03.24.09:387][ 68]LogMaterial: Missing cached shader map for material Iced_Metal, compiling. 
[2015.05.18-03.24.09:468][ 68]LogTexture:Display: Building textures: Stone_04_UV_H_CM_1_DISP (AutoDXT)
[2015.05.18-03.24.10:592][ 68]LogMaterial: Missing cached shader map for material NewMaterial2, compiling. 
[2015.05.18-03.24.10:692][ 68]LogTexture:Display: Building textures: Tileable_human_skin_texture (AutoDXT)
[2015.05.18-03.24.12:393][ 68]LogMaterial: Missing cached shader map for material Tileable_human_skin_texture_Mat, compiling. 
[2015.05.18-03.24.12:677][ 68]LogTexture:Display: Building textures: T_Metal_Gold_N (BC5)
[2015.05.18-03.24.13:554][ 68]LogMaterial: Missing cached shader map for material M_Metal_Burnished_Steel, compiling. 
[2015.05.18-03.24.13:620][ 68]LogTexture:Display: Building textures: c_usa_secret_service_torso_shield_c (AutoDXT)
[2015.05.18-03.24.13:749][ 68]LogMaterial: Missing cached shader map for material c_usa_secret_service_torso_shield_c_Mat, compiling. 
[2015.05.18-03.24.13:761][ 68]LogStaticMesh: Building static mesh Secret_Service_Model_1...
[2015.05.18-03.24.14:929][ 68]LogStaticMesh: Built static mesh [1169.018677ms] /Game/Secret_Service_Model_1.Secret_Service_Model_1
[2015.05.18-03.24.15:250][ 68]LogTexture:Display: Building textures: T_Tech_Panel_M (AutoDXT)
[2015.05.18-03.24.18:355][ 68]LogTexture:Display: Building textures: T_Tech_Panel_N (BC5)
[2015.05.18-03.24.19:193][ 68]LogMaterial: Missing cached shader map for material M_Tech_Panel, compiling. 
[2015.05.18-03.24.19:245][ 68]LogTexture:Display: Building textures: c_usa_secret_service_head1_c (AutoDXT)
[2015.05.18-03.24.19:476][ 68]LogTexture:Display: Building textures: c_usa_secret_service_gear2_c (AutoDXT)
[2015.05.18-03.24.19:680][ 68]LogTexture:Display: Building textures: c_usa_secret_service_gear3_c (AutoDXT)
[2015.05.18-03.24.20:244][ 68]LogTexture:Display: Building textures: c_usa_secret_service_gloves_c (AutoDXT)
[2015.05.18-03.24.20:334][ 68]LogTexture:Display: Building textures: c_usa_secret_service_head1_n (BC5)
[2015.05.18-03.24.20:437][ 68]LogTexture:Display: Building textures: c_usa_secret_service_head1_s (AutoDXT)
[2015.05.18-03.24.20:693][ 68]LogTexture:Display: Building textures: c_usa_secret_service_legs_c (AutoDXT)
[2015.05.18-03.24.20:976][ 68]LogTexture:Display: Building textures: c_usa_secret_service_torso_c (AutoDXT)
[2015.05.18-03.24.21:094][ 68]LogStaticMesh: Building static mesh Example_Mat...
[2015.05.18-03.24.21:108][ 68]LogStaticMesh: Built static mesh [14.597454ms] /Game/Example_Mat.Example_Mat
[2015.05.18-03.24.21:112][ 68]LogMaterial: Missing cached shader map for material Mat_Sparks, compiling. 
[2015.05.18-03.24.21:130][ 68]LogMaterial: Missing cached shader map for material Material, compiling. 
[2015.05.18-03.24.21:149][ 68]LogTexture:Display: Building textures: ThumbnailTexture (DXT1)
[2015.05.18-03.24.21:288][ 68]LogMaterial: Missing cached shader map for material Material_001, compiling. 
[2015.05.18-03.24.21:297][ 68]LogStaticMesh: Building static mesh scraper...
[2015.05.18-03.24.21:423][ 68]LogStaticMesh: Built static mesh [125.674294ms] /Game/Scraper/scraper.scraper
[2015.05.18-03.24.21:429][ 68]LogMaterial: Missing cached shader map for material c_usa_secret_service_alpha_c_Mat, compiling. 
[2015.05.18-03.24.21:448][ 68]LogMaterial: Missing cached shader map for material c_usa_secret_service_gear2_c_Mat, compiling. 
[2015.05.18-03.24.21:462][ 68]LogMaterial: Missing cached shader map for material c_usa_secret_service_gloves_c_Mat, compiling. 
[2015.05.18-03.24.21:480][ 68]LogMaterial: Missing cached shader map for material c_usa_secret_service_gear3_c_Mat, compiling. 
[2015.05.18-03.24.21:499][ 68]LogMaterial: Missing cached shader map for material c_usa_secret_service_head1_c_Mat, compiling. 
[2015.05.18-03.24.21:516][ 68]LogMaterial: Missing cached shader map for material c_usa_secret_service_legs_c_Mat, compiling. 
[2015.05.18-03.24.21:531][ 68]LogMaterial: Missing cached shader map for material c_usa_secret_service_torso_c_Mat, compiling. 
[2015.05.18-03.24.21:557][ 68]LogMaterial: Missing cached shader map for material M_Basic_Wall, compiling. 
[2015.05.18-03.24.21:702][ 68]LogTexture:Display: Building textures: T_Frame_M (DXT1)
[2015.05.18-03.24.23:166][ 68]LogTexture:Display: Building textures: T_Frame_N (BC5)
[2015.05.18-03.24.23:948][ 68]LogMaterial: Missing cached shader map for material M_Frame, compiling. 
[2015.05.18-03.24.23:959][ 68]LogStaticMesh: Building static mesh SM_DoorFrame...
[2015.05.18-03.24.23:960][ 68]LogStaticMesh: Built static mesh [1.506649ms] /Game/StarterContent/Props/SM_DoorFrame.SM_DoorFrame
[2015.05.18-03.24.23:964][ 68]LogStaticMesh: Building static mesh SM_GlassWindow...
[2015.05.18-03.24.23:973][ 68]LogStaticMesh: Built static mesh [8.868495ms] /Game/StarterContent/Props/SM_GlassWindow.SM_GlassWindow
[2015.05.18-03.24.23:980][ 68]LogMaterial: Missing cached shader map for material M_MaterialSphere, compiling. 
[2015.05.18-03.24.23:992][ 68]LogMaterial: Missing cached shader map for material M_MaterialSphere_Plain, compiling. 
[2015.05.18-03.24.24:146][ 68]LogTexture:Display: Building textures: HQ_Lightmap0_1 (AutoDXT)
[2015.05.18-03.24.24:817][ 68]LogTexture:Display: Building textures: HQ_Lightmap0_2 (AutoDXT)
[2015.05.18-03.24.24:850][ 68]LogTexture:Display: Building textures: HQ_Lightmap1_1 (AutoDXT)
[2015.05.18-03.24.25:585][ 68]LogTexture:Display: Building textures: HQ_Lightmap1_2 (AutoDXT)
[2015.05.18-03.24.25:627][ 68]LogTexture:Display: Building textures: LQ_Lightmap_0_1 (DXT1)
[2015.05.18-03.24.26:056][ 68]LogTexture:Display: Building textures: LQ_Lightmap_1_2 (DXT1)
[2015.05.18-03.24.26:066][ 68]LogTexture:Display: Building textures: ShadowMapTexture2D_0 (BGRA8)
[2015.05.18-03.24.26:077][ 68]LogTexture:Display: Building textures: ShadowMapTexture2D_2 (BGRA8)
[2015.05.18-03.24.26:083][ 68]LogTexture:Display: Building textures: ShadowMapTexture2D_3 (BGRA8)
[2015.05.18-03.24.26:096][ 68]LogTexture:Display: Building textures: ShadowMapTexture2D_4 (BGRA8)
[2015.05.18-03.24.26:179][ 68]LogParticles:Warning: InitializeSystem called on an unregistered component. Template=/Game/Partices/P_Sparks.P_Sparks Component=/Game/Tuts.Tuts:PersistentLevel.P_Sparks_2.ParticleSystemComponent0
[2015.05.18-03.24.34:214][ 68]LogSavePackage: Save=4277.782715ms
[2015.05.18-03.24.34:214][ 68]LogSavePackage: Moving '../../../../../../Users/Terence/Desktop/Tuts/Saved/FirstPersonExampleMapAF89C4884F8A8B5C9F0B13A7EEDA5B72.tmp' to '../../../../../../Users/Terence/Desktop/Tuts/Content/FirstPersonBP/Maps/FirstPersonExampleMap.umap'
[2015.05.18-03.24.34:319][ 68]LogFileHelpers: Saving map 'FirstPersonExampleMap' took 4.672
[2015.05.18-03.24.34:364][ 68]Cmd: OBJ SAVEPACKAGE PACKAGE="/Game/Materials/Material_002" FILE="../../../../../../Users/Terence/Desktop/Tuts/Content/Materials/Material_002.uasset" SILENT=true
[2015.05.18-03.24.34:695][ 68]LogSavePackage: Save=279.195923ms
[2015.05.18-03.24.34:695][ 68]LogSavePackage: Moving '../../../../../../Users/Terence/Desktop/Tuts/Saved/Material_002893D116A4752BF15A2A8629AE786EDEC.tmp' to '../../../../../../Users/Terence/Desktop/Tuts/Content/Materials/Material_002.uasset'
[2015.05.18-03.24.34:704][ 68]Cmd: MAP LOAD FILE="../../../../../../Users/Terence/Desktop/Tuts/Content/Tuts.umap" TEMPLATE=0 SHOWPROGRESS=1 FEATURELEVEL=2
[2015.05.18-03.24.34:704][ 68]LightingResults: New page: Lighting Build
[2015.05.18-03.24.34:779][ 68]LoadErrors: New page: Loading map: Tuts.umap
[2015.05.18-03.24.34:782][ 68]MapCheck: New page: Map Check
[2015.05.18-03.24.34:782][ 68]LightingResults: New page: Lighting Build
[2015.05.18-03.24.34:807][ 68]LogParticles: Destroying 0 GPU particle simulations for FXSystem 0x000000D56996AE80
[2015.05.18-03.24.35:300][ 68]LogEditorServer: Finished looking for orphan Actors (0.000 secs)
[2015.05.18-03.24.35:306][ 68]LogAIModule: Creating AISystem for world Tuts
[2015.05.18-03.24.35:408][ 68]Cmd: MAP CHECKDEP
[2015.05.18-03.24.35:409][ 68]MapCheck: New page: Tuts - 18 May 2015 11:24:35 pm
[2015.05.18-03.24.35:631][ 68]MapCheck: Info Map check complete: 0 Error(s), 0 Warning(s), took 221.686ms to complete.
[2015.05.18-03.24.35:632][ 68]LogFileHelpers: Loading map 'Tuts' took 0.932
[2015.05.18-03.25.08:665][417]LogEditorViewport: Clicking on Actor (LMB): Emitter (P_Sparks)
[2015.05.18-03.25.15:481][486]LogContentBrowser:Verbose: The content browser source was changed by the sources view to '/Game/Partices'
[2015.05.18-03.25.17:275][505]LogContentBrowser: Native class hierarchy updated for 'Cascade' in 0.0050 seconds. Added 2 classes and 2 folders.
[2015.05.18-03.25.17:310][505]LogPhysics:Warning: PHYSX: ..\..\PhysXExtensions\src\ExtRigidBodyExt.cpp (234) 4 : computeMassAndInertia: Dynamic actor with illegal collision shapes
[2015.05.18-03.25.17:310][505]LogPhysics:Warning: PHYSX: ..\..\PhysXExtensions\src\ExtRigidBodyExt.cpp (283) 4 : PxRigidBodyExt::updateMassAndInertia: Mass and inertia computation failed, setting mass to 1 and inertia to (1,1,1)
[2015.05.18-03.25.20:973][678]LogCascade: Non-seeded module ParticleModuleRequired
[2015.05.18-03.25.42:763][902]LogParticles:Warning: MaxCount = 30185 for Emitter ParticleSpriteEmitter_0 (/Game/Partices/P_Sparks.P_Sparks)
[2015.05.18-03.25.46:625][131]LogParticles:Warning: MaxCount = 150826 for Emitter ParticleSpriteEmitter_0 (/Game/Partices/P_Sparks.P_Sparks)
[2015.05.18-03.25.54:458][354]Cmd: STAT FPS
[2015.05.18-03.26.15:935][946]LogParticles:Warning: MaxCount = 30185 for Emitter ParticleSpriteEmitter_0 (/Game/Partices/P_Sparks.P_Sparks)
[2015.05.18-03.26.33:233][232]LogCascade: Quitting Cascade. FXSystem=0x000000D56B6ADC60
[2015.05.18-03.26.35:928][265]LogParticles: Destroying 0 GPU particle simulations for FXSystem 0x000000D56B6ADC60
[2015.05.18-03.26.35:929][265]LogParticles: Destroying 0 GPU particle simulations for FXSystem 0x000000D525780EA0
[2015.05.18-03.26.38:517][266]Cmd: QUIT_EDITOR
[2015.05.18-03.26.38:821][266]LogExit: Preparing to exit.
[2015.05.18-03.26.39:080][266]LogExit: Editor shut down
[2015.05.18-03.26.39:081][266]LogExit: Transaction tracking system shut down
[2015.05.18-03.26.39:082][266]LogParticles: Destroying 0 GPU particle simulations for FXSystem 0x000000D521DC7EC0
[2015.05.18-03.26.39:082][266]LogParticles: Destroying 0 GPU particle simulations for FXSystem 0x000000D569D0C720
[2015.05.18-03.26.39:082][266]LogParticles: Destroying 0 GPU particle simulations for FXSystem 0x000000D569D0C180
[2015.05.18-03.26.39:087][266]LogParticles: Destroying 0 GPU particle simulations for FXSystem 0x000000D536686F20
[2015.05.18-03.26.39:088][266]LogParticles: Destroying 0 GPU particle simulations for FXSystem 0x000000D56993C900
[2015.05.18-03.26.39:159][266]LogExit: Object subsystem successfully closed.
[2015.05.18-03.26.39:220][266]LogModuleManager: Shutting down and abandoning module DistCurveEditor (180)
[2015.05.18-03.26.39:220][266]LogModuleManager: Shutting down and abandoning module Cascade (179)
[2015.05.18-03.26.39:220][266]LogModuleManager: Shutting down and abandoning module MaterialEditor (178)
[2015.05.18-03.26.39:220][266]LogModuleManager: Shutting down and abandoning module CrashTracker (177)
[2015.05.18-03.26.39:220][266]LogModuleManager: Shutting down and abandoning module SuperSearch (176)
[2015.05.18-03.26.39:220][266]LogModuleManager: Shutting down and abandoning module SceneOutliner (175)
[2015.05.18-03.26.39:220][266]LogModuleManager: Shutting down and abandoning module EditorWidgets (174)
[2015.05.18-03.26.39:220][266]LogModuleManager: Shutting down and abandoning module CollectionManager (173)
[2015.05.18-03.26.39:220][266]LogModuleManager: Shutting down and abandoning module StatsViewer (172)
[2015.05.18-03.26.39:220][266]LogModuleManager: Shutting down and abandoning module FoliageEdit (171)
[2015.05.18-03.26.39:220][266]LogModuleManager: Shutting down and abandoning module LandscapeEditor (170)
[2015.05.18-03.26.39:220][266]LogModuleManager: Shutting down and abandoning module MeshPaint (169)
[2015.05.18-03.26.39:220][266]LogModuleManager: Shutting down and abandoning module ActorPickerMode (168)
[2015.05.18-03.26.39:220][266]LogModuleManager: Shutting down and abandoning module GeometryMode (167)
[2015.05.18-03.26.39:220][266]LogModuleManager: Shutting down and abandoning module TextureAlignMode (166)
[2015.05.18-03.26.39:221][266]LogModuleManager: Shutting down and abandoning module BspMode (165)
[2015.05.18-03.26.39:221][266]LogModuleManager: Shutting down and abandoning module PlacementMode (164)
[2015.05.18-03.26.39:221][266]LogModuleManager: Shutting down and abandoning module AutomationWorker (163)
[2015.05.18-03.26.39:221][266]LogModuleManager: Shutting down and abandoning module CharacterAI (162)
[2015.05.18-03.26.39:221][266]LogModuleManager: Shutting down and abandoning module SmartSnapping (161)
[2015.05.18-03.26.39:221][266]LogModuleManager: Shutting down and abandoning module ViewportSnapping (160)
[2015.05.18-03.26.39:221][266]LogModuleManager: Shutting down and abandoning module LogVisualizer (159)
[2015.05.18-03.26.39:221][266]LogModuleManager: Shutting down and abandoning module GameProjectGeneration (158)
[2015.05.18-03.26.39:221][266]LogModuleManager: Shutting down and abandoning module IntroTutorials (157)
[2015.05.18-03.26.39:221][266]LogModuleManager: Shutting down and abandoning module EditorLiveStreaming (156)
[2015.05.18-03.26.39:221][266]LogModuleManager: Shutting down and abandoning module HardwareTargeting (155)
[2015.05.18-03.26.39:221][266]LogModuleManager: Shutting down and abandoning module DeviceProfileEditor (154)
[2015.05.18-03.26.39:221][266]LogModuleManager: Shutting down and abandoning module UndoHistory (153)
[2015.05.18-03.26.39:221][266]LogModuleManager: Shutting down and abandoning module GameplayTagsEditor (152)
[2015.05.18-03.26.39:221][266]LogModuleManager: Shutting down and abandoning module UserFeedback (151)
[2015.05.18-03.26.39:221][266]LogModuleManager: Shutting down and abandoning module XmlParser (150)
[2015.05.18-03.26.39:221][266]LogModuleManager: Shutting down and abandoning module Blutility (149)
[2015.05.18-03.26.39:221][266]LogModuleManager: Shutting down and abandoning module IOSPlatformEditor (148)
[2015.05.18-03.26.39:221][266]LogModuleManager: Shutting down and abandoning module IOSRuntimeSettings (147)
[2015.05.18-03.26.39:221][266]LogModuleManager: Shutting down and abandoning module AndroidDeviceDetection (146)
[2015.05.18-03.26.39:510][266]LogModuleManager: Shutting down and abandoning module AndroidPlatformEditor (145)
[2015.05.18-03.26.39:510][266]LogModuleManager: Shutting down and abandoning module AndroidRuntimeSettings (144)
[2015.05.18-03.26.39:510][266]LogModuleManager: Shutting down and abandoning module ProjectTargetPlatformEditor (143)
[2015.05.18-03.26.39:510][266]LogModuleManager: Shutting down and abandoning module ProjectSettingsViewer (142)
[2015.05.18-03.26.39:510][266]LogModuleManager: Shutting down and abandoning module InputBindingEditor (141)
[2015.05.18-03.26.39:512][266]LogModuleManager: Shutting down and abandoning module EditorSettingsViewer (140)
[2015.05.18-03.26.39:512][266]LogModuleManager: Shutting down and abandoning module SettingsEditor (139)
[2015.05.18-03.26.39:512][266]LogModuleManager: Shutting down and abandoning module ProjectLauncher (138)
[2015.05.18-03.26.39:512][266]LogModuleManager: Shutting down and abandoning module SessionFrontend (137)
[2015.05.18-03.26.39:512][266]LogModuleManager: Shutting down and abandoning module ProfilerClient (136)
[2015.05.18-03.26.39:512][266]LogModuleManager: Shutting down and abandoning module TargetDeviceServices (135)
[2015.05.18-03.26.39:512][266]LogModuleManager: Shutting down and abandoning module DeviceManager (134)
[2015.05.18-03.26.39:512][266]LogModuleManager: Shutting down and abandoning module AutomationController (133)
[2015.05.18-03.26.39:512][266]LogModuleManager: Shutting down and abandoning module AutomationWindow (132)
[2015.05.18-03.26.39:512][266]LogModuleManager: Shutting down and abandoning module Layers (131)
[2015.05.18-03.26.39:512][266]LogModuleManager: Shutting down and abandoning module ComponentVisualizers (130)
[2015.05.18-03.26.39:512][266]LogModuleManager: Shutting down and abandoning module DetailCustomizations (129)
[2015.05.18-03.26.39:512][266]LogModuleManager: Shutting down and abandoning module PackagesDialog (128)
[2015.05.18-03.26.39:512][266]LogModuleManager: Shutting down and abandoning module AssetRegistry (127)
[2015.05.18-03.26.39:554][266]LogModuleManager: Shutting down and abandoning module Persona (126)
[2015.05.18-03.26.39:554][266]LogModuleManager: Shutting down and abandoning module SlateReflector (125)
[2015.05.18-03.26.39:554][266]LogModuleManager: Shutting down and abandoning module LevelEditor (124)
[2015.05.18-03.26.39:555][266]LogModuleManager: Shutting down and abandoning module Kismet (123)
[2015.05.18-03.26.39:555][266]LogModuleManager: Shutting down and abandoning module GraphEditor (122)
[2015.05.18-03.26.39:555][266]LogModuleManager: Shutting down and abandoning module ClassViewer (121)
[2015.05.18-03.26.39:555][266]LogModuleManager: Shutting down and abandoning module Toolbox (120)
[2015.05.18-03.26.39:555][266]LogModuleManager: Shutting down and abandoning module ModuleUI (119)
[2015.05.18-03.26.39:555][266]LogModuleManager: Shutting down and abandoning module MovieSceneTools (118)
[2015.05.18-03.26.39:555][266]LogModuleManager: Shutting down and abandoning module OutputLog (117)
[2015.05.18-03.26.39:555][266]LogModuleManager: Shutting down and abandoning module GammaUI (116)
[2015.05.18-03.26.39:555][266]LogModuleManager: Shutting down and abandoning module Documentation (115)
[2015.05.18-03.26.39:555][266]LogModuleManager: Shutting down and abandoning module GameLiveStreaming (114)
[2015.05.18-03.26.39:555][266]LogModuleManager: Shutting down and abandoning module StreamingPauseRendering (113)
[2015.05.18-03.26.39:555][266]LogModuleManager: Shutting down and abandoning module HTTP (112)
[2015.05.18-03.26.39:555][266]LogModuleManager: Shutting down and abandoning module AnalyticsET (111)
[2015.05.18-03.26.39:555][266]LogModuleManager: Shutting down and abandoning module Analytics (110)
[2015.05.18-03.26.39:555][266]LogModuleManager: Shutting down and abandoning module AITestSuite (109)
[2015.05.18-03.26.39:555][266]LogModuleManager: Shutting down and abandoning module GameplayDebugger (108)
[2015.05.18-03.26.39:556][266]LogModuleManager: Shutting down and abandoning module AIModule (107)
[2015.05.18-03.26.39:556][266]LogModuleManager: Shutting down and abandoning module ProfilerService (106)
[2015.05.18-03.26.39:632][266]LogModuleManager: Shutting down and abandoning module TaskGraph (105)
[2015.05.18-03.26.39:632][266]LogModuleManager: Shutting down and abandoning module SlateRemote (104)
[2015.05.18-03.26.39:632][266]LogModuleManager: Shutting down and abandoning module ScriptEditorPlugin (103)
[2015.05.18-03.26.39:632][266]LogModuleManager: Shutting down and abandoning module CustomMeshComponent (102)
[2015.05.18-03.26.39:632][266]LogModuleManager: Shutting down and abandoning module CableComponent (101)
[2015.05.18-03.26.39:632][266]LogModuleManager: Shutting down and abandoning module MessagingDebugger (100)
[2015.05.18-03.26.39:632][266]LogModuleManager: Shutting down and abandoning module MediaPlayerEditor (99)
[2015.05.18-03.26.39:632][266]LogModuleManager: Shutting down and abandoning module SpeedTreeImporter (98)
[2015.05.18-03.26.39:632][266]LogModuleManager: Shutting down and abandoning module PluginsEditor (97)
[2015.05.18-03.26.39:632][266]LogModuleManager: Shutting down and abandoning module MainFrame (96)
[2015.05.18-03.26.39:632][266]LogModuleManager: Shutting down and abandoning module EpicSurvey (95)
[2015.05.18-03.26.39:632][266]LogModuleManager: Shutting down and abandoning module DesktopPlatform (94)
[2015.05.18-03.26.39:633][266]LogModuleManager: Shutting down and abandoning module DirectoryWatcher (93)
[2015.05.18-03.26.39:633][266]LogModuleManager: Shutting down and abandoning module HotReload (92)
[2015.05.18-03.26.39:633][266]LogModuleManager: Shutting down and abandoning module VisualStudioSourceCodeAccess (91)
[2015.05.18-03.26.39:633][266]LogModuleManager: Shutting down and abandoning module UObjectPlugin (90)
[2015.05.18-03.26.39:633][266]LogModuleManager: Shutting down and abandoning module SubversionSourceControl (89)
[2015.05.18-03.26.39:633][266]LogModuleManager: Shutting down and abandoning module PerforceSourceControl (88)
[2015.05.18-03.26.39:633][266]LogModuleManager: Shutting down and abandoning module SourceControl (87)
[2015.05.18-03.26.39:633][266]LogModuleManager: Shutting down and abandoning module GitSourceControl (86)
[2015.05.18-03.26.39:633][266]LogModuleManager: Shutting down and abandoning module BlankPlugin (85)
[2015.05.18-03.26.39:633][266]LogModuleManager: Shutting down and abandoning module PaperTiledImporter (84)
[2015.05.18-03.26.39:633][266]LogModuleManager: Shutting down and abandoning module PaperJsonImporter (83)
[2015.05.18-03.26.39:633][266]LogModuleManager: Shutting down and abandoning module ContentBrowser (82)
[2015.05.18-03.26.39:634][266]LogModuleManager: Shutting down and abandoning module Paper2DEditor (81)
[2015.05.18-03.26.39:635][266]LogModuleManager: Shutting down and abandoning module ScriptPlugin (80)
[2015.05.18-03.26.39:635][266]LogModuleManager: Shutting down and abandoning module UdpMessaging (79)
[2015.05.18-03.26.39:735][266]LogModuleManager: Shutting down and abandoning module Paper2D (78)
[2015.05.18-03.26.39:735][266]LogModuleManager: Shutting down and abandoning module WindowsMoviePlayer (77)
[2015.05.18-03.26.39:740][266]LogModuleManager: Shutting down and abandoning module Media (76)
[2015.05.18-03.26.39:741][266]LogModuleManager: Shutting down and abandoning module WmfMedia (75)
[2015.05.18-03.26.39:741][266]LogModuleManager: Shutting down and abandoning module OnlineBlueprintSupport (74)
[2015.05.18-03.26.39:741][266]LogModuleManager: Shutting down and abandoning module PropertyEditor (73)
[2015.05.18-03.26.39:741][266]LogModuleManager: Shutting down and abandoning module BehaviorTreeEditor (72)
[2015.05.18-03.26.39:741][266]LogModuleManager: Shutting down and abandoning module FunctionalTesting (71)
[2015.05.18-03.26.39:741][266]LogModuleManager: Shutting down and abandoning module CollisionAnalyzer (70)
[2015.05.18-03.26.39:741][266]LogModuleManager: Shutting down and abandoning module WorkspaceMenuStructure (69)
[2015.05.18-03.26.39:741][266]LogModuleManager: Shutting down and abandoning module MessageLog (68)
[2015.05.18-03.26.39:741][266]LogModuleManager: Shutting down and abandoning module Sequencer (67)
[2015.05.18-03.26.39:742][266]LogModuleManager: Shutting down and abandoning module AssetTools (66)
[2015.05.18-03.26.39:742][266]LogModuleManager: Shutting down and abandoning module UMGEditor (65)
[2015.05.18-03.26.39:742][266]LogModuleManager: Shutting down and abandoning module UMG (64)
[2015.05.18-03.26.39:742][266]LogModuleManager: Shutting down and abandoning module Slate (63)
[2015.05.18-03.26.39:742][266]LogModuleManager: Shutting down and abandoning module EditorStyle (62)
[2015.05.18-03.26.39:750][266]LogModuleManager: Shutting down and abandoning module SessionServices (61)
[2015.05.18-03.26.39:750][266]LogModuleManager: Shutting down and abandoning module SourceCodeAccess (60)
[2015.05.18-03.26.39:750][266]LogModuleManager: Shutting down and abandoning module HeadMountedDisplay (59)
[2015.05.18-03.26.39:750][266]LogModuleManager: Shutting down and abandoning module XAudio2 (58)
[2015.05.18-03.26.39:750][266]LogModuleManager: Shutting down and abandoning module Networking (56)
[2015.05.18-03.26.39:750][266]LogModuleManager: Shutting down and abandoning module Core (55)
[2015.05.18-03.26.39:750][266]LogModuleManager: Shutting down and abandoning module KismetCompiler (54)
[2015.05.18-03.26.39:750][266]LogModuleManager: Shutting down and abandoning module PhysXFormats (53)
[2015.05.18-03.26.39:750][266]LogModuleManager: Shutting down and abandoning module MeshUtilities (52)
[2015.05.18-03.26.39:750][266]LogModuleManager: Shutting down and abandoning module DerivedDataCache (51)
[2015.05.18-03.26.39:786][266]LogDerivedDataCache: Shutdown
[2015.05.18-03.26.39:786][266]LogModuleManager: Shutting down and abandoning module ShaderFormatOpenGL (50)
[2015.05.18-03.26.39:786][266]LogModuleManager: Shutting down and abandoning module ShaderFormatD3D (49)
[2015.05.18-03.26.39:786][266]LogModuleManager: Shutting down and abandoning module MetalShaderFormat (48)
[2015.05.18-03.26.39:786][266]LogModuleManager: Shutting down and abandoning module TextureFormatUncompressed (47)
[2015.05.18-03.26.39:786][266]LogModuleManager: Shutting down and abandoning module TextureFormatPVR (46)
[2015.05.18-03.26.39:786][266]LogModuleManager: Shutting down and abandoning module TextureFormatIntelISPCTexComp (45)
[2015.05.18-03.26.39:786][266]LogModuleManager: Shutting down and abandoning module TextureFormatDXT (44)
[2015.05.18-03.26.39:786][266]LogModuleManager: Shutting down and abandoning module ImageWrapper (43)
[2015.05.18-03.26.39:786][266]LogModuleManager: Shutting down and abandoning module TextureFormatASTC (42)
[2015.05.18-03.26.39:786][266]LogModuleManager: Shutting down and abandoning module TextureFormatAndroid (41)
[2015.05.18-03.26.39:786][266]LogModuleManager: Shutting down and abandoning module AudioFormatOpus (40)
[2015.05.18-03.26.39:786][266]LogModuleManager: Shutting down and abandoning module AudioFormatOgg (39)
[2015.05.18-03.26.39:786][266]LogModuleManager: Shutting down and abandoning module AudioFormatADPCM (38)
[2015.05.18-03.26.39:786][266]LogModuleManager: Shutting down and abandoning module LinuxTargetPlatform (37)
[2015.05.18-03.26.39:786][266]LogModuleManager: Shutting down and abandoning module LinuxServerTargetPlatform (36)
[2015.05.18-03.26.39:786][266]LogModuleManager: Shutting down and abandoning module LinuxNoEditorTargetPlatform (35)
[2015.05.18-03.26.39:786][266]LogModuleManager: Shutting down and abandoning module Messaging (34)
[2015.05.18-03.26.39:786][266]LogModuleManager: Shutting down and abandoning module IOSTargetPlatform (33)
[2015.05.18-03.26.39:786][266]LogModuleManager: Shutting down and abandoning module HTML5TargetPlatform (32)
[2015.05.18-03.26.39:786][266]LogModuleManager: Shutting down and abandoning module Android_PVRTCTargetPlatform (31)
[2015.05.18-03.26.39:786][266]LogModuleManager: Shutting down and abandoning module Android_ETC2TargetPlatform (30)
[2015.05.18-03.26.39:786][266]LogModuleManager: Shutting down and abandoning module Android_ETC1TargetPlatform (29)
[2015.05.18-03.26.39:786][266]LogModuleManager: Shutting down and abandoning module Android_ES31TargetPlatform (28)
[2015.05.18-03.26.39:786][266]LogModuleManager: Shutting down and abandoning module Android_DXTTargetPlatform (27)
[2015.05.18-03.26.39:786][266]LogModuleManager: Shutting down and abandoning module Android_ATCTargetPlatform (26)
[2015.05.18-03.26.39:786][266]LogModuleManager: Shutting down and abandoning module AndroidTargetPlatform (25)
[2015.05.18-03.26.39:786][266]LogModuleManager: Shutting down and abandoning module WindowsTargetPlatform (24)
[2015.05.18-03.26.39:786][266]LogModuleManager: Shutting down and abandoning module WindowsServerTargetPlatform (23)
[2015.05.18-03.26.39:786][266]LogModuleManager: Shutting down and abandoning module WindowsNoEditorTargetPlatform (22)
[2015.05.18-03.26.39:786][266]LogModuleManager: Shutting down and abandoning module WindowsClientTargetPlatform (21)
[2015.05.18-03.26.39:786][266]LogModuleManager: Shutting down and abandoning module TargetPlatform (20)
[2015.05.18-03.26.39:787][266]LogModuleManager: Shutting down and abandoning module InputCore (19)
[2015.05.18-03.26.39:787][266]LogModuleManager: Shutting down and abandoning module Settings (18)
[2015.05.18-03.26.39:787][266]LogModuleManager: Shutting down and abandoning module OnlineSubsystem (16)
[2015.05.18-03.26.39:787][266]LogModuleManager: Shutting down and abandoning module OculusRift (15)
[2015.05.18-03.26.39:787][266]LogModuleManager: Shutting down and abandoning module ExampleDeviceProfileSelector (14)
[2015.05.18-03.26.39:787][266]LogModuleManager: Shutting down and abandoning module TextureCompressor (13)
[2015.05.18-03.26.39:787][266]LogModuleManager: Shutting down and abandoning module ShaderCore (12)
[2015.05.18-03.26.39:787][266]LogModuleManager: Shutting down and abandoning module Landscape (11)
[2015.05.18-03.26.39:787][266]LogModuleManager: Shutting down and abandoning module SlateRHIRenderer (10)
[2015.05.18-03.26.39:789][266]LogModuleManager: Shutting down and abandoning module OpenGLDrv (9)
[2015.05.18-03.26.39:789][266]LogModuleManager: Shutting down and abandoning module D3D11RHI (8)
[2015.05.18-03.26.39:789][266]LogModuleManager: Shutting down and abandoning module Renderer (7)
[2015.05.18-03.26.39:789][266]LogModuleManager: Shutting down and abandoning module Engine (6)
[2015.05.18-03.26.39:789][266]LogModuleManager: Shutting down and abandoning module CoreUObject (5)
[2015.05.18-03.26.39:789][266]LogModuleManager: Shutting down and abandoning module NetworkFile (4)
[2015.05.18-03.26.39:789][266]LogModuleManager: Shutting down and abandoning module StreamingFile (3)
[2015.05.18-03.26.39:789][266]LogModuleManager: Shutting down and abandoning module SandboxFile (2)
[2015.05.18-03.26.39:789][266]LogModuleManager: Shutting down and abandoning module PakFile (1)
[2015.05.18-03.26.39:790][266]LogExit: Exiting.
[2015.05.18-03.26.39:819][266]Log file closed, 05/18/15 13:26:39
