Log file open, 05/17/15 17:49:16
LogInit:Display: Running engine for game: Tuts
LogInit: Version: 4.7.6-2513093+++depot+UE4-Releases+4.7
LogInit: API Version: 2455222
LogInit: Compiled (64-bit): Apr 15 2015 12:09:54
LogInit: Compiled with Visual C++: 18.00.21005.01
LogInit: Build Configuration: Development
LogInit: Branch Name: ++depot+UE4-Releases+4.7
LogInit: Command line: 
LogInit: Base directory: C:/Program Files/Epic Games/4.7/Engine/Binaries/Win64/
LogInit: Rocket: 1
[2015.05.17-07.49.16:191][  0]LogTaskGraph: Started task graph with 3 named threads and 4 total threads.
[2015.05.17-07.49.16:226][  0]LogOnline:Warning: No default platform service specified for OnlineSubsystem
[2015.05.17-07.49.16:240][  0]LogInit: Presizing for 0 objects not considered by GC, pre-allocating 0 bytes.
[2015.05.17-07.49.16:252][  0]LogInit: Object subsystem initialized
[2015.05.17-07.49.16:254][  0]LogConsoleResponse:Warning: Skipping Unknown console variable: 'TranslucentSortAxis = (X=0.000000,Y=-1.000000,Z=0.000000)'
[2015.05.17-07.49.16:254][  0]LogConsoleResponse:Warning:   Found in ini file 'C:/Users/jbutl_000/Documents/Unreal Projects/Tuts/Saved/Config/Windows/Engine.ini', in section '[/Script/Engine.RendererSettings]'
[2015.05.17-07.49.16:254][  0]LogConsoleResponse:Warning: Skipping Unknown console variable: 'UIScaleRule = ShortestSide'
[2015.05.17-07.49.16:254][  0]LogConsoleResponse:Warning:   Found in ini file 'C:/Users/jbutl_000/Documents/Unreal Projects/Tuts/Saved/Config/Windows/Engine.ini', in section '[/Script/Engine.RendererSettings]'
[2015.05.17-07.49.16:254][  0]LogConsoleResponse:Warning: Skipping Unknown console variable: 'UIScaleCurve = (EditorCurveData=(Keys=),ExternalCurve=None)'
[2015.05.17-07.49.16:254][  0]LogConsoleResponse:Warning:   Found in ini file 'C:/Users/jbutl_000/Documents/Unreal Projects/Tuts/Saved/Config/Windows/Engine.ini', in section '[/Script/Engine.RendererSettings]'
[2015.05.17-07.49.16:255][  0]LogInit: Selected Device Profile: [Windows]
[2015.05.17-07.49.16:255][  0]LogInit: Applying CVar settings loaded from the selected device profile: [Windows]
[2015.05.17-07.49.16:321][  0]LogInit: Computer: BEATS
[2015.05.17-07.49.16:321][  0]LogInit: User: jbutl75
[2015.05.17-07.49.16:321][  0]LogInit: CPU Page size=4096, Cores=2
[2015.05.17-07.49.16:321][  0]LogInit: High frequency timer resolution =2.338438 MHz
[2015.05.17-07.49.16:321][  0]LogMemory: Memory total: Physical=3.9GB (4GB approx) Virtual=131072.0GB
[2015.05.17-07.49.16:322][  0]LogMemory: Platform Memory Stats for Windows
[2015.05.17-07.49.16:322][  0]LogMemory: Process Physical Memory: 45.96 MB used, 45.96 MB peak
[2015.05.17-07.49.16:322][  0]LogMemory: Process Virtual Memory: 26.26 MB used, 26.26 MB peak
[2015.05.17-07.49.16:322][  0]LogMemory: Physical Memory: 1916.06 MB used, 4043.81 MB total
[2015.05.17-07.49.16:322][  0]LogMemory: Virtual Memory: 291.58 MB used, 134217728.00 MB total
[2015.05.17-07.49.16:343][  0]LogD3D11RHI: Found D3D11 adapter 0: Intel(R) HD Graphics 3000 (Feature Level 10_0)
[2015.05.17-07.49.16:343][  0]LogD3D11RHI: Adapter has 1015MB of dedicated video memory, 0MB of dedicated system memory, and 2021MB of shared system memory, 1 output[s]
[2015.05.17-07.49.16:344][  0]LogD3D11RHI: Found D3D11 adapter 1: Microsoft Basic Render Driver (Feature Level 11_0)
[2015.05.17-07.49.16:345][  0]LogD3D11RHI: Adapter has 0MB of dedicated video memory, 0MB of dedicated system memory, and 256MB of shared system memory, 0 output[s]
[2015.05.17-07.49.16:345][  0]LogD3D11RHI: Chosen D3D11 Adapter Id = 0
[2015.05.17-07.49.16:348][  0]LogRHI: Texture pool is 1361 MB (70% of 1945 MB)
[2015.05.17-07.49.16:356][  0]LogD3D11RHI: Async texture creation enabled
[2015.05.17-07.49.16:417][  0]LogTextLocalizationManager: The requested culture ('en_US') has no localization data; parent culture's ('en') localization data will be used.
[2015.05.17-07.49.16:484][  0]LogTextLocalizationManager:Warning: Loading localization resources contain conflicting entries for (Namespace:UICommands, Key:Save_ToolTip):
Resource: (C:/Program Files/Epic Games/4.7/Engine/Content/Localization/Editor/en/Editor.locres) Hash: (-29098895) String: (Saves the current level to disk)
Resource: (C:/Program Files/Epic Games/4.7/Engine/Content/Localization/Engine/en/Engine.locres) Hash: (-1280300587) String: (Save selected data to vlog file)
[2015.05.17-07.49.16:484][  0]LogTextLocalizationManager:Warning: Loading localization resources contain conflicting entries for (Namespace:ContentBrowser, Key:ImportAssetToolTip):
Resource: (C:/Program Files/Epic Games/4.7/Engine/Content/Localization/Editor/en/Editor.locres) Hash: (-630476809) String: (Import to {0}...)
Resource: (C:/Program Files/Epic Games/4.7/Engine/Content/Localization/Editor/en/Editor.locres) Hash: (1271782899) String: (Imports an asset from file to this folder.)
[2015.05.17-07.49.16:571][  0]LogContentStreaming: Texture pool size is 0.000000MB
[2015.05.17-07.49.19:189][  0]LogTargetPlatformManager:Display: Building Assets For Windows
[2015.05.17-07.49.20:009][  0]LogTargetPlatformManager:Display: Building Assets For Windows
[2015.05.17-07.49.20:085][  0]LogDerivedDataCache:Display: Max Cache Size: 512 MB
[2015.05.17-07.49.20:151][  0]LogDerivedDataCache: Loaded boot cache 0.07s 36MB C:/Users/jbutl_000/AppData/Local/UnrealEngine/4.7/DerivedDataCache/Boot.ddc.
[2015.05.17-07.49.20:151][  0]LogDerivedDataCache:Display: Loaded Boot cache: C:/Users/jbutl_000/AppData/Local/UnrealEngine/4.7/DerivedDataCache/Boot.ddc
[2015.05.17-07.49.20:151][  0]LogDerivedDataCache: FDerivedDataBackendGraph:  Pak pak cache file ../../../../../../Users/jbutl_000/Documents/Unreal Projects/Tuts/DerivedDataCache/DDC.ddp not found, will not use a pak cache.
[2015.05.17-07.49.20:151][  0]LogDerivedDataCache: Unable to find inner node Pak for hierarchical cache Hierarchy.
[2015.05.17-07.49.20:298][  0]LogDerivedDataCache:Display: Pak cache opened for reading ../../../Engine/DerivedDataCache/Compressed.ddp.
[2015.05.17-07.49.20:311][  0]LogDerivedDataCache: Using Local data cache path C:/Users/jbutl_000/AppData/Local/UnrealEngine/Common/DerivedDataCache: Writable
[2015.05.17-07.49.20:709][  0]LogMeshUtilities: No automatic mesh reduction module available
[2015.05.17-07.49.20:709][  0]LogMeshUtilities: No automatic mesh merging module available
[2015.05.17-07.49.21:288][  0]LogInit: WinSock: version 1.1 (2.2), MaxSocks=32767, MaxUdp=65467
[2015.05.17-07.49.21:375][  0]LogSlate:Warning: Failed to load font data from '../../../Engine/Content/Slate/Fonts/Roboto-Italic.ttf'
[2015.05.17-07.49.22:432][  0]UdpMessaging: Initializing bridge on interface 0.0.0.0:0 to multicast group 230.0.0.1:6666.
[2015.05.17-07.49.22:814][  0]SourceControl: Info Source control is disabled
[2015.05.17-07.49.22:814][  0]SourceControl: Info Source control is disabled
[2015.05.17-07.49.22:814][  0]SourceControl: Info Source control is disabled
[2015.05.17-07.49.22:814][  0]LogSourceControl: RunCommandInternalRaw: 'git version'
[2015.05.17-07.49.22:815][  0]LogSourceControl: RunCommandInternalRaw: ExecProcess ReturnCode=2 OutResults=''
[2015.05.17-07.49.22:825][  0]SourceControl: Info Source control is disabled
[2015.05.17-07.49.23:030][  0]LogObj: 24232 objects as part of root set at end of initial load.
[2015.05.17-07.49.23:030][  0]LogUObjectAllocator: 5137168 out of 0 bytes used by permanent object pool.
[2015.05.17-07.49.23:122][  0]LogEngine: Initializing Engine...
[2015.05.17-07.49.25:296][  0]LogInit: XAudio2 using 'Speakers / HP (IDT High Definition Audio CODEC)' : 2 channels at 48 kHz using 32 bits per sample (channel mask 0x3)
[2015.05.17-07.49.25:317][  0]LogInit: FAudioDevice initialized.
[2015.05.17-07.49.25:360][  0]LogAIModule: Creating AISystem for world NewWorld
[2015.05.17-07.49.25:386][  0]LogDerivedDataCache: Saved boot cache 0.03s 36MB C:/Users/jbutl_000/AppData/Local/UnrealEngine/4.7/DerivedDataCache/Boot.ddc.
[2015.05.17-07.49.25:397][  0]LogInit: Texture streaming: Enabled
[2015.05.17-07.49.25:506][  0]LogAnalytics: Creating configured Analytics provider AnalyticsET
[2015.05.17-07.49.25:506][  0]LogAnalytics: ET APIKey = Rocket.Release. APIServer = http://et2.epicgames.com/ET2/. AppVersion = 4.7.6-2513093+++depot+UE4-Releases+4.7
[2015.05.17-07.49.25:506][  0]LogAnalytics: ET APIKey = Rocket.Release. DataRouterUploadURL = https://datarouter-public-service-gamedev.ol.epicgames.net/datarouter/api/v1/public/data. AppVersion = 4.7.6-2513093+++depot+UE4-Releases+4.7
[2015.05.17-07.49.25:506][  0]LogAnalytics: SetUserId 4ef35f964f4e4604a79b73919b19a5e8|4b329d41c9194136a0c76ae4052c1778|27ce72d0-b477-4cbb-abfe-63a03639d778
[2015.05.17-07.49.25:506][  0]LogAnalytics: AnalyticsET::StartSession [Rocket.Release]
[2015.05.17-07.49.25:530][  0]LogInit: Transaction tracking system initialized
[2015.05.17-07.49.25:744][  0]BlueprintLog: New page: Editor Load
[2015.05.17-07.49.25:783][  0]LogAssetRegistry: FAssetRegistry took 0.0104 seconds to start up
[2015.05.17-07.49.25:784][  0]LogDirectoryWatcher:Warning: Failed to begin reading directory changes for ../../../Engine/Plugins/Experimental/CharacterAI/Content/. Error: 0
[2015.05.17-07.49.26:677][  0]LogTargetPlatformManager:Display: Building Assets For Windows
[2015.05.17-07.49.27:232][  0]LogTargetPlatformManager:Display: Building Assets For Windows
[2015.05.17-07.49.27:652][  0]LogSlate:Warning: Failed to load font data from '../../../Engine/Content/Editor/Slate/Fonts/Roboto-Regular.ttf'
[2015.05.17-07.49.27:653][  0]LogSlate:Warning: Failed to load font data from '../../../Engine/Content/Editor/Slate/Fonts/Roboto-Bold.ttf'
[2015.05.17-07.49.27:711][  0]LogConsoleResponse:Display: 
[2015.05.17-07.49.27:979][  0]LogCook:Display: Done creating registry. It took  0.00s.
[2015.05.17-07.49.28:165][  0]SourceControl: Info Source control is disabled
[2015.05.17-07.49.28:165][  0]Cmd: MAP LOAD FILE="../../../../../../Users/jbutl_000/Documents/Unreal Projects/Tuts/Content/FirstPersonBP/Maps/FirstPersonExampleMap.umap" TEMPLATE=0 SHOWPROGRESS=1 FEATURELEVEL=2
[2015.05.17-07.49.28:223][  0]LightingResults: New page: Lighting Build
[2015.05.17-07.49.28:239][  0]MapCheck: New page: Map Check
[2015.05.17-07.49.28:239][  0]LightingResults: New page: Lighting Build
[2015.05.17-07.49.28:261][  0]LogParticles: Destroying 0 GPU particle simulations for FXSystem 0x000000D1BF187060
[2015.05.17-07.49.28:414][  0]LogLinker:Warning: Asset '../../../Engine/Content/EngineMeshes/Humanoid.uasset' has been saved with empty engine version. The asset will be loaded but may be incompatible.
[2015.05.17-07.49.40:372][  0]LogEditorServer: Finished looking for orphan Actors (0.000 secs)
[2015.05.17-07.49.42:344][  0]LogAIModule: Creating AISystem for world FirstPersonExampleMap
[2015.05.17-07.49.42:352][  0]Cmd: MAP CHECKDEP
[2015.05.17-07.49.42:352][  0]MapCheck: New page: FirstPersonExampleMap - May 18, 2015, 3:49:42 AM
[2015.05.17-07.49.42:467][  0]MapCheck: Info Map check complete: 0 Error(s), 0 Warning(s), took 114.629ms to complete.
[2015.05.17-07.49.42:467][  0]LogFileHelpers: Loading map 'FirstPersonExampleMap' took 14.301
[2015.05.17-07.49.43:185][  0]LogCollectionManager: Loaded 0 collections in 0.002208 seconds
[2015.05.17-07.49.43:200][  0]LogContentBrowser: Native class hierarchy populated in 0.0143 seconds. Added 1696 classes and 261 folders.
[2015.05.17-07.49.43:366][  0]LogContentBrowser: Native class hierarchy updated for 'SceneOutliner' in 0.0026 seconds. Added 1 classes and 2 folders.
[2015.05.17-07.49.44:111][  0]LogCrashTracker: Crashtracker disabled due to settings.
[2015.05.17-07.49.44:121][  0]LogSlate:Warning: Failed to load font data from 'Veranda'
[2015.05.17-07.49.44:146][  0]LogUObjectGlobals:Warning: Failed to find object 'Class None.'
[2015.05.17-07.49.44:178][  0]LogLoad: Full Startup: 29.66 seconds (BP compile: 0.80 seconds)
[2015.05.17-07.49.44:634][  0]LogContentBrowser:Verbose: The content browser source was changed by the sources view to '/Game/Materials'
[2015.05.17-07.49.45:187][  0]LogRenderer:Warning: Reallocating scene render targets to support 32x32 (Frame:2).
[2015.05.17-07.49.45:928][  0]LogRenderer:Warning: Reallocating 