Log file open, 05/15/15 14:56:37
LogInit:Display: Running engine for game: Tuts
LogInit: Version: 4.7.6-2513093+++depot+UE4-Releases+4.7
LogInit: API Version: 2455222
LogInit: Compiled (64-bit): Apr 15 2015 12:09:54
LogInit: Compiled with Visual C++: 18.00.21005.01
LogInit: Build Configuration: Development
LogInit: Branch Name: ++depot+UE4-Releases+4.7
LogInit: Command line:  
LogInit: Base directory: C:/Program Files/Epic Games/4.7/Engine/Binaries/Win64/
LogInit: Rocket: 1
[2015.05.15-04.56.37:824][  0]LogTaskGraph: Started task graph with 3 named threads and 4 total threads.
[2015.05.15-04.56.37:863][  0]LogOnline:Warning: No default platform service specified for OnlineSubsystem
[2015.05.15-04.56.37:880][  0]LogInit: Presizing for 0 objects not considered by GC, pre-allocating 0 bytes.
[2015.05.15-04.56.37:891][  0]LogInit: Object subsystem initialized
[2015.05.15-04.56.37:893][  0]LogConsoleResponse:Warning: Skipping Unknown console variable: 'TranslucentSortAxis = (X=0.000000,Y=-1.000000,Z=0.000000)'
[2015.05.15-04.56.37:893][  0]LogConsoleResponse:Warning:   Found in ini file 'C:/Users/jbutl_000/Documents/Unreal Projects/Tuts/Saved/Config/Windows/Engine.ini', in section '[/Script/Engine.RendererSettings]'
[2015.05.15-04.56.37:893][  0]LogConsoleResponse:Warning: Skipping Unknown console variable: 'UIScaleRule = ShortestSide'
[2015.05.15-04.56.37:893][  0]LogConsoleResponse:Warning:   Found in ini file 'C:/Users/jbutl_000/Documents/Unreal Projects/Tuts/Saved/Config/Windows/Engine.ini', in section '[/Script/Engine.RendererSettings]'
[2015.05.15-04.56.37:893][  0]LogConsoleResponse:Warning: Skipping Unknown console variable: 'UIScaleCurve = (EditorCurveData=(Keys=),ExternalCurve=None)'
[2015.05.15-04.56.37:893][  0]LogConsoleResponse:Warning:   Found in ini file 'C:/Users/jbutl_000/Documents/Unreal Projects/Tuts/Saved/Config/Windows/Engine.ini', in section '[/Script/Engine.RendererSettings]'
[2015.05.15-04.56.37:894][  0]LogInit: Selected Device Profile: [Windows]
[2015.05.15-04.56.37:894][  0]LogInit: Applying CVar settings loaded from the selected device profile: [Windows]
[2015.05.15-04.56.38:007][  0]LogInit: Computer: BEATS
[2015.05.15-04.56.38:007][  0]LogInit: User: jbutl75
[2015.05.15-04.56.38:007][  0]LogInit: CPU Page size=4096, Cores=2
[2015.05.15-04.56.38:007][  0]LogInit: High frequency timer resolution =2.338444 MHz
[2015.05.15-04.56.38:007][  0]LogMemory: Memory total: Physical=3.9GB (4GB approx) Virtual=131072.0GB
[2015.05.15-04.56.38:008][  0]LogMemory: Platform Memory Stats for Windows
[2015.05.15-04.56.38:008][  0]LogMemory: Process Physical Memory: 45.95 MB used, 45.95 MB peak
[2015.05.15-04.56.38:008][  0]LogMemory: Process Virtual Memory: 26.23 MB used, 26.24 MB peak
[2015.05.15-04.56.38:008][  0]LogMemory: Physical Memory: 2759.43 MB used, 4043.81 MB total
[2015.05.15-04.56.38:008][  0]LogMemory: Virtual Memory: 291.58 MB used, 134217728.00 MB total
[2015.05.15-04.56.38:131][  0]LogD3D11RHI: Found D3D11 adapter 0: Intel(R) HD Graphics 3000 (Feature Level 10_0)
[2015.05.15-04.56.38:131][  0]LogD3D11RHI: Adapter has 1015MB of dedicated video memory, 0MB of dedicated system memory, and 2021MB of shared system memory, 1 output[s]
[2015.05.15-04.56.38:133][  0]LogD3D11RHI: Found D3D11 adapter 1: Microsoft Basic Render Driver (Feature Level 11_0)
[2015.05.15-04.56.38:133][  0]LogD3D11RHI: Adapter has 0MB of dedicated video memory, 0MB of dedicated system memory, and 256MB of shared system memory, 0 output[s]
[2015.05.15-04.56.38:133][  0]LogD3D11RHI: Chosen D3D11 Adapter Id = 0
[2015.05.15-04.56.38:171][  0]LogRHI: Texture pool is 1361 MB (70% of 1945 MB)
[2015.05.15-04.56.38:182][  0]LogD3D11RHI: Async texture creation enabled
[2015.05.15-04.56.38:856][  0]LogTextLocalizationManager: The requested culture ('en_US') has no localization data; parent culture's ('en') localization data will be used.
[2015.05.15-04.56.38:929][  0]LogTextLocalizationManager:Warning: Loading localization resources contain conflicting entries for (Namespace:UICommands, Key:Save_ToolTip):
Resource: (C:/Program Files/Epic Games/4.7/Engine/Content/Localization/Editor/en/Editor.locres) Hash: (-29098895) String: (Saves the current level to disk)
Resource: (C:/Program Files/Epic Games/4.7/Engine/Content/Localization/Engine/en/Engine.locres) Hash: (-1280300587) String: (Save selected data to vlog file)
[2015.05.15-04.56.38:929][  0]LogTextLocalizationManager:Warning: Loading localization resources contain conflicting entries for (Namespace:ContentBrowser, Key:ImportAssetToolTip):
Resource: (C:/Program Files/Epic Games/4.7/Engine/Content/Localization/Editor/en/Editor.locres) Hash: (-630476809) String: (Import to {0}...)
Resource: (C:/Program Files/Epic Games/4.7/Engine/Content/Localization/Editor/en/Editor.locres) Hash: (1271782899) String: (Imports an asset from file to this folder.)
[2015.05.15-04.56.39:030][  0]LogContentStreaming: Texture pool size is 0.000000MB
[2015.05.15-04.56.42:117][  0]LogTargetPlatformManager:Display: Building Assets For Windows
[2015.05.15-04.56.42:970][  0]LogTargetPlatformManager:Display: Building Assets For Windows
[2015.05.15-04.56.43:078][  0]LogDerivedDataCache:Display: Max Cache Size: 512 MB
[2015.05.15-04.56.43:147][  0]LogDerivedDataCache: Loaded boot cache 0.07s 36MB C:/Users/jbutl_000/AppData/Local/UnrealEngine/4.7/DerivedDataCache/Boot.ddc.
[2015.05.15-04.56.43:147][  0]LogDerivedDataCache:Display: Loaded Boot cache: C:/Users/jbutl_000/AppData/Local/UnrealEngine/4.7/DerivedDataCache/Boot.ddc
[2015.05.15-04.56.43:147][  0]LogDerivedDataCache: FDerivedDataBackendGraph:  Pak pak cache file ../../../../../../Users/jbutl_000/Documents/Unreal Projects/Tuts/DerivedDataCache/DDC.ddp not found, will not use a pak cache.
[2015.05.15-04.56.43:147][  0]LogDerivedDataCache: Unable to find inner node Pak for hierarchical cache Hierarchy.
[2015.05.15-04.56.43:304][  0]LogDerivedDataCache:Display: Pak cache opened for reading ../../../Engine/DerivedDataCache/Compressed.ddp.
[2015.05.15-04.56.43:316][  0]LogDerivedDataCache: Using Local data cache path C:/Users/jbutl_000/AppData/Local/UnrealEngine/Common/DerivedDataCache: Writable
[2015.05.15-04.56.43:735][  0]LogMeshUtilities: No automatic mesh reduction module available
[2015.05.15-04.56.43:735][  0]LogMeshUtilities: No automatic mesh merging module available
[2015.05.15-04.56.44:347][  0]LogInit: WinSock: version 1.1 (2.2), MaxSocks=32767, MaxUdp=65467
[2015.05.15-04.56.44:463][  0]LogSlate:Warning: Failed to load font data from '../../../Engine/Content/Slate/Fonts/Roboto-Italic.ttf'
[2015.05.15-04.56.45:491][  0]UdpMessaging: Initializing bridge on interface 0.0.0.0:0 to multicast group 230.0.0.1:6666.
[2015.05.15-04.56.45:935][  0]SourceControl: Info Source control is disabled
[2015.05.15-04.56.45:935][  0]SourceControl: Info Source control is disabled
[2015.05.15-04.56.45:935][  0]SourceControl: Info Source control is disabled
[2015.05.15-04.56.45:935][  0]LogSourceControl: RunCommandInternalRaw: 'git version'
[2015.05.15-04.56.45:935][  0]LogSourceControl: RunCommandInternalRaw: ExecProcess ReturnCode=2 OutResults=''
[2015.05.15-04.56.45:948][  0]SourceControl: Info Source control is disabled
[2015.05.15-04.56.46:307][  0]LogObj: 24232 objects as part of root set at end of initial load.
[2015.05.15-04.56.46:307][  0]LogUObjectAllocator: 5137176 out of 0 bytes used by permanent object pool.
[2015.05.15-04.56.46:413][  0]LogEngine: Initializing Engine...
[2015.05.15-04.56.48:690][  0]LogInit: XAudio2 using 'Speakers / HP (IDT High Definition Audio CODEC)' : 2 channels at 48 kHz using 32 bits per sample (channel mask 0x3)
[2015.05.15-04.56.49:044][  0]LogInit: FAudioDevice initialized.
[2015.05.15-04.56.49:104][  0]LogAIModule: Creating AISystem for world NewWorld
[2015.05.15-04.56.49:135][  0]LogDerivedDataCache: Saved boot cache 0.03s 36MB C:/Users/jbutl_000/AppData/Local/UnrealEngine/4.7/DerivedDataCache/Boot.ddc.
[2015.05.15-04.56.49:152][  0]LogInit: Texture streaming: Enabled
[2015.05.15-04.56.49:280][  0]LogAnalytics: Creating configured Analytics provider AnalyticsET
[2015.05.15-04.56.49:280][  0]LogAnalytics: ET APIKey = Rocket.Release. APIServer = http://et2.epicgames.com/ET2/. AppVersion = 4.7.6-2513093+++depot+UE4-Releases+4.7
[2015.05.15-04.56.49:280][  0]LogAnalytics: ET APIKey = Rocket.Release. DataRouterUploadURL = https://datarouter-public-service-gamedev.ol.epicgames.net/datarouter/api/v1/public/data. AppVersion = 4.7.6-2513093+++depot+UE4-Releases+4.7
[2015.05.15-04.56.49:280][  0]LogAnalytics: SetUserId 4ef35f964f4e4604a79b73919b19a5e8|4b329d41c9194136a0c76ae4052c1778|27ce72d0-b477-4cbb-abfe-63a03639d778
[2015.05.15-04.56.49:280][  0]LogAnalytics: AnalyticsET::StartSession [Rocket.Release]
[2015.05.15-04.56.49:305][  0]LogInit: Transaction tracking system initialized
[2015.05.15-04.56.49:565][  0]BlueprintLog: New page: Editor Load
[2015.05.15-04.56.49:634][  0]LogAssetRegistry: FAssetRegistry took 0.0108 seconds to start up
[2015.05.15-04.56.49:635][  0]LogDirectoryWatcher:Warning: Failed to begin reading directory changes for ../../../Engine/Plugins/Experimental/CharacterAI/Content/. Error: 0
[2015.05.15-04.56.50:373][  0]LogTargetPlatformManager:Display: Building Assets For Windows
[2015.05.15-04.56.50:883][  0]LogTargetPlatformManager:Display: Building Assets For Windows
[2015.05.15-04.56.51:306][  0]LogSlate:Warning: Failed to load font data from '../../../Engine/Content/Editor/Slate/Fonts/Roboto-Regular.ttf'
[2015.05.15-04.56.51:306][  0]LogSlate:Warning: Failed to load font data from '../../../Engine/Content/Editor/Slate/Fonts/Roboto-Bold.ttf'
[2015.05.15-04.56.51:312][  0]LogConsoleResponse:Display: 
[2015.05.15-04.56.52:129][  0]LogCook:Display: Done creating registry. It took  0.00s.
[2015.05.15-04.56.52:323][  0]SourceControl: Info Source control is disabled
[2015.05.15-04.56.52:323][  0]Cmd: MAP LOAD FILE="../../../../../../Users/jbutl_000/Documents/Unreal Projects/Tuts/Content/FirstPersonBP/Maps/FirstPersonExampleMap.umap" TEMPLATE=0 SHOWPROGRESS=1 FEATURELEVEL=2
[2015.05.15-04.56.52:429][  0]LightingResults: New page: Lighting Build
[2015.05.15-04.56.52:445][  0]MapCheck: New page: Map Check
[2015.05.15-04.56.52:446][  0]LightingResults: New page: Lighting Build
[2015.05.15-04.56.52:466][  0]LogParticles: Destroying 0 GPU particle simulations for FXSystem 0x00000012F1483060
[2015.05.15-04.56.53:318][  0]LogLinker:Warning: Asset '../../../Engine/Content/EngineMeshes/Humanoid.uasset' has been saved with empty engine version. The asset will be loaded but may be incompatible.
[2015.05.15-04.57.16:530][  0]LogEditorServer: Finished looking for orphan Actors (0.000 secs)
[2015.05.15-04.57.18:591][  0]LogAIModule: Creating AISystem for world FirstPersonExampleMap
[2015.05.15-04.57.18:794][  0]Cmd: MAP CHECKDEP
[2015.05.15-04.57.18:839][  0]MapCheck: New page: FirstPersonExampleMap - May 16, 2015, 12:57:18 AM
[2015.05.15-04.57.18:968][  0]MapCheck: Info Map check complete: 0 Error(s), 0 Warning(s), took 173.675ms to complete.
[2015.05.15-04.57.19:222][  0]LogFileHelpers: Loading map 'FirstPersonExampleMap' took 26.900
[2015.05.15-04.57.32:923][  0]LogCollectionManager: Loaded 0 collections in 0.002267 seconds
[2015.05.15-04.57.33:000][  0]LogContentBrowser: Native class hierarchy populated in 0.0553 seconds. Added 1696 classes and 261 folders.
[2015.05.15-04.57.33:365][  0]LogContentBrowser: Native class hierarchy updated for 'SceneOutliner' in 0.0027 seconds. Added 1 classes and 2 folders.
[2015.05.15-04.57.35:233][  0]LogCrashTracker: Crashtracker disabled due to settings.
[2015.05.15-04.57.35:352][  0]LogSlate:Warning: Failed to load font data from 'Veranda'
[2015.05.15-04.57.35:536][  0]LogUObjectGlobals:Warning: Failed to find object 'Class None.'
[2015.05.15-04.57.35:783][  0]LogLoad: Full Startup: 60.26 seconds (BP compile: 1.59 seconds)
[2015.05.15-04.57.36:384][  0]LogContentBrowser:Verbose: The content browser source was changed by the sources view to '/Game/Partices'
[2015.05.15-04.57.38:690][  0]LogRenderer:Warning: Reallocating scene render targets to support 704x416 (Frame:2).
[2015.05.15-04.57.45:303][  6]LogAssetRegistry: Asset discovery search completed in 55.6803 seconds
[2015.05.15-04.58.06:438][219]LogContentBrowser:Verbose: The content browser source was changed by the sources view to '/Game'
[2015.05.15-04.58.30:833][301]LogParticles:Warning: InitializeSystem called on an unregistered component. Template=/Game/Partices/P_Sparks.P_Sparks Component=/Game/Tuts.Tuts:PersistentLevel.P_Sparks_2.ParticleSystemComponent0
[2015.05.15-04.58.32:172][301]Cmd: MAP LOAD FILE="../../../../../../Users/jbutl_000/Documents/Unreal Projects/Tuts/Content/Tuts.umap" TEMPLATE=0 SHOWPROGRESS=1 FEATURELEVEL=2
[2015.05.15-04.58.32:174][301]LightingResults: New page: Lighting Build
[2015.05.15-04.58.32:265][301]LoadErrors: New page: Loading map: Tuts.umap
[2015.05.15-04.58.32:346][301]MapCheck: New page: Map Check
[2015.05.15-04.58.32:346][301]LightingResults: New page: Lighting Build
[2015.05.15-04.58.32:638][301]LogParticles: Destroying 0 GPU particle simulations for FXSystem 0x00000012ED1A04A0
[2015.05.15-04.58.33:633][301]LogEditorServer: Finished looking for orphan Actors (0.000 secs)
[2015.05.15-04.58.34:177][301]LogAIModule: Creating AISystem for world Tuts
[2015.05.15-04.58.34:296][301]Cmd: MAP CHECKDEP
[2015.05.15-04.58.34:297][301]MapCheck: New page: Tuts - May 16, 2015, 12:58:34 AM
[2015.05.15-04.58.34:437][301]MapCheck: Info Map check complete: 0 Error(s), 0 Warning(s), took 140.492ms to complete.
[2015.05.15-04.58.34:439][301]LogFileHelpers: Loading map 'Tuts' took 2.379
[2015.05.15-05.00.36:051][580]LogFactory: FactoryCreateBinary: StaticMesh with FbxFactory (0 0 ../../../../../../Users/jbutl_000/Desktop/Companion.fbx)
[2015.05.15-05.00.36:435][580]LogFbx: ItemName: GlobalSettings, ItemCount : 1
[2015.05.15-05.00.36:435][580]LogFbx: ItemName: Geometry, ItemCount : 6
[2015.05.15-05.00.36:435][580]LogFbx: ItemName: Model, ItemCount : 6
[2015.05.15-05.00.36:435][580]LogFbx: ItemName: Material, ItemCount : 6
[2015.05.15-05.01.36:341][580]LogFbx: Loading FBX Scene from ../../../../../../Users/jbutl_000/Desktop/Companion.fbx
[2015.05.15-05.01.36:382][580]LogFbx: FBX Scene Loaded Succesfully
[2015.05.15-05.01.36:417][580]LogLinker:Warning: Can't find file '/Game/Lens'
[2015.05.15-05.01.36:431][580]LogLinker:Warning: Can't find file '/Game/Lens'
[2015.05.15-05.01.36:432][580]LogUObjectGlobals:Warning: Failed to find object 'MaterialInterface /Game/Lens.Lens'
[2015.05.15-05.01.36:543][580]LogMaterial: Missing cached shader map for material Lens, compiling. 
[2015.05.15-05.01.36:890][580]LogFbx:Warning: Triangulating static mesh Cylinder.002
[2015.05.15-05.01.37:089][580]LogFbx: == Initial material list:
[2015.05.15-05.01.37:089][580]LogFbx: 0: Lens
[2015.05.15-05.01.37:089][580]LogFbx: == After sorting:
[2015.05.15-05.01.37:089][580]LogFbx: 0: Lens
[2015.05.15-05.01.37:089][580]LogFbx: == Mapping table:
[2015.05.15-05.01.37:089][580]LogFbx:   sort 0 -> 0
[2015.05.15-05.01.37:470][580]LogStaticMesh: Building static mesh Companion_Cylinder_002...
[2015.05.15-05.01.39:080][580]LogStaticMesh: Built static mesh [1611.111450ms] /Game/Companion_Cylinder_002.Companion_Cylinder_002
[2015.05.15-05.01.39:339][580]LogLinker:Warning: Can't find file '/Game/Middle_Eye'
[2015.05.15-05.01.39:339][580]LogLinker:Warning: Can't find file '/Game/Middle_Eye'
[2015.05.15-05.01.39:339][580]LogUObjectGlobals:Warning: Failed to find object 'MaterialInterface /Game/Middle_Eye.Middle_Eye'
[2015.05.15-05.01.39:405][580]LogMaterial: Missing cached shader map for material Middle_Eye, compiling. 
[2015.05.15-05.01.39:416][580]LogFbx:Warning: Triangulating static mesh Sphere.003
[2015.05.15-05.01.39:678][580]LogFbx: == Initial material list:
[2015.05.15-05.01.39:678][580]LogFbx: 0: Middle_Eye
[2015.05.15-05.01.39:678][580]LogFbx: == After sorting:
[2015.05.15-05.01.39:678][580]LogFbx: 0: Middle_Eye
[2015.05.15-05.01.39:678][580]LogFbx: == Mapping table:
[2015.05.15-05.01.39:678][580]LogFbx:   sort 0 -> 0
[2015.05.15-05.01.39:711][580]LogStaticMesh: Building static mesh Companion_Sphere_003...
[2015.05.15-05.01.39:746][580]LogStaticMesh: Built static mesh [66.798691ms] /Game/Companion_Sphere_003.Companion_Sphere_003
[2015.05.15-05.01.39:992][580]LogLinker:Warning: Can't find file '/Game/Eye'
[2015.05.15-05.01.39:993][580]LogLinker:Warning: Can't find file '/Game/Eye'
[2015.05.15-05.01.39:993][580]LogUObjectGlobals:Warning: Failed to find object 'MaterialInterface /Game/Eye.Eye'
[2015.05.15-05.01.40:031][580]LogMaterial: Missing cached shader map for material Eye, compiling. 
[2015.05.15-05.01.40:046][580]LogLinker:Warning: Can't find file '/Game/Eye_Centre'
[2015.05.15-05.01.40:047][580]LogLinker:Warning: Can't find file '/Game/Eye_Centre'
[2015.05.15-05.01.40:047][580]LogUObjectGlobals:Warning: Failed to find object 'MaterialInterface /Game/Eye_Centre.Eye_Centre'
[2015.05.15-05.01.40:148][580]LogMaterial: Missing cached shader map for material Eye_Centre, compiling. 
[2015.05.15-05.01.40:162][580]LogFbx:Warning: Triangulating static mesh Sphere.002
[2015.05.15-05.01.40:417][580]LogFbx: == Initial material list:
[2015.05.15-05.01.40:417][580]LogFbx: 0: Eye
[2015.05.15-05.01.40:417][580]LogFbx: 1: Eye_Centre
[2015.05.15-05.01.40:417][580]LogFbx: == After sorting:
[2015.05.15-05.01.40:417][580]LogFbx: 0: Eye
[2015.05.15-05.01.40:417][580]LogFbx: 1: Eye_Centre
[2015.05.15-05.01.40:417][580]LogFbx: == Mapping table:
[2015.05.15-05.01.40:417][580]LogFbx:   sort 0 -> 0
[2015.05.15-05.01.40:417][580]LogFbx:   sort 1 -> 1
[2015.05.15-05.01.40:448][580]LogStaticMesh: Building static mesh Companion_Sphere_002...
[2015.05.15-05.01.40:477][580]LogStaticMesh: Built static mesh [58.264385ms] /Game/Companion_Sphere_002.Companion_Sphere_002
[2015.05.15-05.01.40:504][580]LogLinker:Warning: Can't find file '/Game/Shell'
[2015.05.15-05.01.40:504][580]LogLinker:Warning: Can't find file '/Game/Shell'
[2015.05.15-05.01.40:504][580]LogUObjectGlobals:Warning: Failed to find object 'MaterialInterface /Game/Shell.Shell'
[2015.05.15-05.01.40:512][580]LogMaterial: Missing cached shader map for material Shell, compiling. 
[2015.05.15-05.01.40:527][580]LogFbx:Warning: Triangulating static mesh Cylinder.001
[2015.05.15-05.01.41:698][580]LogFbx: == Initial material list:
[2015.05.15-05.01.41:698][580]LogFbx: 0: Shell
[2015.05.15-05.01.41:698][580]LogFbx: == After sorting:
[2015.05.15-05.01.41:698][580]LogFbx: 0: Shell
[2015.05.15-05.01.41:698][580]LogFbx: == Mapping table:
[2015.05.15-05.01.41:698][580]LogFbx:   sort 0 -> 0
[2015.05.15-05.01.41:822][580]LogStaticMesh: Building static mesh Companion_Cylinder_001...
[2015.05.15-05.01.41:925][580]LogStaticMesh: Built static mesh [223.250168ms] /Game/Companion_Cylinder_001.Companion_Cylinder_001
[2015.05.15-05.01.42:446][580]LogFbx:Warning: Triangulating static mesh Cylinder
[2015.05.15-05.01.42:689][580]LogFbx: == Initial material list:
[2015.05.15-05.01.42:689][580]LogFbx: 0: Lens
[2015.05.15-05.01.42:689][580]LogFbx: == After sorting:
[2015.05.15-05.01.42:689][580]LogFbx: 0: Lens
[2015.05.15-05.01.42:689][580]LogFbx: == Mapping table:
[2015.05.15-05.01.42:689][580]LogFbx:   sort 0 -> 0
[2015.05.15-05.01.42:691][580]LogStaticMesh: Building static mesh Companion_Cylinder...
[2015.05.15-05.01.42:710][580]LogStaticMesh: Built static mesh [19.606627ms] /Game/Companion_Cylinder.Companion_Cylinder
[2015.05.15-05.01.42:858][580]LogLinker:Warning: Can't find file '/Game/Outer_Eye'
[2015.05.15-05.01.42:858][580]LogLinker:Warning: Can't find file '/Game/Outer_Eye'
[2015.05.15-05.01.42:858][580]LogUObjectGlobals:Warning: Failed to find object 'MaterialInterface /Game/Outer_Eye.Outer_Eye'
[2015.05.15-05.01.43:053][580]LogMaterial: Missing cached shader map for material Outer_Eye, compiling. 
[2015.05.15-05.01.43:068][580]LogFbx:Warning: Triangulating static mesh Sphere
[2015.05.15-05.01.43:264][580]LogFbx: == Initial material list:
[2015.05.15-05.01.43:264][580]LogFbx: 0: Outer_Eye
[2015.05.15-05.01.43:264][580]LogFbx: == After sorting:
[2015.05.15-05.01.43:264][580]LogFbx: 0: Outer_Eye
[2015.05.15-05.01.43:264][580]LogFbx: == Mapping table:
[2015.05.15-05.01.43:264][580]LogFbx:   sort 0 -> 0
[2015.05.15-05.01.44:329][580]LogStaticMesh: Building static mesh Companion_Sphere...
[2015.05.15-05.01.44:349][580]LogStaticMesh: Built static mesh [1083.675293ms] /Game/Companion_Sphere.Companion_Sphere
[2015.05.15-05.01.45:328][580]FBXImport:Warning: Warning Warning: No smoothing group information was found in this FBX scene.  Please make sure to enable the 'Export Smoothing Groups' option in the FBX Exporter plug-in before exporting the file.  Even for tools that don't support smoothing groups, the FBX Exporter will generate appropriate smoothing data at export-time so that correct vertex normals can be inferred while importing. 
[2015.05.15-05.01.50:257][580]LogContentBrowser:Verbose: The content browser source was changed by the sources view to 'None'
[2015.05.15-05.01.50:258][580]LogContentBrowser:Verbose: The content browser source was changed by the sources view to '/Game'
[2015.05.15-05.02.05:949][692]LogActorFactory: Actor Factory created Companion_Cylinder
[2015.05.15-05.02.06:101][692]LogActorFactory: Actor Factory created Companion_Cylinder_001
[2015.05.15-05.02.06:153][692]LogActorFactory: Actor Factory created Companion_Cylinder_002
[2015.05.15-05.02.06:159][692]LogActorFactory: Actor Factory created Companion_Sphere
[2015.05.15-05.02.06:203][692]LogActorFactory: Actor Factory created Companion_Sphere_002
[2015.05.15-05.02.06:212][692]LogActorFactory: Actor Factory created Companion_Sphere_003
[2015.05.15-05.02.06:993][698]LogActorFactory: Actor Factory created Companion_Cylinder
[2015.05.15-05.02.07:534][698]LogActorFactory: Actor Factory created Companion_Cylinder_001
[2015.05.15-05.02.07:565][698]LogActorFactory: Actor Factory created Companion_Cylinder_002
[2015.05.15-05.02.07:606][698]LogActorFactory: Actor Factory created Companion_Sphere
[2015.05.15-05.02.07:632][698]LogActorFactory: Actor Factory created Companion_Sphere_002
[2015.05.15-05.02.07:659][698]LogActorFactory: Actor Factory created Companion_Sphere_003
[2015.05.15-05.02.24:238][853]LogEditorViewport: Clicking on Actor (LMB): BP_Sky_Sphere_C (Sky Sphere)
[2015.05.15-05.02.26:608][875]LogEditorViewport: Clicking on Actor (LMB): StaticMeshActor (Companion_Sphere_002)
[2015.05.15-05.02.27:929][889]LogEditorViewport: Clicking on Actor (LMB): BP_Sky_Sphere_C (Sky Sphere)
[2015.05.15-05.02.29:184][903]LogEditorViewport: Clicking on Actor (LMB): BP_Sky_Sphere_C (Sky Sphere)
[2015.05.15-05.02.30:232][915]LogEditorViewport: Clicking on Actor (LMB): StaticMeshActor (Floor _8)
[2015.05.15-05.02.31:471][928]LogEditorViewport: Clicking on Actor (LMB): BP_Sky_Sphere_C (Sky Sphere)
[2015.05.15-05.02.32:940][944]LogEditorViewport: Clicking on Actor (LMB): BP_Sky_Sphere_C (Sky Sphere)
[2015.05.15-05.02.34:253][957]LogEditorViewport: Clicking on Actor (LMB): BP_Sky_Sphere_C (Sky Sphere)
[2015.05.15-05.02.36:797][984]LogEditorViewport: Clicking on Actor (LMB): BP_Sky_Sphere_C (Sky Sphere)
[2015.05.15-05.02.37:583][992]LogEditorViewport: Clicking on Actor (LMB): BP_Sky_Sphere_C (Sky Sphere)
[2015.05.15-05.02.38:343][  0]Cmd: TRANSACTION UNDO
[2015.05.15-05.02.38:343][  0]LogEditorTransaction: Undo Clicking on Actors
[2015.05.15-05.02.38:870][ 11]Cmd: TRANSACTION UNDO
[2015.05.15-05.02.38:870][ 11]LogEditorTransaction: Undo Clicking on Actors
[2015.05.15-05.02.39:564][ 27]Cmd: TRANSACTION UNDO
[2015.05.15-05.02.39:564][ 27]LogEditorTransaction: Undo Clicking on Actors
[2015.05.15-05.02.40:523][ 36]Cmd: TRANSACTION UNDO
[2015.05.15-05.02.40:523][ 36]LogEditorTransaction: Undo Clicking on Actors
[2015.05.15-05.02.41:384][ 46]Cmd: TRANSACTION UNDO
[2015.05.15-05.02.41:384][ 46]LogEditorTransaction: Undo Clicking on Actors
[2015.05.15-05.02.42:252][ 55]Cmd: TRANSACTION UNDO
[2015.05.15-05.02.42:253][ 55]LogEditorTransaction: Undo Clicking on Actors
[2015.05.15-05.02.42:888][ 62]Cmd: TRANSACTION UNDO
[2015.05.15-05.02.42:888][ 62]LogEditorTransaction: Undo Clicking on Actors
[2015.05.15-05.02.43:594][ 70]Cmd: TRANSACTION UNDO
[2015.05.15-05.02.43:594][ 70]LogEditorTransaction: Undo Clicking on Actors
[2015.05.15-05.02.47:060][106]Cmd: TRANSACTION UNDO
[2015.05.15-05.02.47:060][106]LogEditorTransaction: Undo Clicking on Actors
[2015.05.15-05.02.47:777][120]Cmd: TRANSACTION UNDO
[2015.05.15-05.02.47:777][120]LogEditorTransaction: Undo Clicking on Actors
[2015.05.15-05.02.48:420][133]Cmd: TRANSACTION UNDO
[2015.05.15-05.02.48:420][133]LogEditorTransaction: Undo Drop Objects on Selected Actors
[2015.05.15-05.02.49:044][138]Cmd: TRANSACTION UNDO
[2015.05.15-05.02.49:045][138]LogEditorTransaction: Undo Drop Objects on Selected Actors
[2015.05.15-05.02.49:962][145]LogEditorViewport: Clicking on Actor (LMB): StaticMeshActor (Companion_Cylinder_001)
[2015.05.15-05.02.56:923][199]LogEditorViewport: Clicking on Actor (LMB): StaticMeshActor (Companion_Cylinder_002)
[2015.05.15-05.03.06:997][324]BlueprintLog: New page: Pre-PIE auto-recompile
[2015.05.15-05.03.06:997][324]LogPlayLevel: [PIE] Compiling Tuts before PIE...
[2015.05.15-05.03.07:434][324]LogPlayLevel: PIE:  Blueprint regeneration took 437 ms (1 blueprints)
[2015.05.15-05.03.07:495][324]PIE: New page: PIE session: Tuts (May 16, 2015, 1:03:07 AM)
[2015.05.15-05.03.07:594][324]LogPlayLevel: PIE: StaticDuplicateObject took: (0.099448s)
[2015.05.15-05.03.07:602][324]LogPlayLevel: PIE: World Init took: (0.007359s)
[2015.05.15-05.03.07:610][324]LogPlayLevel: PIE: Created PIE world by copying editor world from /Game/Tuts.Tuts to /Game/UEDPIE_0_Tuts.Tuts (0.115366s)
[2015.05.15-05.03.08:420][324]LogWorld: Game class is 'FirstPersonGameMode_C'
[2015.05.15-05.03.08:787][324]LogAIModule: Creating AISystem for world Tuts
[2015.05.15-05.03.08:810][324]LogWorld: Bringing World /Game/UEDPIE_0_Tuts.Tuts up for play (max tick rate 60) at 2015.05.15-15.03.08
[2015.05.15-05.03.09:003][324]LogWorld: Bringing up level for play took: 0.214537
[2015.05.15-05.03.09:333][324]PIE: Info Play in editor start time for /Game/UEDPIE_0_Tuts 2.215
[2015.05.15-05.03.10:066][325]LogCharacterMovement:Warning: GetSimulationTimeStep() - Max iterations 8 hit while remaining time 0.056509 > MaxSimulationTimeStep (0.050) for 'FirstPersonCharacter_C_4'
[2015.05.15-05.03.15:770][366]LogParticles: Destroying 0 GPU particle simulations for FXSystem 0x00000012B257DBC0
[2015.05.15-05.03.24:512][446]BlueprintLog: New page: Pre-PIE auto-recompile
[2015.05.15-05.03.24:512][446]LogPlayLevel: [PIE] Compiling Tuts before PIE...
[2015.05.15-05.03.24:736][446]LogPlayLevel: PIE:  Blueprint regeneration took 223 ms (1 blueprints)
[2015.05.15-05.03.24:736][446]PIE: New page: PIE session: Tuts (May 16, 2015, 1:03:24 AM)
[2015.05.15-05.03.24:773][446]LogPlayLevel: PIE: StaticDuplicateObject took: (0.036052s)
[2015.05.15-05.03.24:774][446]LogPlayLevel: PIE: World Init took: (0.001103s)
[2015.05.15-05.03.24:774][446]LogPlayLevel: PIE: Created PIE world by copying editor world from /Game/Tuts.Tuts to /Game/UEDPIE_0_Tuts.Tuts (0.037498s)
[2015.05.15-05.03.24:841][446]LogWorld: Game class is 'FirstPersonGameMode_C'
[2015.05.15-05.03.24:845][446]LogAIModule: Creating AISystem for world Tuts
[2015.05.15-05.03.24:862][446]LogWorld: Bringing World /Game/UEDPIE_0_Tuts.Tuts up for play (max tick rate 60) at 2015.05.15-15.03.24
[2015.05.15-05.03.24:863][446]LogWorld: Bringing up level for play took: 0.017858
[2015.05.15-05.03.24:923][446]PIE: Info Play in editor start time for /Game/UEDPIE_0_Tuts -0.195
[2015.05.15-05.03.35:743][541]LogParticles: Destroying 0 GPU particle simulations for FXSystem 0x00000012EC9BE3E0
[2015.05.15-05.03.47:657][626]LogMaterial: Missing cached shader map for material M_StatueGlass, compiling. 
[2015.05.15-05.03.47:794][626]LogActorComponent: UnregisterComponent: (/Engine/Transient.SkeletalMeshComponent_0) Not registered. Aborting.
[2015.05.15-05.03.48:280][626]LogMaterial: Missing cached shader map for material FMatExpressionPreview MaterialExpressionTextureSample_1, compiling. 
[2015.05.15-05.03.48:368][626]LogMaterial: Missing cached shader map for material FMatExpressionPreview MaterialExpressionVectorParameter_0, compiling. 
[2015.05.15-05.03.48:391][626]LogMaterial: Missing cached shader map for material FMatExpressionPreview MaterialExpressionTextureSample_0, compiling. 
[2015.05.15-05.03.48:396][626]LogActorComponent: UnregisterComponent: (/Engine/Transient.SkeletalMeshComponent_0) Not registered. Aborting.
[2015.05.15-05.03.48:425][626]LogActorComponent: RegisterComponentWithWorld: (/Engine/Transient.MaterialEditorMeshComponent_0) Already registered. Aborting.
[2015.05.15-05.03.48:425][626]LogActorComponent: UnregisterComponent: (/Engine/Transient.SkeletalMeshComponent_0) Not registered. Aborting.
[2015.05.15-05.03.48:425][626]LogActorComponent: RegisterComponentWithWorld: (/Engine/Transient.MaterialEditorMeshComponent_0) Already registered. Aborting.
[2015.05.15-05.03.48:492][626]LogMaterial: Missing cached shader map for material M_StatueGlass, compiling. 
[2015.05.15-05.03.48:512][626]LogMaterial: 0.000049 seconds spent updating 1 materials, 1 interfaces, 0 instances, 0 with static permutations.
[2015.05.15-05.03.48:582][626]LogMaterial: Missing cached shader map for material FMatExpressionPreview MaterialExpressionTextureSample_1, compiling. 
[2015.05.15-05.03.48:588][626]LogMaterial: Missing cached shader map for material FMatExpressionPreview MaterialExpressionVectorParameter_0, compiling. 
[2015.05.15-05.03.48:624][626]LogMaterial: Missing cached shader map for material FMatExpressionPreview MaterialExpressionTextureSample_0, compiling. 
[2015.05.15-05.03.55:268][813]LogMaterial: Missing cached shader map for material M_StatueGlass, compiling. 
[2015.05.15-05.03.55:289][813]LogMaterial:Warning: FMaterialUniformExpressionTexture had invalid TextureIndex! (1 / 1)
[2015.05.15-05.03.55:289][813]LogMaterial: 0.000126 seconds spent updating 1 materials, 1 interfaces, 0 instances, 0 with static permutations.
[2015.05.15-05.03.55:369][813]LogMaterial: Missing cached shader map for material FMatExpressionPreview MaterialExpressionVectorParameter_0, compiling. 
[2015.05.15-05.03.55:402][813]LogMaterial: Missing cached shader map for material FMatExpressionPreview MaterialExpressionTextureSample_0, compiling. 
[2015.05.15-05.03.58:308][910]LogMaterial: Missing cached shader map for material M_StatueGlass, compiling. 
[2015.05.15-05.03.58:329][910]LogMaterial: 0.000054 seconds spent updating 1 materials, 1 interfaces, 0 instances, 0 with static permutations.
[2015.05.15-05.03.58:363][910]LogMaterial: Missing cached shader map for material FMatExpressionPreview MaterialExpressionVectorParameter_0, compiling. 
[2015.05.15-05.04.01:178][ 15]LogMaterial: Missing cached shader map for material M_StatueGlass, compiling. 
[2015.05.15-05.04.01:199][ 15]LogMaterial: 0.000088 seconds spent updating 1 materials, 1 interfaces, 0 instances, 0 with static permutations.
[2015.05.15-05.04.01:281][ 15]LogMaterial: Missing cached shader map for material FMatExpressionPreview MaterialExpressionVectorParameter_0, compiling. 
[2015.05.15-05.04.03:004][ 72]LogMaterial: Missing cached shader map for material M_StatueGlass, compiling. 
[2015.05.15-05.04.03:025][ 72]LogMaterial: 0.000087 seconds spent updating 1 materials, 1 interfaces, 0 instances, 0 with static permutations.
[2015.05.15-05.04.03:087][ 72]LogMaterial: Missing cached shader map for material FMatExpressionPreview MaterialExpressionVectorParameter_0, compiling. 
[2015.05.15-05.04.07:190][224]LogActorComponent: UnregisterComponent: (/Engine/Transient.SkeletalMeshComponent_0) Not registered. Aborting.
[2015.05.15-05.04.07:190][224]LogActorComponent: RegisterComponentWithWorld: (/Engine/Transient.MaterialEditorMeshComponent_0) Already registered. Aborting.
[2015.05.15-05.04.11:840][397]LogDialogs:Warning: Supressed: You need to select a mesh in the content browser to preview it.
[2015.05.15-05.04.12:691][429]LogActorComponent: UnregisterComponent: (/Engine/Transient.SkeletalMeshComponent_0) Not registered. Aborting.
[2015.05.15-05.04.12:691][429]LogActorComponent: RegisterComponentWithWorld: (/Engine/Transient.MaterialEditorMeshComponent_0) Already registered. Aborting.
[2015.05.15-05.04.15:301][524]LogDialogs:Warning: Supressed: You need to select a mesh in the content browser to preview it.
[2015.05.15-05.04.18:931][654]LogMaterialEditor: Applying material M_StatueGlass
[2015.05.15-05.04.24:556][654]LogMaterial: Missing cached shader map for material M_StatueGlass, compiling. 
[2015.05.15-05.04.24:643][654]LogMaterial: 0.000047 seconds spent updating 1 materials, 1 interfaces, 0 instances, 0 with static permutations.
[2015.05.15-05.04.24:764][654]LogMaterial: Missing cached shader map for material M_StatueGlass, compiling. 
[2015.05.15-05.04.24:903][654]LogMaterial: Missing cached shader map for material M_StatueGlass, compiling. 
[2015.05.15-05.04.24:935][654]LogMaterial: 0.005428 seconds spent updating 1 materials, 1 interfaces, 0 instances, 0 with static permutations.
[2015.05.15-05.04.55:844][473]LogEditorViewport: Clicking on Actor (context menu): StaticMeshActor (Companion_Cylinder_002)
[2015.05.15-05.04.59:352][495]LogEditorViewport: Clicking on Actor (LMB): StaticMeshActor (Companion_Cylinder_002)
[2015.05.15-05.05.26:353][581]MaterialEditorStats: Info Base pass shader with static lighting: 119 instructions
[2015.05.15-05.05.26:353][581]MaterialEditorStats: Info Base pass shader with only dynamic lighting: 98 instructions
[2015.05.15-05.05.26:353][581]MaterialEditorStats: Info Base pass shader for self shadowed translucency: 135 instructions
[2015.05.15-05.05.26:353][581]MaterialEditorStats: Info Vertex shader: 68 instructions
[2015.05.15-05.05.26:353][581]MaterialEditorStats: Info Texture samplers: 8/16
[2015.05.15-05.05.44:165][675]BlueprintLog: New page: Pre-PIE auto-recompile
[2015.05.15-05.05.44:165][675]LogPlayLevel: [PIE] Compiling Tuts before PIE...
[2015.05.15-05.05.44:386][675]LogPlayLevel: PIE:  Blueprint regeneration took 221 ms (1 blueprints)
[2015.05.15-05.05.44:386][675]PIE: New page: PIE session: Tuts (May 16, 2015, 1:05:44 AM)
[2015.05.15-05.05.44:426][675]LogPlayLevel: PIE: StaticDuplicateObject took: (0.038834s)
[2015.05.15-05.05.44:428][675]LogPlayLevel: PIE: World Init took: (0.001536s)
[2015.05.15-05.05.44:428][675]LogPlayLevel: PIE: Created PIE world by copying editor world from /Game/Tuts.Tuts to /Game/UEDPIE_0_Tuts.Tuts (0.040673s)
[2015.05.15-05.05.44:489][675]LogWorld: Game class is 'FirstPersonGameMode_C'
[2015.05.15-05.05.44:491][675]LogAIModule: Creating AISystem for world Tuts
[2015.05.15-05.05.44:506][675]LogWorld: Bringing World /Game/UEDPIE_0_Tuts.Tuts up for play (max tick rate 60) at 2015.05.15-15.05.44
[2015.05.15-05.05.44:508][675]LogWorld: Bringing up level for play took: 0.016223
[2015.05.15-05.05.44:512][675]PIE: Info Play in editor start time for /Game/UEDPIE_0_Tuts -0.605
[2015.05.15-05.05.44:564][676]LogCharacterMovement:Warning: GetSimulationTimeStep() - Max iterations 8 hit while remaining time 0.090105 > MaxSimulationTimeStep (0.050) for 'FirstPersonCharacter_C_6'
[2015.05.15-05.05.55:886][783]LogParticles: Destroying 0 GPU particle simulations for FXSystem 0x00000012ED707BA0
[2015.05.15-05.07.00:450][186]Cmd: CLOSE_SLATE_MAINFRAME
[2015.05.15-05.07.07:737][187]Cmd: QUIT_EDITOR
[2015.05.15-05.07.08:567][187]LogExit: Preparing to exit.
[2015.05.15-05.07.11:821][187]LogExit: Editor shut down
[2015.05.15-05.07.11:822][187]LogExit: Transaction tracking system shut down
[2015.05.15-05.07.11:824][187]LogParticles: Destroying 0 GPU particle simulations for FXSystem 0x00000012A5D26160
[2015.05.15-05.07.11:825][187]LogParticles: Destroying 0 GPU particle simulations for FXSystem 0x00000012A83689A0
[2015.05.15-05.07.11:825][187]LogParticles: Destroying 0 GPU particle simulations for FXSystem 0x00000012ECF4B600
[2015.05.15-05.07.11:825][187]LogParticles: Destroying 0 GPU particle simulations for FXSystem 0x00000012FFEB93A0
[2015.05.15-05.07.11:828][187]LogParticles: Destroying 0 GPU particle simulations for FXSystem 0x00000012EC9251C0
[2015.05.15-05.07.11:835][187]LogParticles: Destroying 0 GPU particle simulations for FXSystem 0x00000012A0EF7060
[2015.05.15-05.07.13:997][187]LogExit: Object subsystem successfully closed.
[2015.05.15-05.07.15:004][187]LogModuleManager: Shutting down and abandoning module MaterialEditor (178)
[2015.05.15-05.07.15:027][187]LogModuleManager: Shutting down and abandoning module CrashTracker (177)
[2015.05.15-05.07.15:027][187]LogModuleManager: Shutting down and abandoning module SuperSearch (176)
[2015.05.15-05.07.15:027][187]LogModuleManager: Shutting down and abandoning module SceneOutliner (175)
[2015.05.15-05.07.15:027][187]LogModuleManager: Shutting down and abandoning module EditorWidgets (174)
[2015.05.15-05.07.15:027][187]LogModuleManager: Shutting down and abandoning module CollectionManager (173)
[2015.05.15-05.07.15:053][187]LogModuleManager: Shutting down and abandoning module StatsViewer (172)
[2015.05.15-05.07.15:131][187]LogModuleManager: Shutting down and abandoning module FoliageEdit (171)
[2015.05.15-05.07.15:132][187]LogModuleManager: Shutting down and abandoning module LandscapeEditor (170)
[2015.05.15-05.07.15:182][187]LogModuleManager: Shutting down and abandoning module MeshPaint (169)
[2015.05.15-05.07.15:206][187]LogModuleManager: Shutting down and abandoning module ActorPickerMode (168)
[2015.05.15-05.07.15:206][187]LogModuleManager: Shutting down and abandoning module GeometryMode (167)
[2015.05.15-05.07.15:206][187]LogModuleManager: Shutting down and abandoning module TextureAlignMode (166)
[2015.05.15-05.07.15:206][187]LogModuleManager: Shutting down and abandoning module BspMode (165)
[2015.05.15-05.07.15:206][187]LogModuleManager: Shutting down and abandoning module PlacementMode (164)
[2015.05.15-05.07.15:206][187]LogModuleManager: Shutting down and abandoning module AutomationWorker (163)
[2015.05.15-05.07.15:206][187]LogModuleManager: Shutting down and abandoning module CharacterAI (162)
[2015.05.15-05.07.15:206][187]LogModuleManager: Shutting down and abandoning module SmartSnapping (161)
[2015.05.15-05.07.15:206][187]LogModuleManager: Shutting down and abandoning module ViewportSnapping (160)
[2015.05.15-05.07.15:206][187]LogModuleManager: Shutting down and abandoning module LogVisualizer (159)
[2015.05.15-05.07.15:387][187]LogModuleManager: Shutting down and abandoning module GameProjectGeneration (158)
[2015.05.15-05.07.15:387][187]LogModuleManager: Shutting down and abandoning module IntroTutorials (157)
[2015.05.15-05.07.15:435][187]LogModuleManager: Shutting down and abandoning module EditorLiveStreaming (156)
[2015.05.15-05.07.15:457][187]LogModuleManager: Shutting down and abandoning module HardwareTargeting (155)
[2015.05.15-05.07.15:457][187]LogModuleManager: Shutting down and abandoning module DeviceProfileEditor (154)
[2015.05.15-05.07.15:495][187]LogModuleManager: Shutting down and abandoning module UndoHistory (153)
[2015.05.15-05.07.15:537][187]LogModuleManager: Shutting down and abandoning module GameplayTagsEditor (152)
[2015.05.15-05.07.15:537][187]LogModuleManager: Shutting down and abandoning module UserFeedback (151)
[2015.05.15-05.07.15:537][187]LogModuleManager: Shutting down and abandoning module XmlParser (150)
[2015.05.15-05.07.15:582][187]LogModuleManager: Shutting down and abandoning module Blutility (149)
[2015.05.15-05.07.15:582][187]LogModuleManager: Shutting down and abandoning module IOSPlatformEditor (148)
[2015.05.15-05.07.15:582][187]LogModuleManager: Shutting down and abandoning module IOSRuntimeSettings (147)
[2015.05.15-05.07.15:582][187]LogModuleManager: Shutting down and abandoning module AndroidDeviceDetection (146)
[2015.05.15-05.07.16:458][187]LogModuleManager: Shutting down and abandoning module AndroidPlatformEditor (145)
[2015.05.15-05.07.16:458][187]LogModuleManager: Shutting down and abandoning module AndroidRuntimeSettings (144)
[2015.05.15-05.07.16:458][187]LogModuleManager: Shutting down and abandoning module ProjectTargetPlatformEditor (143)
[2015.05.15-05.07.16:512][187]LogModuleManager: Shutting down and abandoning module ProjectSettingsViewer (142)
[2015.05.15-05.07.16:512][187]LogModuleManager: Shutting down and abandoning module InputBindingEditor (141)
[2015.05.15-05.07.16:653][187]LogModuleManager: Shutting down and abandoning module EditorSettingsViewer (140)
[2015.05.15-05.07.16:653][187]LogModuleManager: Shutting down and abandoning module SettingsEditor (139)
[2015.05.15-05.07.16:682][187]LogModuleManager: Shutting down and abandoning module ProjectLauncher (138)
[2015.05.15-05.07.16:854][187]LogModuleManager: Shutting down and abandoning module SessionFrontend (137)
[2015.05.15-05.07.16:907][187]LogModuleManager: Shutting down and abandoning module ProfilerClient (136)
[2015.05.15-05.07.17:005][187]LogModuleManager: Shutting down and abandoning module TargetDeviceServices (135)
[2015.05.15-05.07.17:005][187]LogModuleManager: Shutting down and abandoning module DeviceManager (134)
[2015.05.15-05.07.17:116][187]LogModuleManager: Shutting down and abandoning module AutomationController (133)
[2015.05.15-05.07.17:135][187]LogModuleManager: Shutting down and abandoning module AutomationWindow (132)
[2015.05.15-05.07.17:165][187]LogModuleManager: Shutting down and abandoning module Layers (131)
[2015.05.15-05.07.17:561][187]LogModuleManager: Shutting down and abandoning module ComponentVisualizers (130)
[2015.05.15-05.07.17:561][187]LogModuleManager: Shutting down and abandoning module DetailCustomizations (129)
[2015.05.15-05.07.17:561][187]LogModuleManager: Shutting down and abandoning module PackagesDialog (128)
[2015.05.15-05.07.17:623][187]LogModuleManager: Shutting down and abandoning module AssetRegistry (127)
[2015.05.15-05.07.17:818][187]LogModuleManager: Shutting down and abandoning module Persona (126)
[2015.05.15-05.07.17:971][187]LogModuleManager: Shutting down and abandoning module SlateReflector (125)
[2015.05.15-05.07.18:114][187]LogModuleManager: Shutting down and abandoning module LevelEditor (124)
[2015.05.15-05.07.18:140][187]LogModuleManager: Shutting down and abandoning module Kismet (123)
[2015.05.15-05.07.18:160][187]LogModuleManager: Shutting down and abandoning module GraphEditor (122)
[2015.05.15-05.07.18:160][187]LogModuleManager: Shutting down and abandoning module ClassViewer (121)
[2015.05.15-05.07.18:160][187]LogModuleManager: Shutting down and abandoning module Toolbox (120)
[2015.05.15-05.07.18:160][187]LogModuleManager: Shutting down and abandoning module ModuleUI (119)
[2015.05.15-05.07.18:191][187]LogModuleManager: Shutting down and abandoning module MovieSceneTools (118)
[2015.05.15-05.07.18:386][187]LogModuleManager: Shutting down and abandoning module OutputLog (117)
[2015.05.15-05.07.18:386][187]LogModuleManager: Shutting down and abandoning module GammaUI (116)
[2015.05.15-05.07.18:417][187]LogModuleManager: Shutting down and abandoning module Documentation (115)
[2015.05.15-05.07.18:417][187]LogModuleManager: Shutting down and abandoning module GameLiveStreaming (114)
[2015.05.15-05.07.18:497][187]LogModuleManager: Shutting down and abandoning module StreamingPauseRendering (113)
[2015.05.15-05.07.18:645][187]LogModuleManager: Shutting down and abandoning module HTTP (112)
[2015.05.15-05.07.18:645][187]LogModuleManager: Shutting down and abandoning module AnalyticsET (111)
[2015.05.15-05.07.18:645][187]LogModuleManager: Shutting down and abandoning module Analytics (110)
[2015.05.15-05.07.18:645][187]LogModuleManager: Shutting down and abandoning module AITestSuite (109)
[2015.05.15-05.07.19:713][187]LogModuleManager: Shutting down and abandoning module GameplayDebugger (108)
[2015.05.15-05.07.19:713][187]LogModuleManager: Shutting down and abandoning module AIModule (107)
[2015.05.15-05.07.19:850][187]LogModuleManager: Shutting down and abandoning module ProfilerService (106)
[2015.05.15-05.07.19:975][187]LogModuleManager: Shutting down and abandoning module TaskGraph (105)
[2015.05.15-05.07.20:040][187]LogModuleManager: Shutting down and abandoning module SlateRemote (104)
[2015.05.15-05.07.20:040][187]LogModuleManager: Shutting down and abandoning module ScriptEditorPlugin (103)
[2015.05.15-05.07.20:040][187]LogModuleManager: Shutting down and abandoning module CustomMeshComponent (102)
[2015.05.15-05.07.20:040][187]LogModuleManager: Shutting down and abandoning module CableComponent (101)
[2015.05.15-05.07.20:093][187]LogModuleManager: Shutting down and abandoning module MessagingDebugger (100)
[2015.05.15-05.07.20:440][187]LogModuleManager: Shutting down and abandoning module MediaPlayerEditor (99)
[2015.05.15-05.07.20:490][187]LogModuleManager: Shutting down and abandoning module SpeedTreeImporter (98)
[2015.05.15-05.07.20:490][187]LogModuleManager: Shutting down and abandoning module PluginsEditor (97)
[2015.05.15-05.07.20:523][187]LogModuleManager: Shutting down and abandoning module MainFrame (96)
[2015.05.15-05.07.20:523][187]LogModuleManager: Shutting down and abandoning module EpicSurvey (95)
[2015.05.15-05.07.20:539][187]LogModuleManager: Shutting down and abandoning module DesktopPlatform (94)
[2015.05.15-05.07.20:539][187]LogModuleManager: Shutting down and abandoning module DirectoryWatcher (93)
[2015.05.15-05.07.20:541][187]LogModuleManager: Shutting down and abandoning module HotReload (92)
[2015.05.15-05.07.20:541][187]LogModuleManager: Shutting down and abandoning module VisualStudioSourceCodeAccess (91)
[2015.05.15-05.07.20:541][187]LogModuleManager: Shutting down and abandoning module UObjectPlugin (90)
[2015.05.15-05.07.20:541][187]LogModuleManager: Shutting down and abandoning module SubversionSourceControl (89)
[2015.05.15-05.07.20:557][187]LogModuleManager: Shutting down and abandoning module PerforceSourceControl (88)
[2015.05.15-05.07.20:591][187]LogModuleManager: Shutting down and abandoning module SourceControl (87)
[2015.05.15-05.07.20:591][187]LogModuleManager: Shutting down and abandoning module GitSourceControl (86)
[2015.05.15-05.07.20:613][187]LogModuleManager: Shutting down and abandoning module BlankPlugin (85)
[2015.05.15-05.07.20:613][187]LogModuleManager: Shutting down and abandoning module PaperTiledImporter (84)
[2015.05.15-05.07.20:613][187]LogModuleManager: Shutting down and abandoning module PaperJsonImporter (83)
[2015.05.15-05.07.20:613][187]LogModuleManager: Shutting down and abandoning module ContentBrowser (82)
[2015.05.15-05.07.20:614][187]LogModuleManager: Shutting down and abandoning module Paper2DEditor (81)
[2015.05.15-05.07.20:653][187]LogModuleManager: Shutting down and abandoning module ScriptPlugin (80)
[2015.05.15-05.07.20:662][187]LogModuleManager: Shutting down and abandoning module UdpMessaging (79)
[2015.05.15-05.07.20:763][187]LogModuleManager: Shutting down and abandoning module Paper2D (78)
[2015.05.15-05.07.20:817][187]LogModuleManager: Shutting down and abandoning module WindowsMoviePlayer (77)
[2015.05.15-05.07.20:842][187]LogModuleManager: Shutting down and abandoning module Media (76)
[2015.05.15-05.07.20:842][187]LogModuleManager: Shutting down and abandoning module WmfMedia (75)
[2015.05.15-05.07.20:867][187]LogModuleManager: Shutting down and abandoning module OnlineBlueprintSupport (74)
[2015.05.15-05.07.20:867][187]LogModuleManager: Shutting down and abandoning module PropertyEditor (73)
[2015.05.15-05.07.20:867][187]LogModuleManager: Shutting down and abandoning module BehaviorTreeEditor (72)
[2015.05.15-05.07.20:891][187]LogModuleManager: Shutting down and abandoning module FunctionalTesting (71)
[2015.05.15-05.07.20:904][187]LogModuleManager: Shutting down and abandoning module CollisionAnalyzer (70)
[2015.05.15-05.07.20:916][187]LogModuleManager: Shutting down and abandoning module WorkspaceMenuStructure (69)
[2015.05.15-05.07.20:916][187]LogModuleManager: Shutting down and abandoning module MessageLog (68)
[2015.05.15-05.07.20:916][187]LogModuleManager: Shutting down and abandoning module Sequencer (67)
[2015.05.15-05.07.20:934][187]LogModuleManager: Shutting down and abandoning module AssetTools (66)
[2015.05.15-05.07.20:946][187]LogModuleManager: Shutting down and abandoning module UMGEditor (65)
[2015.05.15-05.07.20:966][187]LogModuleManager: Shutting down and abandoning module UMG (64)
[2015.05.15-05.07.20:970][187]LogModuleManager: Shutting down and abandoning module Slate (63)
[2015.05.15-05.07.20:970][187]LogModuleManager: Shutting down and abandoning module EditorStyle (62)
[2015.05.15-05.07.20:979][187]LogModuleManager: Shutting down and abandoning module SessionServices (61)
[2015.05.15-05.07.20:979][187]LogModuleManager: Shutting down and abandoning module SourceCodeAccess (60)
[2015.05.15-05.07.20:979][187]LogModuleManager: Shutting down and abandoning module HeadMountedDisplay (59)
[2015.05.15-05.07.20:979][187]LogModuleManager: Shutting down and abandoning module XAudio2 (58)
[2015.05.15-05.07.20:979][187]LogModuleManager: Shutting down and abandoning module Networking (56)
[2015.05.15-05.07.20:979][187]LogModuleManager: Shutting down and abandoning module Core (55)
[2015.05.15-05.07.20:979][187]LogModuleManager: Shutting down and abandoning module KismetCompiler (54)
[2015.05.15-05.07.20:979][187]LogModuleManager: Shutting down and abandoning module PhysXFormats (53)
[2015.05.15-05.07.20:979][187]LogModuleManager: Shutting down and abandoning module MeshUtilities (52)
[2015.05.15-05.07.21:016][187]LogModuleManager: Shutting down and abandoning module DerivedDataCache (51)
[2015.05.15-05.07.21:086][187]LogDerivedDataCache: Shutdown
[2015.05.15-05.07.21:086][187]LogModuleManager: Shutting down and abandoning module ShaderFormatOpenGL (50)
[2015.05.15-05.07.21:115][187]LogModuleManager: Shutting down and abandoning module ShaderFormatD3D (49)
[2015.05.15-05.07.21:149][187]LogModuleManager: Shutting down and abandoning module MetalShaderFormat (48)
[2015.05.15-05.07.21:159][187]LogModuleManager: Shutting down and abandoning module TextureFormatUncompressed (47)
[2015.05.15-05.07.21:159][187]LogModuleManager: Shutting down and abandoning module TextureFormatPVR (46)
[2015.05.15-05.07.21:204][187]LogModuleManager: Shutting down and abandoning module TextureFormatIntelISPCTexComp (45)
[2015.05.15-05.07.21:263][187]LogModuleManager: Shutting down and abandoning module TextureFormatDXT (44)
[2015.05.15-05.07.21:322][187]LogModuleManager: Shutting down and abandoning module ImageWrapper (43)
[2015.05.15-05.07.21:322][187]LogModuleManager: Shutting down and abandoning module TextureFormatASTC (42)
[2015.05.15-05.07.21:370][187]LogModuleManager: Shutting down and abandoning module TextureFormatAndroid (41)
[2015.05.15-05.07.21:370][187]LogModuleManager: Shutting down and abandoning module AudioFormatOpus (40)
[2015.05.15-05.07.21:405][187]LogModuleManager: Shutting down and abandoning module AudioFormatOgg (39)
[2015.05.15-05.07.21:405][187]LogModuleManager: Shutting down and abandoning module AudioFormatADPCM (38)
[2015.05.15-05.07.21:405][187]LogModuleManager: Shutting down and abandoning module LinuxTargetPlatform (37)
[2015.05.15-05.07.21:405][187]LogModuleManager: Shutting down and abandoning module LinuxServerTargetPlatform (36)
[2015.05.15-05.07.21:457][187]LogModuleManager: Shutting down and abandoning module LinuxNoEditorTargetPlatform (35)
[2015.05.15-05.07.21:517][187]LogModuleManager: Shutting down and abandoning module Messaging (34)
[2015.05.15-05.07.21:517][187]LogModuleManager: Shutting down and abandoning module IOSTargetPlatform (33)
[2015.05.15-05.07.21:517][187]LogModuleManager: Shutting down and abandoning module HTML5TargetPlatform (32)
[2015.05.15-05.07.21:517][187]LogModuleManager: Shutting down and abandoning module Android_PVRTCTargetPlatform (31)
[2015.05.15-05.07.21:517][187]LogModuleManager: Shutting down and abandoning module Android_ETC2TargetPlatform (30)
[2015.05.15-05.07.21:517][187]LogModuleManager: Shutting down and abandoning module Android_ETC1TargetPlatform (29)
[2015.05.15-05.07.21:517][187]LogModuleManager: Shutting down and abandoning module Android_ES31TargetPlatform (28)
[2015.05.15-05.07.21:517][187]LogModuleManager: Shutting down and abandoning module Android_DXTTargetPlatform (27)
[2015.05.15-05.07.21:517][187]LogModuleManager: Shutting down and abandoning module Android_ATCTargetPlatform (26)
[2015.05.15-05.07.21:517][187]LogModuleManager: Shutting down and abandoning module AndroidTargetPlatform (25)
[2015.05.15-05.07.21:517][187]LogModuleManager: Shutting down and abandoning module WindowsTargetPlatform (24)
[2015.05.15-05.07.21:517][187]LogModuleManager: Shutting down and abandoning module WindowsServerTargetPlatform (23)
[2015.05.15-05.07.21:517][187]LogModuleManager: Shutting down and abandoning module WindowsNoEditorTargetPlatform (22)
[2015.05.15-05.07.21:517][187]LogModuleManager: Shutting down and abandoning module WindowsClientTargetPlatform (21)
[2015.05.15-05.07.21:517][187]LogModuleManager: Shutting down and abandoning module TargetPlatform (20)
[2015.05.15-05.07.21:517][187]LogModuleManager: Shutting down and abandoning module InputCore (19)
[2015.05.15-05.07.21:517][187]LogModuleManager: Shutting down and abandoning module Settings (18)
[2015.05.15-05.07.21:517][187]LogModuleManager: Shutting down and abandoning module OnlineSubsystem (16)
[2015.05.15-05.07.21:517][187]LogModuleManager: Shutting down and abandoning module OculusRift (15)
[2015.05.15-05.07.21:518][187]LogModuleManager: Shutting down and abandoning module ExampleDeviceProfileSelector (14)
[2015.05.15-05.07.21:518][187]LogModuleManager: Shutting down and abandoning module TextureCompressor (13)
[2015.05.15-05.07.21:518][187]LogModuleManager: Shutting down and abandoning module ShaderCore (12)
[2015.05.15-05.07.21:518][187]LogModuleManager: Shutting down and abandoning module Landscape (11)
[2015.05.15-05.07.21:518][187]LogModuleManager: Shutting down and abandoning module SlateRHIRenderer (10)
[2015.05.15-05.07.21:643][187]LogModuleManager: Shutting down and abandoning module OpenGLDrv (9)
[2015.05.15-05.07.21:643][187]LogModuleManager: Shutting down and abandoning module D3D11RHI (8)
[2015.05.15-05.07.21:643][187]LogModuleManager: Shutting down and abandoning module Renderer (7)
[2015.05.15-05.07.21:643][187]LogModuleManager: Shutting down and abandoning module Engine (6)
[2015.05.15-05.07.21:643][187]LogModuleManager: Shutting down and abandoning module CoreUObject (5)
[2015.05.15-05.07.21:698][187]LogModuleManager: Shutting down and abandoning module NetworkFile (4)
[2015.05.15-05.07.21:766][187]LogModuleManager: Shutting down and abandoning module StreamingFile (3)
[2015.05.15-05.07.21:766][187]LogModuleManager: Shutting down and abandoning module SandboxFile (2)
[2015.05.15-05.07.21:828][187]LogModuleManager: Shutting down and abandoning module PakFile (1)
[2015.05.15-05.07.21:880][187]LogExit: Exiting.
[2015.05.15-05.07.21:918][187]Log file closed, 05/15/15 15:07:21
