Log file open, 05/18/15 14:16:24
LogInit:Display: Running engine for game: Tuts
LogInit: Version: 4.7.6-2513093+++depot+UE4-Releases+4.7
LogInit: API Version: 2455222
LogInit: Compiled (64-bit): Apr 15 2015 12:09:54
LogInit: Compiled with Visual C++: 18.00.21005.01
LogInit: Build Configuration: Development
LogInit: Branch Name: ++depot+UE4-Releases+4.7
LogInit: Command line:  
LogInit: Base directory: C:/Program Files/Epic Games/4.7/Engine/Binaries/Win64/
LogInit: Rocket: 1
[2015.05.18-04.16.24:790][  0]LogTaskGraph: Started task graph with 3 named threads and 6 total threads.
[2015.05.18-04.16.24:849][  0]LogOnline:Warning: No default platform service specified for OnlineSubsystem
[2015.05.18-04.16.24:869][  0]LogInit: Presizing for 0 objects not considered by GC, pre-allocating 0 bytes.
[2015.05.18-04.16.24:881][  0]LogInit: Object subsystem initialized
[2015.05.18-04.16.24:883][  0]LogConsoleResponse:Warning: Skipping Unknown console variable: 'TranslucentSortAxis = (X=0.000000,Y=-1.000000,Z=0.000000)'
[2015.05.18-04.16.24:883][  0]LogConsoleResponse:Warning:   Found in ini file 'C:/Users/Terence/Desktop/Tuts/Saved/Config/Windows/Engine.ini', in section '[/Script/Engine.RendererSettings]'
[2015.05.18-04.16.24:883][  0]LogConsoleResponse:Warning: Skipping Unknown console variable: 'UIScaleRule = ShortestSide'
[2015.05.18-04.16.24:883][  0]LogConsoleResponse:Warning:   Found in ini file 'C:/Users/Terence/Desktop/Tuts/Saved/Config/Windows/Engine.ini', in section '[/Script/Engine.RendererSettings]'
[2015.05.18-04.16.24:883][  0]LogConsoleResponse:Warning: Skipping Unknown console variable: 'UIScaleCurve = (EditorCurveData=(Keys=),ExternalCurve=None)'
[2015.05.18-04.16.24:883][  0]LogConsoleResponse:Warning:   Found in ini file 'C:/Users/Terence/Desktop/Tuts/Saved/Config/Windows/Engine.ini', in section '[/Script/Engine.RendererSettings]'
[2015.05.18-04.16.24:884][  0]LogInit: Selected Device Profile: [Windows]
[2015.05.18-04.16.24:884][  0]LogInit: Applying CVar settings loaded from the selected device profile: [Windows]
[2015.05.18-04.16.24:890][  0]LogInit: Computer: T3
[2015.05.18-04.16.24:890][  0]LogInit: User: Terence
[2015.05.18-04.16.24:890][  0]LogInit: CPU Page size=4096, Cores=4
[2015.05.18-04.16.24:890][  0]LogInit: High frequency timer resolution =1.948696 MHz
[2015.05.18-04.16.24:890][  0]LogMemory: Memory total: Physical=7.9GB (8GB approx) Virtual=131072.0GB
[2015.05.18-04.16.24:891][  0]LogMemory: Platform Memory Stats for Windows
[2015.05.18-04.16.24:891][  0]LogMemory: Process Physical Memory: 46.11 MB used, 46.11 MB peak
[2015.05.18-04.16.24:891][  0]LogMemory: Process Virtual Memory: 26.44 MB used, 26.45 MB peak
[2015.05.18-04.16.24:891][  0]LogMemory: Physical Memory: 3253.80 MB used, 8099.76 MB total
[2015.05.18-04.16.24:891][  0]LogMemory: Virtual Memory: 292.70 MB used, 134217728.00 MB total
[2015.05.18-04.16.24:907][  0]LogD3D11RHI: Found D3D11 adapter 0: Intel(R) HD Graphics 3000 (Feature Level 10_0)
[2015.05.18-04.16.24:907][  0]LogD3D11RHI: Adapter has 32MB of dedicated video memory, 0MB of dedicated system memory, and 1632MB of shared system memory, 1 output[s]
[2015.05.18-04.16.24:909][  0]LogD3D11RHI: Found D3D11 adapter 1: Microsoft Basic Render Driver (Feature Level 11_0)
[2015.05.18-04.16.24:909][  0]LogD3D11RHI: Adapter has 0MB of dedicated video memory, 0MB of dedicated system memory, and 256MB of shared system memory, 0 output[s]
[2015.05.18-04.16.24:909][  0]LogD3D11RHI: Chosen D3D11 Adapter Id = 0
[2015.05.18-04.16.24:913][  0]LogRHI: Texture pool is 593 MB (70% of 848 MB)
[2015.05.18-04.16.24:916][  0]LogD3D11RHI: Async texture creation enabled
[2015.05.18-04.16.24:995][  0]LogTextLocalizationManager: The requested culture ('en_AU') has no localization data; parent culture's ('en') localization data will be used.
[2015.05.18-04.16.25:068][  0]LogTextLocalizationManager:Warning: Loading localization resources contain conflicting entries for (Namespace:UICommands, Key:Save_ToolTip):
Resource: (C:/Program Files/Epic Games/4.7/Engine/Content/Localization/Editor/en/Editor.locres) Hash: (-29098895) String: (Saves the current level to disk)
Resource: (C:/Program Files/Epic Games/4.7/Engine/Content/Localization/Engine/en/Engine.locres) Hash: (-1280300587) String: (Save selected data to vlog file)
[2015.05.18-04.16.25:068][  0]LogTextLocalizationManager:Warning: Loading localization resources contain conflicting entries for (Namespace:ContentBrowser, Key:ImportAssetToolTip):
Resource: (C:/Program Files/Epic Games/4.7/Engine/Content/Localization/Editor/en/Editor.locres) Hash: (-630476809) String: (Import to {0}...)
Resource: (C:/Program Files/Epic Games/4.7/Engine/Content/Localization/Editor/en/Editor.locres) Hash: (1271782899) String: (Imports an asset from file to this folder.)
[2015.05.18-04.16.25:164][  0]LogContentStreaming: Texture pool size is 0.000000MB
[2015.05.18-04.16.28:018][  0]LogTargetPlatformManager:Display: Building Assets For Windows
[2015.05.18-04.16.28:707][  0]LogTargetPlatformManager:Display: Building Assets For Windows
[2015.05.18-04.16.28:780][  0]LogDerivedDataCache:Display: Max Cache Size: 512 MB
[2015.05.18-04.16.28:823][  0]LogDerivedDataCache: Loaded boot cache 0.04s 41MB C:/Users/Terence/AppData/Local/UnrealEngine/4.7/DerivedDataCache/Boot.ddc.
[2015.05.18-04.16.28:823][  0]LogDerivedDataCache:Display: Loaded Boot cache: C:/Users/Terence/AppData/Local/UnrealEngine/4.7/DerivedDataCache/Boot.ddc
[2015.05.18-04.16.28:823][  0]LogDerivedDataCache: FDerivedDataBackendGraph:  Pak pak cache file ../../../../../../Users/Terence/Desktop/Tuts/DerivedDataCache/DDC.ddp not found, will not use a pak cache.
[2015.05.18-04.16.28:823][  0]LogDerivedDataCache: Unable to find inner node Pak for hierarchical cache Hierarchy.
[2015.05.18-04.16.28:962][  0]LogDerivedDataCache:Display: Pak cache opened for reading ../../../Engine/DerivedDataCache/Compressed.ddp.
[2015.05.18-04.16.28:974][  0]LogDerivedDataCache: Using Local data cache path C:/Users/Terence/AppData/Local/UnrealEngine/Common/DerivedDataCache: Writable
[2015.05.18-04.16.29:316][  0]LogMeshUtilities: No automatic mesh reduction module available
[2015.05.18-04.16.29:316][  0]LogMeshUtilities: No automatic mesh merging module available
[2015.05.18-04.16.29:764][  0]LogInit: WinSock: version 1.1 (2.2), MaxSocks=32767, MaxUdp=65467
[2015.05.18-04.16.29:866][  0]LogSlate:Warning: Failed to load font data from '../../../Engine/Content/Slate/Fonts/Roboto-Italic.ttf'
[2015.05.18-04.16.30:816][  0]UdpMessaging: Initializing bridge on interface 0.0.0.0:0 to multicast group 230.0.0.1:6666.
[2015.05.18-04.16.31:075][  0]SourceControl: Info Source control is disabled
[2015.05.18-04.16.31:076][  0]SourceControl: Info Source control is disabled
[2015.05.18-04.16.31:076][  0]SourceControl: Info Source control is disabled
[2015.05.18-04.16.31:076][  0]LogSourceControl: RunCommandInternalRaw: 'git version'
[2015.05.18-04.16.31:076][  0]LogSourceControl: RunCommandInternalRaw: ExecProcess ReturnCode=2 OutResults=''
[2015.05.18-04.16.31:087][  0]SourceControl: Info Source control is disabled
[2015.05.18-04.16.31:346][  0]LogObj: 24232 objects as part of root set at end of initial load.
[2015.05.18-04.16.31:346][  0]LogUObjectAllocator: 5137168 out of 0 bytes used by permanent object pool.
[2015.05.18-04.16.31:452][  0]LogEngine: Initializing Engine...
[2015.05.18-04.16.33:628][  0]LogInit: XAudio2 using 'Speakers (High Definition Audio Device)' : 2 channels at 48 kHz using 32 bits per sample (channel mask 0x3)
[2015.05.18-04.16.33:685][  0]LogInit: FAudioDevice initialized.
[2015.05.18-04.16.33:731][  0]LogAIModule: Creating AISystem for world NewWorld
[2015.05.18-04.16.33:753][  0]LogDerivedDataCache: Saved boot cache 0.02s 41MB C:/Users/Terence/AppData/Local/UnrealEngine/4.7/DerivedDataCache/Boot.ddc.
[2015.05.18-04.16.33:759][  0]LogInit: Texture streaming: Enabled
[2015.05.18-04.16.33:871][  0]LogAnalytics: Creating configured Analytics provider AnalyticsET
[2015.05.18-04.16.33:871][  0]LogAnalytics: ET APIKey = Rocket.Release. APIServer = http://et2.epicgames.com/ET2/. AppVersion = 4.7.6-2513093+++depot+UE4-Releases+4.7
[2015.05.18-04.16.33:871][  0]LogAnalytics: ET APIKey = Rocket.Release. DataRouterUploadURL = https://datarouter-public-service-gamedev.ol.epicgames.net/datarouter/api/v1/public/data. AppVersion = 4.7.6-2513093+++depot+UE4-Releases+4.7
[2015.05.18-04.16.33:871][  0]LogAnalytics: SetUserId 807c37ef4c1d0d3606d7dda4ef66696b|1a264fbee5264296bc92ab5688b3a52c|fa110be0-0aa8-412e-ae45-c22b51ce844c
[2015.05.18-04.16.33:872][  0]LogAnalytics: AnalyticsET::StartSession [Rocket.Release]
[2015.05.18-04.16.33:901][  0]LogInit: Transaction tracking system initialized
[2015.05.18-04.16.34:137][  0]BlueprintLog: New page: Editor Load
[2015.05.18-04.16.34:178][  0]LogAssetRegistry: FAssetRegistry took 0.0104 seconds to start up
[2015.05.18-04.16.34:178][  0]LogDirectoryWatcher:Warning: Failed to begin reading directory changes for ../../../Engine/Plugins/Experimental/CharacterAI/Content/. Error: 0
[2015.05.18-04.16.34:894][  0]LogTargetPlatformManager:Display: Building Assets For Windows
[2015.05.18-04.16.35:373][  0]LogTargetPlatformManager:Display: Building Assets For Windows
[2015.05.18-04.16.35:723][  0]LogSlate:Warning: Failed to load font data from '../../../Engine/Content/Editor/Slate/Fonts/Roboto-Regular.ttf'
[2015.05.18-04.16.35:724][  0]LogSlate:Warning: Failed to load font data from '../../../Engine/Content/Editor/Slate/Fonts/Roboto-Bold.ttf'
[2015.05.18-04.16.35:730][  0]LogConsoleResponse:Display: 
[2015.05.18-04.16.35:894][  0]LogCook:Display: Done creating registry. It took  0.00s.
[2015.05.18-04.16.36:083][  0]SourceControl: Info Source control is disabled
[2015.05.18-04.16.36:083][  0]Cmd: MAP LOAD FILE="../../../../../../Users/Terence/Desktop/Tuts/Content/FirstPersonBP/Maps/FirstPersonExampleMap.umap" TEMPLATE=0 SHOWPROGRESS=1 FEATURELEVEL=2
[2015.05.18-04.16.36:084][  0]LightingResults: New page: Lighting Build
[2015.05.18-04.16.36:099][  0]MapCheck: New page: Map Check
[2015.05.18-04.16.36:099][  0]LightingResults: New page: Lighting Build
[2015.05.18-04.16.36:107][  0]LogParticles: Destroying 0 GPU particle simulations for FXSystem 0x0000002E2E969620
[2015.05.18-04.16.36:117][  0]LogLinker:Warning: Asset '../../../Engine/Content/EngineMeshes/Humanoid.uasset' has been saved with empty engine version. The asset will be loaded but may be incompatible.
[2015.05.18-04.16.37:739][  0]LogEditorServer: Finished looking for orphan Actors (0.000 secs)
[2015.05.18-04.16.38:845][  0]LogAIModule: Creating AISystem for world FirstPersonExampleMap
[2015.05.18-04.16.38:846][  0]Cmd: MAP CHECKDEP
[2015.05.18-04.16.38:846][  0]MapCheck: New page: FirstPersonExampleMap - 19 May 2015 12:16:38 am
[2015.05.18-04.16.38:942][  0]MapCheck: Info Map check complete: 0 Error(s), 0 Warning(s), took 95.834ms to complete.
[2015.05.18-04.16.38:942][  0]LogFileHelpers: Loading map 'FirstPersonExampleMap' took 2.859
[2015.05.18-04.16.39:099][  0]LogCollectionManager: Loaded 0 collections in 0.002208 seconds
[2015.05.18-04.16.39:112][  0]LogContentBrowser: Native class hierarchy populated in 0.0128 seconds. Added 1696 classes and 261 folders.
[2015.05.18-04.16.39:151][  0]LogContentBrowser: Native class hierarchy updated for 'SceneOutliner' in 0.0025 seconds. Added 1 classes and 2 folders.
[2015.05.18-04.16.39:248][  0]LogCrashTracker: Crashtracker disabled due to settings.
[2015.05.18-04.16.39:250][  0]LogSlate:Warning: Failed to load font data from 'Veranda'
[2015.05.18-04.16.39:254][  0]LogUObjectGlobals:Warning: Failed to find object 'Class None.'
[2015.05.18-04.16.39:282][  0]LogLoad: Full Startup: 15.48 seconds (BP compile: 0.62 seconds)
[2015.05.18-04.16.39:677][  0]LogContentBrowser:Verbose: The content browser source was changed by the sources view to '/Game/Partices'
[2015.05.18-04.16.39:835][  0]LogRenderer:Warning: Reallocating scene render targets to support 32x32 (Frame:2).
[2015.05.18-04.16.40:179][  0]LogRenderer:Warning: Reallocating scene render targets to support 704x408 (Frame:6).
[2015.05.18-04.16.42:279][  6]LogAssetRegistry: Asset discovery search completed in 8.1110 seconds
[2015.05.18-04.19.41:252][972]LogContentBrowser:Verbose: The content browser source was changed by the sources view to '/Game'
[2015.05.18-04.19.46:506][132]LogParticles:Warning: InitializeSystem called on an unregistered component. Template=/Game/Partices/P_Sparks.P_Sparks Component=/Game/Tuts.Tuts:PersistentLevel.P_Sparks_2.ParticleSystemComponent0
[2015.05.18-04.19.46:850][132]Cmd: MAP LOAD FILE="../../../../../../Users/Terence/Desktop/Tuts/Content/Tuts.umap" TEMPLATE=0 SHOWPROGRESS=1 FEATURELEVEL=2
[2015.05.18-04.19.46:850][132]LightingResults: New page: Lighting Build
[2015.05.18-04.19.46:887][132]LoadErrors: New page: Loading map: Tuts.umap
[2015.05.18-04.19.46:888][132]MapCheck: New page: Map Check
[2015.05.18-04.19.46:888][132]LightingResults: New page: Lighting Build
[2015.05.18-04.19.46:899][132]LogParticles: Destroying 0 GPU particle simulations for FXSystem 0x0000002E28A307C0
[2015.05.18-04.19.47:056][132]LogEditorServer: Finished looking for orphan Actors (0.000 secs)
[2015.05.18-04.19.47:115][132]LogAIModule: Creating AISystem for world Tuts
[2015.05.18-04.19.47:165][132]Cmd: MAP CHECKDEP
[2015.05.18-04.19.47:165][132]MapCheck: New page: Tuts - 19 May 2015 12:19:47 am
[2015.05.18-04.19.47:299][132]MapCheck: Info Map check complete: 0 Error(s), 0 Warning(s), took 133.858ms to complete.
[2015.05.18-04.19.47:300][132]LogFileHelpers: Loading map 'Tuts' took 0.452
[2015.05.18-04.19.56:942][256]LogEditorViewport: Clicking on Actor (LMB): Emitter (P_Sparks)
[2015.05.18-04.19.59:991][292]LogContentBrowser: Native class hierarchy updated for 'Cascade' in 0.0042 seconds. Added 2 classes and 2 folders.
[2015.05.18-04.20.00:011][292]LogPhysics:Warning: PHYSX: ..\..\PhysXExtensions\src\ExtRigidBodyExt.cpp (234) 4 : computeMassAndInertia: Dynamic actor with illegal collision shapes
[2015.05.18-04.20.00:011][292]LogPhysics:Warning: PHYSX: ..\..\PhysXExtensions\src\ExtRigidBodyExt.cpp (283) 4 : PxRigidBodyExt::updateMassAndInertia: Mass and inertia computation failed, setting mass to 1 and inertia to (1,1,1)
[2015.05.18-04.21.40:340][859]Cmd: OBJ SAVEPACKAGE PACKAGE="/Game/Partices/P_Sparks" FILE="../../../../../../Users/Terence/Desktop/Tuts/Content/Partices/P_Sparks.uasset" SILENT=true
[2015.05.18-04.21.40:637][859]LogSavePackage: Save=268.646820ms
[2015.05.18-04.21.40:637][859]LogSavePackage: Moving '../../../../../../Users/Terence/Desktop/Tuts/Saved/P_SparksDC3E6C0845C2304CFBBC04909F3E2566.tmp' to '../../../../../../Users/Terence/Desktop/Tuts/Content/Partices/P_Sparks.uasset'
[2015.05.18-04.21.46:020][935]LogContentBrowser:Verbose: The content browser source was changed by the sources view to 'None'
[2015.05.18-04.21.46:022][935]LogContentBrowser:Verbose: The content browser source was changed by the sources view to '/Game/Partices'
[2015.05.18-04.21.53:408][237]LogSourceControl: RunCommandInternalRaw: 'git version'
[2015.05.18-04.21.53:494][237]LogSourceControl: RunCommandInternalRaw: ExecProcess ReturnCode=0 OutResults='git version 1.9.5.msysgit.1
'
[2015.05.18-04.21.55:935][262]LogSourceControl: RunCommandInternalRaw: 'git status'
[2015.05.18-04.21.56:435][266]LogSourceControl: RunCommandInternalRaw: ExecProcess ReturnCode=0 OutResults='On branch master
Your branch is up-to-date with 'origin/master'.

Changes not staged for commit:
  (use "git add <file>..." to update what will be committed)
  (use "git checkout -- <file>..." to discard changes in working directory)

	modified:   Content/FirstPersonBP/Maps/FirstPersonExampleMap.umap
	modified:   Content/Materials/Material_002.uasset
	modified:   Content/Partices/P_Sparks.uasset
	modified:   Intermediate/CachedAssetRegistry.bin
	modified:   Intermediate/Config/CoalescedSourceConfigs/Engine.ini
	modified:   Intermediate/Config/CoalescedSourceConfigs/Game.ini
	modified:   Saved/AutoScreenshot.png
	modified:   Saved/Config/Windows/EditorUserSettings.ini
	modified:   Saved/Config/Windows/Engine.ini
	modified:   Saved/Config/Windows/GameUserSettings.ini
	modified:   Saved/Logs/Tuts.log

Untracked files:
  (use "git add <f