Log file open, 05/10/15 14:15:12
LogInit:Display: Running engine for game: Tuts
LogInit: Version: 4.7.6-2513093+++depot+UE4-Releases+4.7
LogInit: API Version: 2455222
LogInit: Compiled (64-bit): Apr 15 2015 12:09:54
LogInit: Compiled with Visual C++: 18.00.21005.01
LogInit: Build Configuration: Development
LogInit: Branch Name: ++depot+UE4-Releases+4.7
LogInit: Command line:  
LogInit: Base directory: C:/Program Files/Epic Games/4.7/Engine/Binaries/Win64/
LogInit: Rocket: 1
[2015.05.10-04.15.12:837][  0]LogTaskGraph: Started task graph with 3 named threads and 4 total threads.
[2015.05.10-04.15.12:886][  0]LogOnline:Warning: No default platform service specified for OnlineSubsystem
[2015.05.10-04.15.12:904][  0]LogInit: Presizing for 0 objects not considered by GC, pre-allocating 0 bytes.
[2015.05.10-04.15.12:916][  0]LogInit: Object subsystem initialized
[2015.05.10-04.15.12:919][  0]LogConsoleResponse:Warning: Skipping Unknown console variable: 'TranslucentSortAxis = (X=0.000000,Y=-1.000000,Z=0.000000)'
[2015.05.10-04.15.12:919][  0]LogConsoleResponse:Warning:   Found in ini file 'C:/Users/jbutl_000/Documents/Unreal Projects/Tuts/Saved/Config/Windows/Engine.ini', in section '[/Script/Engine.RendererSettings]'
[2015.05.10-04.15.12:919][  0]LogConsoleResponse:Warning: Skipping Unknown console variable: 'UIScaleRule = ShortestSide'
[2015.05.10-04.15.12:919][  0]LogConsoleResponse:Warning:   Found in ini file 'C:/Users/jbutl_000/Documents/Unreal Projects/Tuts/Saved/Config/Windows/Engine.ini', in section '[/Script/Engine.RendererSettings]'
[2015.05.10-04.15.12:919][  0]LogConsoleResponse:Warning: Skipping Unknown console variable: 'UIScaleCurve = (EditorCurveData=(Keys=),ExternalCurve=None)'
[2015.05.10-04.15.12:919][  0]LogConsoleResponse:Warning:   Found in ini file 'C:/Users/jbutl_000/Documents/Unreal Projects/Tuts/Saved/Config/Windows/Engine.ini', in section '[/Script/Engine.RendererSettings]'
[2015.05.10-04.15.12:920][  0]LogInit: Selected Device Profile: [Windows]
[2015.05.10-04.15.12:920][  0]LogInit: Applying CVar settings loaded from the selected device profile: [Windows]
[2015.05.10-04.15.12:926][  0]LogInit: Computer: BEATS
[2015.05.10-04.15.12:926][  0]LogInit: User: jbutl75
[2015.05.10-04.15.12:926][  0]LogInit: CPU Page size=4096, Cores=2
[2015.05.10-04.15.12:926][  0]LogInit: High frequency timer resolution =2.338423 MHz
[2015.05.10-04.15.12:927][  0]LogMemory: Memory total: Physical=3.9GB (4GB approx) Virtual=131072.0GB
[2015.05.10-04.15.12:927][  0]LogMemory: Platform Memory Stats for Windows
[2015.05.10-04.15.12:927][  0]LogMemory: Process Physical Memory: 46.05 MB used, 46.05 MB peak
[2015.05.10-04.15.12:927][  0]LogMemory: Process Virtual Memory: 28.31 MB used, 28.32 MB peak
[2015.05.10-04.15.12:927][  0]LogMemory: Physical Memory: 3089.90 MB used, 4043.81 MB total
[2015.05.10-04.15.12:927][  0]LogMemory: Virtual Memory: 293.64 MB used, 134217728.00 MB total
[2015.05.10-04.15.13:105][  0]LogD3D11RHI: Found D3D11 adapter 0: Intel(R) HD Graphics 3000 (Feature Level 10_0)
[2015.05.10-04.15.13:105][  0]LogD3D11RHI: Adapter has 1015MB of dedicated video memory, 0MB of dedicated system memory, and 2021MB of shared system memory, 1 output[s]
[2015.05.10-04.15.13:109][  0]LogD3D11RHI: Found D3D11 adapter 1: Microsoft Basic Render Driver (Feature Level 11_0)
[2015.05.10-04.15.13:109][  0]LogD3D11RHI: Adapter has 0MB of dedicated video memory, 0MB of dedicated system memory, and 256MB of shared system memory, 0 output[s]
[2015.05.10-04.15.13:109][  0]LogD3D11RHI: Chosen D3D11 Adapter Id = 0
[2015.05.10-04.15.13:164][  0]LogRHI: Texture pool is 1361 MB (70% of 1945 MB)
[2015.05.10-04.15.13:174][  0]LogD3D11RHI: Async texture creation enabled
[2015.05.10-04.15.13:248][  0]LogTextLocalizationManager: The requested culture ('en_US') has no localization data; parent culture's ('en') localization data will be used.
[2015.05.10-04.15.13:331][  0]LogTextLocalizationManager:Warning: Loading localization resources contain conflicting entries for (Namespace:UICommands, Key:Save_ToolTip):
Resource: (C:/Program Files/Epic Games/4.7/Engine/Content/Localization/Editor/en/Editor.locres) Hash: (-29098895) String: (Saves the current level to disk)
Resource: (C:/Program Files/Epic Games/4.7/Engine/Content/Localization/Engine/en/Engine.locres) Hash: (-1280300587) String: (Save selected data to vlog file)
[2015.05.10-04.15.13:331][  0]LogTextLocalizationManager:Warning: Loading localization resources contain conflicting entries for (Namespace:ContentBrowser, Key:ImportAssetToolTip):
Resource: (C:/Program Files/Epic Games/4.7/Engine/Content/Localization/Editor/en/Editor.locres) Hash: (-630476809) String: (Import to {0}...)
Resource: (C:/Program Files/Epic Games/4.7/Engine/Content/Localization/Editor/en/Editor.locres) Hash: (1271782899) String: (Imports an asset from file to this folder.)
[2015.05.10-04.15.13:435][  0]LogContentStreaming: Texture pool size is 0.000000MB
[2015.05.10-04.15.16:075][  0]LogTargetPlatformManager:Display: Building Assets For Windows
[2015.05.10-04.15.16:776][  0]LogTargetPlatformManager:Display: Building Assets For Windows
[2015.05.10-04.15.16:873][  0]LogDerivedDataCache:Display: Max Cache Size: 512 MB
[2015.05.10-04.15.17:557][  0]LogDerivedDataCache: Loaded boot cache 0.10s 36MB C:/Users/jbutl_000/AppData/Local/UnrealEngine/4.7/DerivedDataCache/Boot.ddc.
[2015.05.10-04.15.17:636][  0]LogDerivedDataCache:Display: Loaded Boot cache: C:/Users/jbutl_000/AppData/Local/UnrealEngine/4.7/DerivedDataCache/Boot.ddc
[2015.05.10-04.15.17:636][  0]LogDerivedDataCache: FDerivedDataBackendGraph:  Pak pak cache file ../../../../../../Users/jbutl_000/Documents/Unreal Projects/Tuts/DerivedDataCache/DDC.ddp not found, will not use a pak cache.
[2015.05.10-04.15.17:636][  0]LogDerivedDataCache: Unable to find inner node Pak for hierarchical cache Hierarchy.
[2015.05.10-04.15.17:811][  0]LogDerivedDataCache:Display: Pak cache opened for reading ../../../Engine/DerivedDataCache/Compressed.ddp.
[2015.05.10-04.15.17:824][  0]LogDerivedDataCache: Using Local data cache path C:/Users/jbutl_000/AppData/Local/UnrealEngine/Common/DerivedDataCache: Writable
[2015.05.10-04.15.18:259][  0]LogMeshUtilities: No automatic mesh reduction module available
[2015.05.10-04.15.18:259][  0]LogMeshUtilities: No automatic mesh merging module available
[2015.05.10-04.15.18:775][  0]LogInit: WinSock: version 1.1 (2.2), MaxSocks=32767, MaxUdp=65467
[2015.05.10-04.15.18:872][  0]LogSlate:Warning: Failed to load font data from '../../../Engine/Content/Slate/Fonts/Roboto-Italic.ttf'
[2015.05.10-04.15.19:932][  0]UdpMessaging: Initializing bridge on interface 0.0.0.0:0 to multicast group 230.0.0.1:6666.
[2015.05.10-04.15.20:156][  0]SourceControl: Info Source control is disabled
[2015.05.10-04.15.20:157][  0]SourceControl: Info Source control is disabled
[2015.05.10-04.15.20:157][  0]SourceControl: Info Source control is disabled
[2015.05.10-04.15.20:157][  0]LogSourceControl: RunCommandInternalRaw: 'git version'
[2015.05.10-04.15.20:157][  0]LogSourceControl: RunCommandInternalRaw: ExecProcess ReturnCode=2 OutResults=''
[2015.05.10-04.15.20:167][  0]SourceControl: Info Source control is disabled
[2015.05.10-04.15.20:383][  0]LogObj: 24232 objects as part of root set at end of initial load.
[2015.05.10-04.15.20:383][  0]LogUObjectAllocator: 5137176 out of 0 bytes used by permanent object pool.
[2015.05.10-04.15.20:811][  0]LogEngine: Initializing Engine...
[2015.05.10-04.15.23:624][  0]LogInit: XAudio2 using 'Speakers / HP (IDT High Definition Audio CODEC)' : 2 channels at 48 kHz using 32 bits per sample (channel mask 0x3)
[2015.05.10-04.15.23:638][  0]LogInit: FAudioDevice initialized.
[2015.05.10-04.15.23:682][  0]LogAIModule: Creating AISystem for world NewWorld
[2015.05.10-04.15.23:897][  0]LogDerivedDataCache: Saved boot cache 0.21s 36MB C:/Users/jbutl_000/AppData/Local/UnrealEngine/4.7/DerivedDataCache/Boot.ddc.
[2015.05.10-04.15.23:906][  0]LogInit: Texture streaming: Enabled
[2015.05.10-04.15.24:021][  0]LogAnalytics: Creating configured Analytics provider AnalyticsET
[2015.05.10-04.15.24:021][  0]LogAnalytics: ET APIKey = Rocket.Release. APIServer = http://et2.epicgames.com/ET2/. AppVersion = 4.7.6-2513093+++depot+UE4-Releases+4.7
[2015.05.10-04.15.24:022][  0]LogAnalytics: ET APIKey = Rocket.Release. DataRouterUploadURL = https://datarouter-public-service-gamedev.ol.epicgames.net/datarouter/api/v1/public/data. AppVersion = 4.7.6-2513093+++depot+UE4-Releases+4.7
[2015.05.10-04.15.24:022][  0]LogAnalytics: SetUserId 4ef35f964f4e4604a79b73919b19a5e8|4b329d41c9194136a0c76ae4052c1778|27ce72d0-b477-4cbb-abfe-63a03639d778
[2015.05.10-04.15.24:022][  0]LogAnalytics: AnalyticsET::StartSession [Rocket.Release]
[2015.05.10-04.15.24:524][  0]LogInit: Transaction tracking system initialized
[2015.05.10-04.15.24:774][  0]BlueprintLog: New page: Editor Load
[2015.05.10-04.15.24:813][  0]LogAssetRegistry: FAssetRegistry took 0.0104 seconds to start up
[2015.05.10-04.15.24:813][  0]LogDirectoryWatcher:Warning: Failed to begin reading directory changes for ../../../Engine/Plugins/Experimental/CharacterAI/Content/. Error: 0
[2015.05.10-04.15.26:467][  0]LogTargetPlatformManager:Display: Building Assets For Windows
[2015.05.10-04.15.27:158][  0]LogTargetPlatformManager:Display: Building Assets For Windows
[2015.05.10-04.15.27:486][  0]LogSlate:Warning: Failed to load font data from '../../../Engine/Content/Editor/Slate/Fonts/Roboto-Regular.ttf'
[2015.05.10-04.15.27:487][  0]LogSlate:Warning: Failed to load font data from '../../../Engine/Content/Editor/Slate/Fonts/Roboto-Bold.ttf'
[2015.05.10-04.15.27:539][  0]LogConsoleResponse:Display: 
[2015.05.10-04.15.27:723][  0]LogCook:Display: Done creating registry. It took  0.00s.
[2015.05.10-04.15.27:905][  0]SourceControl: Info Source control is disabled
[2015.05.10-04.15.27:905][  0]Cmd: MAP LOAD FILE="../../../../../../Users/jbutl_000/Documents/Unreal Projects/Tuts/Content/FirstPersonBP/Maps/FirstPersonExampleMap.umap" TEMPLATE=0 SHOWPROGRESS=1 FEATURELEVEL=2
[2015.05.10-04.15.27:906][  0]LightingResults: New page: Lighting Build
[2015.05.10-04.15.27:926][  0]MapCheck: New page: Map Check
[2015.05.10-04.15.27:926][  0]LightingResults: New page: Lighting Build
[2015.05.10-04.15.27:949][  0]LogParticles: Destroying 0 GPU particle simulations for FXSystem 0x0000009B73023060
[2015.05.10-04.15.27:959][  0]LogLinker:Warning: Asset '../../../Engine/Content/EngineMeshes/Humanoid.uasset' has been saved with empty engine version. The asset will be loaded but may be incompatible.
[2015.05.10-04.15.42:742][  0]LogEditorServer: Finished looking for orphan Actors (0.000 secs)
[2015.05.10-04.16.32:523][  0]LogAIModule: Creating AISystem for world FirstPersonExampleMap
[2015.05.10-04.16.32:585][  0]Cmd: MAP CHECKDEP
[2015.05.10-04.16.32:628][  0]MapCheck: New page: FirstPersonExampleMap - May 11, 2015, 12:16:32 AM
[2015.05.10-04.16.32:825][  0]MapCheck: Info Map check complete: 0 Error(s), 0 Warning(s), took 240.05ms to complete.
[2015.05.10-04.16.32:826][  0]LogFileHelpers: Loading map 'FirstPersonExampleMap' took 64.921
[2015.05.10-04.16.37:904][  0]LogCollectionManager: Loaded 0 collections in 0.002950 seconds
[2015.05.10-04.16.37:932][  0]LogContentBrowser: Native class hierarchy populated in 0.0279 seconds. Added 1696 classes and 261 folders.
[2015.05.10-04.16.38:164][  0]LogContentBrowser: Native class hierarchy updated for 'SceneOutliner' in 0.0056 seconds. Added 1 classes and 2 folders.
[2015.05.10-04.16.39:053][  0]LogCrashTracker: Crashtracker disabled due to settings.
[2015.05.10-04.16.39:117][  0]LogSlate:Warning: Failed to load font data from 'Veranda'
[2015.05.10-04.16.39:213][  0]LogUObjectGlobals:Warning: Failed to find object 'Class None.'
[2015.05.10-04.16.39:278][  0]LogLoad: Full Startup: 88.75 seconds (BP compile: 0.65 seconds)
[2015.05.10-04.16.40:950][  0]LogRenderer:Warning: Reallocating scene render targets to support 32x32 (Frame:2).
[2015.05.10-04.16.41:674][  0]LogRenderer:Warning: Reallocating scene render targets to support 704x416 (Frame:3).
[2015.05.10-04.16.46:721][  1]LogContentBrowser:Verbose: The content browser source was changed by the sources view to '/Game/Partices'
[2015.05.10-04.16.52:010][  2]LogEditorViewport: Clicking on Actor (LMB): StaticMeshActor (Floor2)
[2015.05.10-04.17.04:968][  2]LogEditorViewport: Clicking on Actor (LMB): StaticMeshActor (Floor2)
[2015.05.10-04.17.05:209][  2]LogEditorViewport: Clicking on Actor (context menu): StaticMeshActor (Floor2)
[2015.05.10-04.17.19:131][ 11]LogAssetRegistry: Asset discovery search completed in 114.3281 seconds
[2015.05.10-04.18.23:606][137]Cmd: QUIT_EDITOR
[2015.05.10-04.18.24:736][137]LogExit: Preparing to exit.
[2015.05.10-04.18.26:233][137]LogExit: Editor shut down
[2015.05.10-04.18.26:234][137]LogExit: Transaction tracking system shut down
[2015.05.10-04.18.26:237][137]LogParticles: Destroying 0 GPU particle simulations for FXSystem 0x0000009B6F2845E0
[2015.05.10-04.18.26:239][137]LogParticles: Destroying 0 GPU particle simulations for FXSystem 0x0000009B7C024180
[2015.05.10-04.18.26:239][137]LogParticles: Destroying 0 GPU particle simulations for FXSystem 0x0000009B7C111080
[2015.05.10-04.18.29:001][137]LogParticles: Destroying 0 GPU particle simulations for FXSystem 0x0000009B28526520
[2015.05.10-04.18.29:001][137]LogExit: Object subsystem successfully closed.
[2015.05.10-04.18.30:464][137]LogModuleManager: Shutting down and abandoning module CrashTracker (177)
[2015.05.10-04.18.30:486][137]LogModuleManager: Shutting down and abandoning module SuperSearch (176)
[2015.05.10-04.18.30:486][137]LogModuleManager: Shutting down and abandoning module SceneOutliner (175)
[2015.05.10-04.18.30:523][137]LogModuleManager: Shutting down and abandoning module EditorWidgets (174)
[2015.05.10-04.18.30:523][137]LogModuleManager: Shutting down and abandoning module CollectionManager (173)
[2015.05.10-04.18.30:555][137]LogModuleManager: Shutting down and abandoning module StatsViewer (172)
[2015.05.10-04.18.30:688][137]LogModuleManager: Shutting down and abandoning module FoliageEdit (171)
[2015.05.10-04.18.30:688][137]LogModuleManager: Shutting down and abandoning module LandscapeEditor (170)
[2015.05.10-04.18.30:803][137]LogModuleManager: Shutting down and abandoning module MeshPaint (169)
[2015.05.10-04.18.30:831][137]LogModuleManager: Shutting down and abandoning module ActorPickerMode (168)
[2015.05.10-04.18.30:831][137]LogModuleManager: Shutting down and abandoning module GeometryMode (167)
[2015.05.10-04.18.30:831][137]LogModuleManager: Shutting down and abandoning module TextureAlignMode (166)
[2015.05.10-04.18.30:831][137]LogModuleManager: Shutting down and abandoning module BspMode (165)
[2015.05.10-04.18.30:831][137]LogModuleManager: Shutting down and abandoning module PlacementMode (164)
[2015.05.10-04.18.30:831][137]LogModuleManager: Shutting down and abandoning module AutomationWorker (163)
[2015.05.10-04.18.30:831][137]LogModuleManager: Shutting down and abandoning module CharacterAI (162)
[2015.05.10-04.18.30:831][137]LogModuleManager: Shutting down and abandoning module SmartSnapping (161)
[2015.05.10-04.18.30:831][137]LogModuleManager: Shutting down and abandoning module ViewportSnapping (160)
[2015.05.10-04.18.30:831][137]LogModuleManager: Shutting down and abandoning module LogVisualizer (159)
[2015.05.10-04.18.31:278][137]LogModuleManager: Shutting down and abandoning module GameProjectGeneration (158)
[2015.05.10-04.18.31:308][137]LogModuleManager: Shutting down and abandoning module IntroTutorials (157)
[2015.05.10-04.18.31:554][137]LogModuleManager: Shutting down and abandoning module EditorLiveStreaming (156)
[2015.05.10-04.18.31:610][137]LogModuleManager: Shutting down and abandoning module HardwareTargeting (155)
[2015.05.10-04.18.31:610][137]LogModuleManager: Shutting down and abandoning module DeviceProfileEditor (154)
[2015.05.10-04.18.31:695][137]LogModuleManager: Shutting down and abandoning module UndoHistory (153)
[2015.05.10-04.18.31:814][137]LogModuleManager: Shutting down and abandoning module GameplayTagsEditor (152)
[2015.05.10-04.18.31:815][137]LogModuleManager: Shutting down and abandoning module UserFeedback (151)
[2015.05.10-04.18.31:815][137]LogModuleManager: Shutting down and abandoning module XmlParser (150)
[2015.05.10-04.18.31:904][137]LogModuleManager: Shutting down and abandoning module Blutility (149)
[2015.05.10-04.18.31:904][137]LogModuleManager: Shutting down and abandoning module IOSPlatformEditor (148)
[2015.05.10-04.18.31:904][137]LogModuleManager: Shutting down and abandoning module IOSRuntimeSettings (147)
[2015.05.10-04.18.31:904][137]LogModuleManager: Shutting down and abandoning module AndroidDeviceDetection (146)
[2015.05.10-04.18.32:364][137]LogModuleManager: Shutting down and abandoning module AndroidPlatformEditor (145)
[2015.05.10-04.18.32:364][137]LogModuleManager: Shutting down and abandoning module AndroidRuntimeSettings (144)
[2015.05.10-04.18.32:364][137]LogModuleManager: Shutting down and abandoning module ProjectTargetPlatformEditor (143)
[2015.05.10-04.18.32:402][137]LogModuleManager: Shutting down and abandoning module ProjectSettingsViewer (142)
[2015.05.10-04.18.32:402][137]LogModuleManager: Shutting down and abandoning module InputBindingEditor (141)
[2015.05.10-04.18.32:505][137]LogModuleManager: Shutting down and abandoning module EditorSettingsViewer (140)
[2015.05.10-04.18.32:505][137]LogModuleManager: Shutting down and abandoning module SettingsEditor (139)
[2015.05.10-04.18.32:528][137]LogModuleManager: Shutting down and abandoning module ProjectLauncher (138)
[2015.05.10-04.18.32:601][137]LogModuleManager: Shutting down and abandoning module SessionFrontend (137)
[2015.05.10-04.18.32:632][137]LogModuleManager: Shutting down and abandoning module ProfilerClient (136)
[2015.05.10-04.18.32:652][137]LogModuleManager: Shutting down and abandoning module TargetDeviceServices (135)
[2015.05.10-04.18.32:652][137]LogModuleManager: Shutting down and abandoning module DeviceManager (134)
[2015.05.10-04.18.32:722][137]LogModuleManager: Shutting down and abandoning module AutomationController (133)
[2015.05.10-04.18.32:743][137]LogModuleManager: Shutting down and abandoning module AutomationWindow (132)
[2015.05.10-04.18.32:766][137]LogModuleManager: Shutting down and abandoning module Layers (131)
[2015.05.10-04.18.32:942][137]LogModuleManager: Shutting down and abandoning module ComponentVisualizers (130)
[2015.05.10-04.18.32:942][137]LogModuleManager: Shutting down and abandoning module DetailCustomizations (129)
[2015.05.10-04.18.32:942][137]LogModuleManager: Shutting down and abandoning module PackagesDialog (128)
[2015.05.10-04.18.33:106][137]LogModuleManager: Shutting down and abandoning module AssetRegistry (127)
[2015.05.10-04.18.33:312][137]LogModuleManager: Shutting down and abandoning module Persona (126)
[2015.05.10-04.18.33:419][137]LogModuleManager: Shutting down and abandoning module SlateReflector (125)
[2015.05.10-04.18.33:468][137]LogModuleManager: Shutting down and abandoning module LevelEditor (124)
[2015.05.10-04.18.33:499][137]LogModuleManager: Shutting down and abandoning module Kismet (123)
[2015.05.10-04.18.33:530][137]LogModuleManager: Shutting down and abandoning module GraphEditor (122)
[2015.05.10-04.18.33:831][137]LogModuleManager: Shutting down and abandoning module ClassViewer (121)
[2015.05.10-04.18.33:831][137]LogModuleManager: Shutting down and abandoning module Toolbox (120)
[2015.05.10-04.18.33:831][137]LogModuleManager: Shutting down and abandoning module ModuleUI (119)
[2015.05.10-04.18.33:859][137]LogModuleManager: Shutting down and abandoning module MovieSceneTools (118)
[2015.05.10-04.18.33:881][137]LogModuleManager: Shutting down and abandoning module OutputLog (117)
[2015.05.10-04.18.33:881][137]LogModuleManager: Shutting down and abandoning module GammaUI (116)
[2015.05.10-04.18.33:897][137]LogModuleManager: Shutting down and abandoning module Documentation (115)
[2015.05.10-04.18.33:897][137]LogModuleManager: Shutting down and abandoning module GameLiveStreaming (114)
[2015.05.10-04.18.33:906][137]LogModuleManager: Shutting down and abandoning module StreamingPauseRendering (113)
[2015.05.10-04.18.33:982][137]LogModuleManager: Shutting down and abandoning module HTTP (112)
[2015.05.10-04.18.33:982][137]LogModuleManager: Shutting down and abandoning module AnalyticsET (111)
[2015.05.10-04.18.33:982][137]LogModuleManager: Shutting down and abandoning module Analytics (110)
[2015.05.10-04.18.33:982][137]LogModuleManager: Shutting down and abandoning module AITestSuite (109)
[2015.05.10-04.18.34:011][137]LogModuleManager: Shutting down and abandoning module GameplayDebugger (108)
[2015.05.10-04.18.34:039][137]LogModuleManager: Shutting down and abandoning module AIModule (107)
[2015.05.10-04.18.34:080][137]LogModuleManager: Shutting down and abandoning module ProfilerService (106)
[2015.05.10-04.18.34:303][137]LogModuleManager: Shutting down and abandoning module TaskGraph (105)
[2015.05.10-04.18.34:343][137]LogModuleManager: Shutting down and abandoning module SlateRemote (104)
[2015.05.10-04.18.34:343][137]LogModuleManager: Shutting down and abandoning module ScriptEditorPlugin (103)
[2015.05.10-04.18.34:343][137]LogModuleManager: Shutting down and abandoning module CustomMeshComponent (102)
[2015.05.10-04.18.34:343][137]LogModuleManager: Shutting down and abandoning module CableComponent (101)
[2015.05.10-04.18.34:356][137]LogModuleManager: Shutting down and abandoning module MessagingDebugger (100)
[2015.05.10-04.18.34:392][137]LogModuleManager: Shutting down and abandoning module MediaPlayerEditor (99)
[2015.05.10-04.18.34:420][137]LogModuleManager: Shutting down and abandoning module SpeedTreeImporter (98)
[2015.05.10-04.18.34:420][137]LogModuleManager: Shutting down and abandoning module PluginsEditor (97)
[2015.05.10-04.18.34:431][137]LogModuleManager: Shutting down and abandoning module MainFrame (96)
[2015.05.10-04.18.34:431][137]LogModuleManager: Shutting down and abandoning module EpicSurvey (95)
[2015.05.10-04.18.34:446][137]LogModuleManager: Shutting down and abandoning module DesktopPlatform (94)
[2015.05.10-04.18.34:516][137]LogModuleManager: Shutting down and abandoning module DirectoryWatcher (93)
[2015.05.10-04.18.34:517][137]LogModuleManager: Shutting down and abandoning module HotReload (92)
[2015.05.10-04.18.34:517][137]LogModuleManager: Shutting down and abandoning module VisualStudioSourceCodeAccess (91)
[2015.05.10-04.18.34:517][137]LogModuleManager: Shutting down and abandoning module UObjectPlugin (90)
[2015.05.10-04.18.34:517][137]LogModuleManager: Shutting down and abandoning module SubversionSourceControl (89)
[2015.05.10-04.18.34:559][137]LogModuleManager: Shutting down and abandoning module PerforceSourceControl (88)
[2015.05.10-04.18.34:624][137]LogModuleManager: Shutting down and abandoning module SourceControl (87)
[2015.05.10-04.18.34:649][137]LogModuleManager: Shutting down and abandoning module GitSourceControl (86)
[2015.05.10-04.18.34:721][137]LogModuleManager: Shutting down and abandoning module BlankPlugin (85)
[2015.05.10-04.18.34:721][137]LogModuleManager: Shutting down and abandoning module PaperTiledImporter (84)
[2015.05.10-04.18.34:721][137]LogModuleManager: Shutting down and abandoning module PaperJsonImporter (83)
[2015.05.10-04.18.34:721][137]LogModuleManager: Shutting down and abandoning module ContentBrowser (82)
[2015.05.10-04.18.34:721][137]LogModuleManager: Shutting down and abandoning module Paper2DEditor (81)
[2015.05.10-04.18.34:852][137]LogModuleManager: Shutting down and abandoning module ScriptPlugin (80)
[2015.05.10-04.18.34:877][137]LogModuleManager: Shutting down and abandoning module UdpMessaging (79)
[2015.05.10-04.18.34:979][137]LogModuleManager: Shutting down and abandoning module Paper2D (78)
[2015.05.10-04.18.35:057][137]LogModuleManager: Shutting down and abandoning module WindowsMoviePlayer (77)
[2015.05.10-04.18.35:090][137]LogModuleManager: Shutting down and abandoning module Media (76)
[2015.05.10-04.18.35:090][137]LogModuleManager: Shutting down and abandoning module WmfMedia (75)
[2015.05.10-04.18.35:152][137]LogModuleManager: Shutting down and abandoning module OnlineBlueprintSupport (74)
[2015.05.10-04.18.35:152][137]LogModuleManager: Shutting down and abandoning module PropertyEditor (73)
[2015.05.10-04.18.35:152][137]LogModuleManager: Shutting down and abandoning module BehaviorTreeEditor (72)
[2015.05.10-04.18.35:281][137]LogModuleManager: Shutting down and abandoning module FunctionalTesting (71)
[2015.05.10-04.18.35:313][137]LogModuleManager: Shutting down and abandoning module CollisionAnalyzer (70)
[2015.05.10-04.18.35:431][137]LogModuleManager: Shutting down and abandoning module WorkspaceMenuStructure (69)
[2015.05.10-04.18.35:431][137]LogModuleManager: Shutting down and abandoning module MessageLog (68)
[2015.05.10-04.18.35:431][137]LogModuleManager: Shutting down and abandoning module Sequencer (67)
[2015.05.10-04.18.35:457][137]LogModuleManager: Shutting down and abandoning module AssetTools (66)
[2015.05.10-04.18.35:562][137]LogModuleManager: Shutting down and abandoning module UMGEditor (65)
[2015.05.10-04.18.35:691][137]LogModuleManager: Shutting down and abandoning module UMG (64)
[2015.05.10-04.18.35:719][137]LogModuleManager: Shutting down and abandoning module Slate (63)
[2015.05.10-04.18.35:719][137]LogModuleManager: Shutting down and abandoning module EditorStyle (62)
[2015.05.10-04.18.35:745][137]LogModuleManager: Shutting down and abandoning module SessionServices (61)
[2015.05.10-04.18.35:745][137]LogModuleManager: Shutting down and abandoning module SourceCodeAccess (60)
[2015.05.10-04.18.35:745][137]LogModuleManager: Shutting down and abandoning module HeadMountedDisplay (59)
[2015.05.10-04.18.35:746][137]LogModuleManager: Shutting down and abandoning module XAudio2 (58)
[2015.05.10-04.18.35:746][137]LogModuleManager: Shutting down and abandoning module Networking (56)
[2015.05.10-04.18.35:746][137]LogModuleManager: Shutting down and abandoning module Core (55)
[2015.05.10-04.18.35:746][137]LogModuleManager: Shutting down and abandoning module KismetCompiler (54)
[2015.05.10-04.18.35:746][137]LogModuleManager: Shutting down and abandoning module PhysXFormats (53)
[2015.05.10-04.18.35:746][137]LogModuleManager: Shutting down and abandoning module MeshUtilities (52)
[2015.05.10-04.18.35:788][137]LogModuleManager: Shutting down and abandoning module DerivedDataCache (51)
[2015.05.10-04.18.35:890][137]LogDerivedDataCache: Shutdown
[2015.05.10-04.18.35:890][137]LogModuleManager: Shutting down and abandoning module ShaderFormatOpenGL (50)
[2015.05.10-04.18.35:931][137]LogModuleManager: Shutting down and abandoning module ShaderFormatD3D (49)
[2015.05.10-04.18.35:954][137]LogModuleManager: Shutting down and abandoning module MetalShaderFormat (48)
[2015.05.10-04.18.35:964][137]LogModuleManager: Shutting down and abandoning module TextureFormatUncompressed (47)
[2015.05.10-04.18.35:964][137]LogModuleManager: Shutting down and abandoning module TextureFormatPVR (46)
[2015.05.10-04.18.36:020][137]LogModuleManager: Shutting down and abandoning module TextureFormatIntelISPCTexComp (45)
[2015.05.10-04.18.36:073][137]LogModuleManager: Shutting down and abandoning module TextureFormatDXT (44)
[2015.05.10-04.18.36:083][137]LogModuleManager: Shutting down and abandoning module ImageWrapper (43)
[2015.05.10-04.18.36:083][137]LogModuleManager: Shutting down and abandoning module TextureFormatASTC (42)
[2015.05.10-04.18.36:086][137]LogModuleManager: Shutting down and abandoning module TextureFormatAndroid (41)
[2015.05.10-04.18.36:087][137]LogModuleManager: Shutting down and abandoning module AudioFormatOpus (40)
[2015.05.10-04.18.36:111][137]LogModuleManager: Shutting down and abandoning module AudioFormatOgg (39)
[2015.05.10-04.18.36:111][137]LogModuleManager: Shutting down and abandoning module AudioFormatADPCM (38)
[2015.05.10-04.18.36:111][137]LogModuleManager: Shutting down and abandoning module LinuxTargetPlatform (37)
[2015.05.10-04.18.36:111][137]LogModuleManager: Shutting down and abandoning module LinuxServerTargetPlatform (36)
[2015.05.10-04.18.36:163][137]LogModuleManager: Shutting down and abandoning module LinuxNoEditorTargetPlatform (35)
[2015.05.10-04.18.36:167][137]LogModuleManager: Shutting down and abandoning module Messaging (34)
[2015.05.10-04.18.36:167][137]LogModuleManager: Shutting down and abandoning module IOSTargetPlatform (33)
[2015.05.10-04.18.36:167][137]LogModuleManager: Shutting down and abandoning module HTML5TargetPlatform (32)
[2015.05.10-04.18.36:167][137]LogModuleManager: Shutting down and abandoning module Android_PVRTCTargetPlatform (31)
[2015.05.10-04.18.36:167][137]LogModuleManager: Shutting down and abandoning module Android_ETC2TargetPlatform (30)
[2015.05.10-04.18.36:167][137]LogModuleManager: Shutting down and abandoning module Android_ETC1TargetPlatform (29)
[2015.05.10-04.18.36:167][137]LogModuleManager: Shutting down and abandoning module Android_ES31TargetPlatform (28)
[2015.05.10-04.18.36:167][137]LogModuleManager: Shutting down and abandoning module Android_DXTTargetPlatform (27)
[2015.05.10-04.18.36:167][137]LogModuleManager: Shutting down and abandoning module Android_ATCTargetPlatform (26)
[2015.05.10-04.18.36:167][137]LogModuleManager: Shutting down and abandoning module AndroidTargetPlatform (25)
[2015.05.10-04.18.36:167][137]LogModuleManager: Shutting down and abandoning module WindowsTargetPlatform (24)
[2015.05.10-04.18.36:168][137]LogModuleManager: Shutting down and abandoning module WindowsServerTargetPlatform (23)
[2015.05.10-04.18.36:168][137]LogModuleManager: Shutting down and abandoning module WindowsNoEditorTargetPlatform (22)
[2015.05.10-04.18.36:168][137]LogModuleManager: Shutting down and abandoning module WindowsClientTargetPlatform (21)
[2015.05.10-04.18.36:168][137]LogModuleManager: Shutting down and abandoning module TargetPlatform (20)
[2015.05.10-04.18.36:168][137]LogModuleManager: Shutting down and abandoning module InputCore (19)
[2015.05.10-04.18.36:168][137]LogModuleManager: Shutting down and abandoning module Settings (18)
[2015.05.10-04.18.36:168][137]LogModuleManager: Shutting down and abandoning module OnlineSubsystem (16)
[2015.05.10-04.18.36:168][137]LogModuleManager: Shutting down and abandoning module OculusRift (15)
[2015.05.10-04.18.36:168][137]LogModuleManager: Shutting down and abandoning module ExampleDeviceProfileSelector (14)
[2015.05.10-04.18.36:168][137]LogModuleManager: Shutting down and abandoning module TextureCompressor (13)
[2015.05.10-04.18.36:194][137]LogModuleManager: Shutting down and abandoning module ShaderCore (12)
[2015.05.10-04.18.36:194][137]LogModuleManager: Shutting down and abandoning module Landscape (11)
[2015.05.10-04.18.36:194][137]LogModuleManager: Shutting down and abandoning module SlateRHIRenderer (10)
[2015.05.10-04.18.36:293][137]LogModuleManager: Shutting down and abandoning module OpenGLDrv (9)
[2015.05.10-04.18.36:293][137]LogModuleManager: Shutting down and abandoning module D3D11RHI (8)
[2015.05.10-04.18.36:293][137]LogModuleManager: Shutting down and abandoning module Renderer (7)
[2015.05.10-04.18.36:293][137]LogModuleManager: Shutting down and abandoning module Engine (6)
[2015.05.10-04.18.36:293][137]LogModuleManager: Shutting down and abandoning module CoreUObject (5)
[2015.05.10-04.18.36:293][137]LogModuleManager: Shutting down and abandoning module NetworkFile (4)
[2015.05.10-04.18.36:328][137]LogModuleManager: Shutting down and abandoning module StreamingFile (3)
[2015.05.10-04.18.36:343][137]LogModuleManager: Shutting down and abandoning module SandboxFile (2)
[2015.05.10-04.18.36:368][137]LogModuleManager: Shutting down and abandoning module PakFile (1)
[2015.05.10-04.18.36:424][137]LogExit: Exiting.
[2015.05.10-04.18.36:430][137]Log file closed, 05/10/15 14:18:36
